[2021-05-19 11:26:45] local.ERROR: ErrorException: Use of undefined constant MCRYPT_RIJNDAEL_128 - assumed 'MCRYPT_RIJNDAEL_128' (this will throw an Error in a future version of PHP) in /var/www/html/cemcoErp/vendor/laravel/framework/src/Illuminate/Encryption/EncryptionServiceProvider.php:16
Stack trace:
#0 /var/www/html/cemcoErp/vendor/laravel/framework/src/Illuminate/Encryption/EncryptionServiceProvider.php(16): Illuminate\Foundation\Bootstrap\HandleExceptions->handleError()
#1 /var/www/html/cemcoErp/vendor/laravel/framework/src/Illuminate/Container/Container.php(776): Illuminate\Encryption\EncryptionServiceProvider->Illuminate\Encryption\{closure}()
#2 /var/www/html/cemcoErp/vendor/laravel/framework/src/Illuminate/Container/Container.php(659): Illuminate\Container\Container->build()
#3 /var/www/html/cemcoErp/vendor/laravel/framework/src/Illuminate/Foundation/Application.php(644): Illuminate\Container\Container->make()
#4 /var/www/html/cemcoErp/vendor/laravel/framework/src/Illuminate/Container/Container.php(890): Illuminate\Foundation\Application->make()
#5 /var/www/html/cemcoErp/vendor/laravel/framework/src/Illuminate/Container/Container.php(851): Illuminate\Container\Container->resolveClass()
#6 /var/www/html/cemcoErp/vendor/laravel/framework/src/Illuminate/Container/Container.php(815): Illuminate\Container\Container->getDependencies()
#7 /var/www/html/cemcoErp/vendor/laravel/framework/src/Illuminate/Container/Container.php(659): Illuminate\Container\Container->build()
#8 /var/www/html/cemcoErp/vendor/laravel/framework/src/Illuminate/Foundation/Application.php(644): Illuminate\Container\Container->make()
#9 /var/www/html/cemcoErp/vendor/laravel/framework/src/Illuminate/Pipeline/Pipeline.php(124): Illuminate\Foundation\Application->make()
#10 /var/www/html/cemcoErp/vendor/laravel/framework/src/Illuminate/Foundation/Http/Middleware/CheckForMaintenanceMode.php(42): Illuminate\Pipeline\Pipeline->Illuminate\Pipeline\{closure}()
#11 /var/www/html/cemcoErp/vendor/laravel/framework/src/Illuminate/Pipeline/Pipeline.php(125): Illuminate\Foundation\Http\Middleware\CheckForMaintenanceMode->handle()
#12 [internal function]: Illuminate\Pipeline\Pipeline->Illuminate\Pipeline\{closure}()
#13 /var/www/html/cemcoErp/vendor/laravel/framework/src/Illuminate/Pipeline/Pipeline.php(100): call_user_func()
#14 /var/www/html/cemcoErp/vendor/laravel/framework/src/Illuminate/Foundation/Http/Kernel.php(115): Illuminate\Pipeline\Pipeline->then()
#15 /var/www/html/cemcoErp/vendor/laravel/framework/src/Illuminate/Foundation/Http/Kernel.php(84): Illuminate\Foundation\Http\Kernel->sendRequestThroughRouter()
#16 /var/www/html/cemcoErp/public/index.php(52): Illuminate\Foundation\Http\Kernel->handle()
#17 {main}  
[2021-05-19 11:26:45] local.ERROR: ErrorException: Use of undefined constant MCRYPT_RIJNDAEL_128 - assumed 'MCRYPT_RIJNDAEL_128' (this will throw an Error in a future version of PHP) in /var/www/html/cemcoErp/vendor/laravel/framework/src/Illuminate/Encryption/EncryptionServiceProvider.php:16
Stack trace:
#0 /var/www/html/cemcoErp/vendor/laravel/framework/src/Illuminate/Encryption/EncryptionServiceProvider.php(16): Illuminate\Foundation\Bootstrap\HandleExceptions->handleError()
#1 /var/www/html/cemcoErp/vendor/laravel/framework/src/Illuminate/Container/Container.php(776): Illuminate\Encryption\EncryptionServiceProvider->Illuminate\Encryption\{closure}()
#2 /var/www/html/cemcoErp/vendor/laravel/framework/src/Illuminate/Container/Container.php(659): Illuminate\Container\Container->build()
#3 /var/www/html/cemcoErp/vendor/laravel/framework/src/Illuminate/Foundation/Application.php(644): Illuminate\Container\Container->make()
#4 /var/www/html/cemcoErp/vendor/laravel/framework/src/Illuminate/Container/Container.php(890): Illuminate\Foundation\Application->make()
#5 /var/www/html/cemcoErp/vendor/laravel/framework/src/Illuminate/Container/Container.php(851): Illuminate\Container\Container->resolveClass()
#6 /var/www/html/cemcoErp/vendor/laravel/framework/src/Illuminate/Container/Container.php(815): Illuminate\Container\Container->getDependencies()
#7 /var/www/html/cemcoErp/vendor/laravel/framework/src/Illuminate/Container/Container.php(659): Illuminate\Container\Container->build()
#8 /var/www/html/cemcoErp/vendor/laravel/framework/src/Illuminate/Foundation/Application.php(644): Illuminate\Container\Container->make()
#9 /var/www/html/cemcoErp/vendor/laravel/framework/src/Illuminate/Foundation/Http/Kernel.php(131): Illuminate\Foundation\Application->make()
#10 /var/www/html/cemcoErp/public/index.php(57): Illuminate\Foundation\Http\Kernel->terminate()
#11 {main}  
