[2020-04-11 03:03:33] local.ERROR: ErrorException: Function mcrypt_get_iv_size() is deprecated in /var/www/html/cemcoErp/vendor/compiled.php:12241
Stack trace:
#0 /var/www/html/cemcoErp/vendor/compiled.php(12241): Illuminate\Foundation\Bootstrap\HandleExceptions->handleError(8192, 'Function mcrypt...', '/var/www/html/c...', 12241, Array)
#1 /var/www/html/cemcoErp/vendor/compiled.php(12232): Illuminate\Encryption\Encrypter->updateBlockSize()
#2 /var/www/html/cemcoErp/vendor/compiled.php(6796): Illuminate\Encryption\Encrypter->setCipher('rijndael-128')
#3 /var/www/html/cemcoErp/vendor/compiled.php(1066): Illuminate\Encryption\EncryptionServiceProvider->Illuminate\Encryption\{closure}(Object(Illuminate\Foundation\Application), Array)
#4 /var/www/html/cemcoErp/vendor/compiled.php(1019): Illuminate\Container\Container->build(Object(Closure), Array)
#5 /var/www/html/cemcoErp/vendor/compiled.php(1543): Illuminate\Container\Container->make('encrypter', Array)
#6 /var/www/html/cemcoErp/vendor/compiled.php(1111): Illuminate\Foundation\Application->make('encrypter')
#7 /var/www/html/cemcoErp/vendor/compiled.php(1095): Illuminate\Container\Container->resolveClass(Object(ReflectionParameter))
#8 /var/www/html/cemcoErp/vendor/compiled.php(1081): Illuminate\Container\Container->getDependencies(Array, Array)
#9 /var/www/html/cemcoErp/vendor/compiled.php(1019): Illuminate\Container\Container->build('Illuminate\\Cook...', Array)
#10 /var/www/html/cemcoErp/vendor/compiled.php(1543): Illuminate\Container\Container->make('Illuminate\\Cook...', Array)
#11 /var/www/html/cemcoErp/vendor/compiled.php(9236): Illuminate\Foundation\Application->make('Illuminate\\Cook...')
#12 /var/www/html/cemcoErp/vendor/compiled.php(2589): Illuminate\Pipeline\Pipeline->Illuminate\Pipeline\{closure}(Object(Illuminate\Http\Request))
#13 /var/www/html/cemcoErp/vendor/compiled.php(9236): Illuminate\Foundation\Http\Middleware\CheckForMaintenanceMode->handle(Object(Illuminate\Http\Request), Object(Closure))
#14 [internal function]: Illuminate\Pipeline\Pipeline->Illuminate\Pipeline\{closure}(Object(Illuminate\Http\Request))
#15 /var/www/html/cemcoErp/vendor/compiled.php(9227): call_user_func(Object(Closure), Object(Illuminate\Http\Request))
#16 /var/www/html/cemcoErp/vendor/compiled.php(1996): Illuminate\Pipeline\Pipeline->then(Object(Closure))
#17 /var/www/html/cemcoErp/vendor/compiled.php(1983): Illuminate\Foundation\Http\Kernel->sendRequestThroughRouter(Object(Illuminate\Http\Request))
#18 /var/www/html/cemcoErp/public/index.php(52): Illuminate\Foundation\Http\Kernel->handle(Object(Illuminate\Http\Request))
#19 /var/www/html/cemcoErp/server.php(21): require_once('/var/www/html/c...')
#20 {main}  
[2020-04-11 03:03:33] local.ERROR: ErrorException: Function mcrypt_get_iv_size() is deprecated in /var/www/html/cemcoErp/vendor/compiled.php:12241
Stack trace:
#0 /var/www/html/cemcoErp/vendor/compiled.php(12241): Illuminate\Foundation\Bootstrap\HandleExceptions->handleError(8192, 'Function mcrypt...', '/var/www/html/c...', 12241, Array)
#1 /var/www/html/cemcoErp/vendor/compiled.php(12232): Illuminate\Encryption\Encrypter->updateBlockSize()
#2 /var/www/html/cemcoErp/vendor/compiled.php(6796): Illuminate\Encryption\Encrypter->setCipher('rijndael-128')
#3 /var/www/html/cemcoErp/vendor/compiled.php(1066): Illuminate\Encryption\EncryptionServiceProvider->Illuminate\Encryption\{closure}(Object(Illuminate\Foundation\Application), Array)
#4 /var/www/html/cemcoErp/vendor/compiled.php(1019): Illuminate\Container\Container->build(Object(Closure), Array)
#5 /var/www/html/cemcoErp/vendor/compiled.php(1543): Illuminate\Container\Container->make('encrypter', Array)
#6 /var/www/html/cemcoErp/vendor/compiled.php(1111): Illuminate\Foundation\Application->make('encrypter')
#7 /var/www/html/cemcoErp/vendor/compiled.php(1095): Illuminate\Container\Container->resolveClass(Object(ReflectionParameter))
#8 /var/www/html/cemcoErp/vendor/compiled.php(1081): Illuminate\Container\Container->getDependencies(Array, Array)
#9 /var/www/html/cemcoErp/vendor/compiled.php(1019): Illuminate\Container\Container->build('Illuminate\\Cook...', Array)
#10 /var/www/html/cemcoErp/vendor/compiled.php(1543): Illuminate\Container\Container->make('Illuminate\\Cook...', Array)
#11 /var/www/html/cemcoErp/vendor/compiled.php(2002): Illuminate\Foundation\Application->make('Illuminate\\Cook...')
#12 /var/www/html/cemcoErp/public/index.php(57): Illuminate\Foundation\Http\Kernel->terminate(Object(Illuminate\Http\Request), Object(Symfony\Component\HttpFoundation\Response))
#13 /var/www/html/cemcoErp/server.php(21): require_once('/var/www/html/c...')
#14 {main}  
[2020-04-11 03:03:47] local.ERROR: ErrorException: Function mcrypt_get_iv_size() is deprecated in /var/www/html/cemcoErp/vendor/compiled.php:12241
Stack trace:
#0 /var/www/html/cemcoErp/vendor/compiled.php(12241): Illuminate\Foundation\Bootstrap\HandleExceptions->handleError(8192, 'Function mcrypt...', '/var/www/html/c...', 12241, Array)
#1 /var/www/html/cemcoErp/vendor/compiled.php(12232): Illuminate\Encryption\Encrypter->updateBlockSize()
#2 /var/www/html/cemcoErp/vendor/compiled.php(6796): Illuminate\Encryption\Encrypter->setCipher('rijndael-128')
#3 /var/www/html/cemcoErp/vendor/compiled.php(1066): Illuminate\Encryption\EncryptionServiceProvider->Illuminate\Encryption\{closure}(Object(Illuminate\Foundation\Application), Array)
#4 /var/www/html/cemcoErp/vendor/compiled.php(1019): Illuminate\Container\Container->build(Object(Closure), Array)
#5 /var/www/html/cemcoErp/vendor/compiled.php(1543): Illuminate\Container\Container->make('encrypter', Array)
#6 /var/www/html/cemcoErp/vendor/compiled.php(1111): Illuminate\Foundation\Application->make('encrypter')
#7 /var/www/html/cemcoErp/vendor/compiled.php(1095): Illuminate\Container\Container->resolveClass(Object(ReflectionParameter))
#8 /var/www/html/cemcoErp/vendor/compiled.php(1081): Illuminate\Container\Container->getDependencies(Array, Array)
#9 /var/www/html/cemcoErp/vendor/compiled.php(1019): Illuminate\Container\Container->build('Illuminate\\Cook...', Array)
#10 /var/www/html/cemcoErp/vendor/compiled.php(1543): Illuminate\Container\Container->make('Illuminate\\Cook...', Array)
#11 /var/www/html/cemcoErp/vendor/compiled.php(9236): Illuminate\Foundation\Application->make('Illuminate\\Cook...')
#12 /var/www/html/cemcoErp/vendor/compiled.php(2589): Illuminate\Pipeline\Pipeline->Illuminate\Pipeline\{closure}(Object(Illuminate\Http\Request))
#13 /var/www/html/cemcoErp/vendor/compiled.php(9236): Illuminate\Foundation\Http\Middleware\CheckForMaintenanceMode->handle(Object(Illuminate\Http\Request), Object(Closure))
#14 [internal function]: Illuminate\Pipeline\Pipeline->Illuminate\Pipeline\{closure}(Object(Illuminate\Http\Request))
#15 /var/www/html/cemcoErp/vendor/compiled.php(9227): call_user_func(Object(Closure), Object(Illuminate\Http\Request))
#16 /var/www/html/cemcoErp/vendor/compiled.php(1996): Illuminate\Pipeline\Pipeline->then(Object(Closure))
#17 /var/www/html/cemcoErp/vendor/compiled.php(1983): Illuminate\Foundation\Http\Kernel->sendRequestThroughRouter(Object(Illuminate\Http\Request))
#18 /var/www/html/cemcoErp/public/index.php(52): Illuminate\Foundation\Http\Kernel->handle(Object(Illuminate\Http\Request))
#19 /var/www/html/cemcoErp/server.php(21): require_once('/var/www/html/c...')
#20 {main}  
[2020-04-11 03:03:47] local.ERROR: ErrorException: Function mcrypt_get_iv_size() is deprecated in /var/www/html/cemcoErp/vendor/compiled.php:12241
Stack trace:
#0 /var/www/html/cemcoErp/vendor/compiled.php(12241): Illuminate\Foundation\Bootstrap\HandleExceptions->handleError(8192, 'Function mcrypt...', '/var/www/html/c...', 12241, Array)
#1 /var/www/html/cemcoErp/vendor/compiled.php(12232): Illuminate\Encryption\Encrypter->updateBlockSize()
#2 /var/www/html/cemcoErp/vendor/compiled.php(6796): Illuminate\Encryption\Encrypter->setCipher('rijndael-128')
#3 /var/www/html/cemcoErp/vendor/compiled.php(1066): Illuminate\Encryption\EncryptionServiceProvider->Illuminate\Encryption\{closure}(Object(Illuminate\Foundation\Application), Array)
#4 /var/www/html/cemcoErp/vendor/compiled.php(1019): Illuminate\Container\Container->build(Object(Closure), Array)
#5 /var/www/html/cemcoErp/vendor/compiled.php(1543): Illuminate\Container\Container->make('encrypter', Array)
#6 /var/www/html/cemcoErp/vendor/compiled.php(1111): Illuminate\Foundation\Application->make('encrypter')
#7 /var/www/html/cemcoErp/vendor/compiled.php(1095): Illuminate\Container\Container->resolveClass(Object(ReflectionParameter))
#8 /var/www/html/cemcoErp/vendor/compiled.php(1081): Illuminate\Container\Container->getDependencies(Array, Array)
#9 /var/www/html/cemcoErp/vendor/compiled.php(1019): Illuminate\Container\Container->build('Illuminate\\Cook...', Array)
#10 /var/www/html/cemcoErp/vendor/compiled.php(1543): Illuminate\Container\Container->make('Illuminate\\Cook...', Array)
#11 /var/www/html/cemcoErp/vendor/compiled.php(2002): Illuminate\Foundation\Application->make('Illuminate\\Cook...')
#12 /var/www/html/cemcoErp/public/index.php(57): Illuminate\Foundation\Http\Kernel->terminate(Object(Illuminate\Http\Request), Object(Symfony\Component\HttpFoundation\Response))
#13 /var/www/html/cemcoErp/server.php(21): require_once('/var/www/html/c...')
#14 {main}  
[2020-04-11 03:05:40] local.ERROR: ErrorException: Function mcrypt_get_iv_size() is deprecated in /var/www/html/cemcoErp/vendor/compiled.php:12241
Stack trace:
#0 /var/www/html/cemcoErp/vendor/compiled.php(12241): Illuminate\Foundation\Bootstrap\HandleExceptions->handleError(8192, 'Function mcrypt...', '/var/www/html/c...', 12241, Array)
#1 /var/www/html/cemcoErp/vendor/compiled.php(12232): Illuminate\Encryption\Encrypter->updateBlockSize()
#2 /var/www/html/cemcoErp/vendor/compiled.php(6796): Illuminate\Encryption\Encrypter->setCipher('rijndael-128')
#3 /var/www/html/cemcoErp/vendor/compiled.php(1066): Illuminate\Encryption\EncryptionServiceProvider->Illuminate\Encryption\{closure}(Object(Illuminate\Foundation\Application), Array)
#4 /var/www/html/cemcoErp/vendor/compiled.php(1019): Illuminate\Container\Container->build(Object(Closure), Array)
#5 /var/www/html/cemcoErp/vendor/compiled.php(1543): Illuminate\Container\Container->make('encrypter', Array)
#6 /var/www/html/cemcoErp/vendor/compiled.php(1111): Illuminate\Foundation\Application->make('encrypter')
#7 /var/www/html/cemcoErp/vendor/compiled.php(1095): Illuminate\Container\Container->resolveClass(Object(ReflectionParameter))
#8 /var/www/html/cemcoErp/vendor/compiled.php(1081): Illuminate\Container\Container->getDependencies(Array, Array)
#9 /var/www/html/cemcoErp/vendor/compiled.php(1019): Illuminate\Container\Container->build('Illuminate\\Cook...', Array)
#10 /var/www/html/cemcoErp/vendor/compiled.php(1543): Illuminate\Container\Container->make('Illuminate\\Cook...', Array)
#11 /var/www/html/cemcoErp/vendor/compiled.php(9236): Illuminate\Foundation\Application->make('Illuminate\\Cook...')
#12 /var/www/html/cemcoErp/vendor/compiled.php(2589): Illuminate\Pipeline\Pipeline->Illuminate\Pipeline\{closure}(Object(Illuminate\Http\Request))
#13 /var/www/html/cemcoErp/vendor/compiled.php(9236): Illuminate\Foundation\Http\Middleware\CheckForMaintenanceMode->handle(Object(Illuminate\Http\Request), Object(Closure))
#14 [internal function]: Illuminate\Pipeline\Pipeline->Illuminate\Pipeline\{closure}(Object(Illuminate\Http\Request))
#15 /var/www/html/cemcoErp/vendor/compiled.php(9227): call_user_func(Object(Closure), Object(Illuminate\Http\Request))
#16 /var/www/html/cemcoErp/vendor/compiled.php(1996): Illuminate\Pipeline\Pipeline->then(Object(Closure))
#17 /var/www/html/cemcoErp/vendor/compiled.php(1983): Illuminate\Foundation\Http\Kernel->sendRequestThroughRouter(Object(Illuminate\Http\Request))
#18 /var/www/html/cemcoErp/public/index.php(52): Illuminate\Foundation\Http\Kernel->handle(Object(Illuminate\Http\Request))
#19 /var/www/html/cemcoErp/server.php(21): require_once('/var/www/html/c...')
#20 {main}  
[2020-04-11 03:05:40] local.ERROR: ErrorException: Function mcrypt_get_iv_size() is deprecated in /var/www/html/cemcoErp/vendor/compiled.php:12241
Stack trace:
#0 /var/www/html/cemcoErp/vendor/compiled.php(12241): Illuminate\Foundation\Bootstrap\HandleExceptions->handleError(8192, 'Function mcrypt...', '/var/www/html/c...', 12241, Array)
#1 /var/www/html/cemcoErp/vendor/compiled.php(12232): Illuminate\Encryption\Encrypter->updateBlockSize()
#2 /var/www/html/cemcoErp/vendor/compiled.php(6796): Illuminate\Encryption\Encrypter->setCipher('rijndael-128')
#3 /var/www/html/cemcoErp/vendor/compiled.php(1066): Illuminate\Encryption\EncryptionServiceProvider->Illuminate\Encryption\{closure}(Object(Illuminate\Foundation\Application), Array)
#4 /var/www/html/cemcoErp/vendor/compiled.php(1019): Illuminate\Container\Container->build(Object(Closure), Array)
#5 /var/www/html/cemcoErp/vendor/compiled.php(1543): Illuminate\Container\Container->make('encrypter', Array)
#6 /var/www/html/cemcoErp/vendor/compiled.php(1111): Illuminate\Foundation\Application->make('encrypter')
#7 /var/www/html/cemcoErp/vendor/compiled.php(1095): Illuminate\Container\Container->resolveClass(Object(ReflectionParameter))
#8 /var/www/html/cemcoErp/vendor/compiled.php(1081): Illuminate\Container\Container->getDependencies(Array, Array)
#9 /var/www/html/cemcoErp/vendor/compiled.php(1019): Illuminate\Container\Container->build('Illuminate\\Cook...', Array)
#10 /var/www/html/cemcoErp/vendor/compiled.php(1543): Illuminate\Container\Container->make('Illuminate\\Cook...', Array)
#11 /var/www/html/cemcoErp/vendor/compiled.php(2002): Illuminate\Foundation\Application->make('Illuminate\\Cook...')
#12 /var/www/html/cemcoErp/public/index.php(57): Illuminate\Foundation\Http\Kernel->terminate(Object(Illuminate\Http\Request), Object(Symfony\Component\HttpFoundation\Response))
#13 /var/www/html/cemcoErp/server.php(21): require_once('/var/www/html/c...')
#14 {main}  
[2020-04-11 03:05:41] local.ERROR: ErrorException: Function mcrypt_get_iv_size() is deprecated in /var/www/html/cemcoErp/vendor/compiled.php:12241
Stack trace:
#0 /var/www/html/cemcoErp/vendor/compiled.php(12241): Illuminate\Foundation\Bootstrap\HandleExceptions->handleError(8192, 'Function mcrypt...', '/var/www/html/c...', 12241, Array)
#1 /var/www/html/cemcoErp/vendor/compiled.php(12232): Illuminate\Encryption\Encrypter->updateBlockSize()
#2 /var/www/html/cemcoErp/vendor/compiled.php(6796): Illuminate\Encryption\Encrypter->setCipher('rijndael-128')
#3 /var/www/html/cemcoErp/vendor/compiled.php(1066): Illuminate\Encryption\EncryptionServiceProvider->Illuminate\Encryption\{closure}(Object(Illuminate\Foundation\Application), Array)
#4 /var/www/html/cemcoErp/vendor/compiled.php(1019): Illuminate\Container\Container->build(Object(Closure), Array)
#5 /var/www/html/cemcoErp/vendor/compiled.php(1543): Illuminate\Container\Container->make('encrypter', Array)
#6 /var/www/html/cemcoErp/vendor/compiled.php(1111): Illuminate\Foundation\Application->make('encrypter')
#7 /var/www/html/cemcoErp/vendor/compiled.php(1095): Illuminate\Container\Container->resolveClass(Object(ReflectionParameter))
#8 /var/www/html/cemcoErp/vendor/compiled.php(1081): Illuminate\Container\Container->getDependencies(Array, Array)
#9 /var/www/html/cemcoErp/vendor/compiled.php(1019): Illuminate\Container\Container->build('Illuminate\\Cook...', Array)
#10 /var/www/html/cemcoErp/vendor/compiled.php(1543): Illuminate\Container\Container->make('Illuminate\\Cook...', Array)
#11 /var/www/html/cemcoErp/vendor/compiled.php(9236): Illuminate\Foundation\Application->make('Illuminate\\Cook...')
#12 /var/www/html/cemcoErp/vendor/compiled.php(2589): Illuminate\Pipeline\Pipeline->Illuminate\Pipeline\{closure}(Object(Illuminate\Http\Request))
#13 /var/www/html/cemcoErp/vendor/compiled.php(9236): Illuminate\Foundation\Http\Middleware\CheckForMaintenanceMode->handle(Object(Illuminate\Http\Request), Object(Closure))
#14 [internal function]: Illuminate\Pipeline\Pipeline->Illuminate\Pipeline\{closure}(Object(Illuminate\Http\Request))
#15 /var/www/html/cemcoErp/vendor/compiled.php(9227): call_user_func(Object(Closure), Object(Illuminate\Http\Request))
#16 /var/www/html/cemcoErp/vendor/compiled.php(1996): Illuminate\Pipeline\Pipeline->then(Object(Closure))
#17 /var/www/html/cemcoErp/vendor/compiled.php(1983): Illuminate\Foundation\Http\Kernel->sendRequestThroughRouter(Object(Illuminate\Http\Request))
#18 /var/www/html/cemcoErp/public/index.php(52): Illuminate\Foundation\Http\Kernel->handle(Object(Illuminate\Http\Request))
#19 /var/www/html/cemcoErp/server.php(21): require_once('/var/www/html/c...')
#20 {main}  
[2020-04-11 03:05:41] local.ERROR: ErrorException: Function mcrypt_get_iv_size() is deprecated in /var/www/html/cemcoErp/vendor/compiled.php:12241
Stack trace:
#0 /var/www/html/cemcoErp/vendor/compiled.php(12241): Illuminate\Foundation\Bootstrap\HandleExceptions->handleError(8192, 'Function mcrypt...', '/var/www/html/c...', 12241, Array)
#1 /var/www/html/cemcoErp/vendor/compiled.php(12232): Illuminate\Encryption\Encrypter->updateBlockSize()
#2 /var/www/html/cemcoErp/vendor/compiled.php(6796): Illuminate\Encryption\Encrypter->setCipher('rijndael-128')
#3 /var/www/html/cemcoErp/vendor/compiled.php(1066): Illuminate\Encryption\EncryptionServiceProvider->Illuminate\Encryption\{closure}(Object(Illuminate\Foundation\Application), Array)
#4 /var/www/html/cemcoErp/vendor/compiled.php(1019): Illuminate\Container\Container->build(Object(Closure), Array)
#5 /var/www/html/cemcoErp/vendor/compiled.php(1543): Illuminate\Container\Container->make('encrypter', Array)
#6 /var/www/html/cemcoErp/vendor/compiled.php(1111): Illuminate\Foundation\Application->make('encrypter')
#7 /var/www/html/cemcoErp/vendor/compiled.php(1095): Illuminate\Container\Container->resolveClass(Object(ReflectionParameter))
#8 /var/www/html/cemcoErp/vendor/compiled.php(1081): Illuminate\Container\Container->getDependencies(Array, Array)
#9 /var/www/html/cemcoErp/vendor/compiled.php(1019): Illuminate\Container\Container->build('Illuminate\\Cook...', Array)
#10 /var/www/html/cemcoErp/vendor/compiled.php(1543): Illuminate\Container\Container->make('Illuminate\\Cook...', Array)
#11 /var/www/html/cemcoErp/vendor/compiled.php(2002): Illuminate\Foundation\Application->make('Illuminate\\Cook...')
#12 /var/www/html/cemcoErp/public/index.php(57): Illuminate\Foundation\Http\Kernel->terminate(Object(Illuminate\Http\Request), Object(Symfony\Component\HttpFoundation\Response))
#13 /var/www/html/cemcoErp/server.php(21): require_once('/var/www/html/c...')
#14 {main}  
[2020-04-11 03:05:42] local.ERROR: ErrorException: Function mcrypt_get_iv_size() is deprecated in /var/www/html/cemcoErp/vendor/compiled.php:12241
Stack trace:
#0 /var/www/html/cemcoErp/vendor/compiled.php(12241): Illuminate\Foundation\Bootstrap\HandleExceptions->handleError(8192, 'Function mcrypt...', '/var/www/html/c...', 12241, Array)
#1 /var/www/html/cemcoErp/vendor/compiled.php(12232): Illuminate\Encryption\Encrypter->updateBlockSize()
#2 /var/www/html/cemcoErp/vendor/compiled.php(6796): Illuminate\Encryption\Encrypter->setCipher('rijndael-128')
#3 /var/www/html/cemcoErp/vendor/compiled.php(1066): Illuminate\Encryption\EncryptionServiceProvider->Illuminate\Encryption\{closure}(Object(Illuminate\Foundation\Application), Array)
#4 /var/www/html/cemcoErp/vendor/compiled.php(1019): Illuminate\Container\Container->build(Object(Closure), Array)
#5 /var/www/html/cemcoErp/vendor/compiled.php(1543): Illuminate\Container\Container->make('encrypter', Array)
#6 /var/www/html/cemcoErp/vendor/compiled.php(1111): Illuminate\Foundation\Application->make('encrypter')
#7 /var/www/html/cemcoErp/vendor/compiled.php(1095): Illuminate\Container\Container->resolveClass(Object(ReflectionParameter))
#8 /var/www/html/cemcoErp/vendor/compiled.php(1081): Illuminate\Container\Container->getDependencies(Array, Array)
#9 /var/www/html/cemcoErp/vendor/compiled.php(1019): Illuminate\Container\Container->build('Illuminate\\Cook...', Array)
#10 /var/www/html/cemcoErp/vendor/compiled.php(1543): Illuminate\Container\Container->make('Illuminate\\Cook...', Array)
#11 /var/www/html/cemcoErp/vendor/compiled.php(9236): Illuminate\Foundation\Application->make('Illuminate\\Cook...')
#12 /var/www/html/cemcoErp/vendor/compiled.php(2589): Illuminate\Pipeline\Pipeline->Illuminate\Pipeline\{closure}(Object(Illuminate\Http\Request))
#13 /var/www/html/cemcoErp/vendor/compiled.php(9236): Illuminate\Foundation\Http\Middleware\CheckForMaintenanceMode->handle(Object(Illuminate\Http\Request), Object(Closure))
#14 [internal function]: Illuminate\Pipeline\Pipeline->Illuminate\Pipeline\{closure}(Object(Illuminate\Http\Request))
#15 /var/www/html/cemcoErp/vendor/compiled.php(9227): call_user_func(Object(Closure), Object(Illuminate\Http\Request))
#16 /var/www/html/cemcoErp/vendor/compiled.php(1996): Illuminate\Pipeline\Pipeline->then(Object(Closure))
#17 /var/www/html/cemcoErp/vendor/compiled.php(1983): Illuminate\Foundation\Http\Kernel->sendRequestThroughRouter(Object(Illuminate\Http\Request))
#18 /var/www/html/cemcoErp/public/index.php(52): Illuminate\Foundation\Http\Kernel->handle(Object(Illuminate\Http\Request))
#19 /var/www/html/cemcoErp/server.php(21): require_once('/var/www/html/c...')
#20 {main}  
[2020-04-11 03:05:42] local.ERROR: ErrorException: Function mcrypt_get_iv_size() is deprecated in /var/www/html/cemcoErp/vendor/compiled.php:12241
Stack trace:
#0 /var/www/html/cemcoErp/vendor/compiled.php(12241): Illuminate\Foundation\Bootstrap\HandleExceptions->handleError(8192, 'Function mcrypt...', '/var/www/html/c...', 12241, Array)
#1 /var/www/html/cemcoErp/vendor/compiled.php(12232): Illuminate\Encryption\Encrypter->updateBlockSize()
#2 /var/www/html/cemcoErp/vendor/compiled.php(6796): Illuminate\Encryption\Encrypter->setCipher('rijndael-128')
#3 /var/www/html/cemcoErp/vendor/compiled.php(1066): Illuminate\Encryption\EncryptionServiceProvider->Illuminate\Encryption\{closure}(Object(Illuminate\Foundation\Application), Array)
#4 /var/www/html/cemcoErp/vendor/compiled.php(1019): Illuminate\Container\Container->build(Object(Closure), Array)
#5 /var/www/html/cemcoErp/vendor/compiled.php(1543): Illuminate\Container\Container->make('encrypter', Array)
#6 /var/www/html/cemcoErp/vendor/compiled.php(1111): Illuminate\Foundation\Application->make('encrypter')
#7 /var/www/html/cemcoErp/vendor/compiled.php(1095): Illuminate\Container\Container->resolveClass(Object(ReflectionParameter))
#8 /var/www/html/cemcoErp/vendor/compiled.php(1081): Illuminate\Container\Container->getDependencies(Array, Array)
#9 /var/www/html/cemcoErp/vendor/compiled.php(1019): Illuminate\Container\Container->build('Illuminate\\Cook...', Array)
#10 /var/www/html/cemcoErp/vendor/compiled.php(1543): Illuminate\Container\Container->make('Illuminate\\Cook...', Array)
#11 /var/www/html/cemcoErp/vendor/compiled.php(2002): Illuminate\Foundation\Application->make('Illuminate\\Cook...')
#12 /var/www/html/cemcoErp/public/index.php(57): Illuminate\Foundation\Http\Kernel->terminate(Object(Illuminate\Http\Request), Object(Symfony\Component\HttpFoundation\Response))
#13 /var/www/html/cemcoErp/server.php(21): require_once('/var/www/html/c...')
#14 {main}  
[2020-04-11 03:05:45] local.ERROR: ErrorException: Function mcrypt_get_iv_size() is deprecated in /var/www/html/cemcoErp/vendor/compiled.php:12241
Stack trace:
#0 /var/www/html/cemcoErp/vendor/compiled.php(12241): Illuminate\Foundation\Bootstrap\HandleExceptions->handleError(8192, 'Function mcrypt...', '/var/www/html/c...', 12241, Array)
#1 /var/www/html/cemcoErp/vendor/compiled.php(12232): Illuminate\Encryption\Encrypter->updateBlockSize()
#2 /var/www/html/cemcoErp/vendor/compiled.php(6796): Illuminate\Encryption\Encrypter->setCipher('rijndael-128')
#3 /var/www/html/cemcoErp/vendor/compiled.php(1066): Illuminate\Encryption\EncryptionServiceProvider->Illuminate\Encryption\{closure}(Object(Illuminate\Foundation\Application), Array)
#4 /var/www/html/cemcoErp/vendor/compiled.php(1019): Illuminate\Container\Container->build(Object(Closure), Array)
#5 /var/www/html/cemcoErp/vendor/compiled.php(1543): Illuminate\Container\Container->make('encrypter', Array)
#6 /var/www/html/cemcoErp/vendor/compiled.php(1111): Illuminate\Foundation\Application->make('encrypter')
#7 /var/www/html/cemcoErp/vendor/compiled.php(1095): Illuminate\Container\Container->resolveClass(Object(ReflectionParameter))
#8 /var/www/html/cemcoErp/vendor/compiled.php(1081): Illuminate\Container\Container->getDependencies(Array, Array)
#9 /var/www/html/cemcoErp/vendor/compiled.php(1019): Illuminate\Container\Container->build('Illuminate\\Cook...', Array)
#10 /var/www/html/cemcoErp/vendor/compiled.php(1543): Illuminate\Container\Container->make('Illuminate\\Cook...', Array)
#11 /var/www/html/cemcoErp/vendor/compiled.php(9236): Illuminate\Foundation\Application->make('Illuminate\\Cook...')
#12 /var/www/html/cemcoErp/vendor/compiled.php(2589): Illuminate\Pipeline\Pipeline->Illuminate\Pipeline\{closure}(Object(Illuminate\Http\Request))
#13 /var/www/html/cemcoErp/vendor/compiled.php(9236): Illuminate\Foundation\Http\Middleware\CheckForMaintenanceMode->handle(Object(Illuminate\Http\Request), Object(Closure))
#14 [internal function]: Illuminate\Pipeline\Pipeline->Illuminate\Pipeline\{closure}(Object(Illuminate\Http\Request))
#15 /var/www/html/cemcoErp/vendor/compiled.php(9227): call_user_func(Object(Closure), Object(Illuminate\Http\Request))
#16 /var/www/html/cemcoErp/vendor/compiled.php(1996): Illuminate\Pipeline\Pipeline->then(Object(Closure))
#17 /var/www/html/cemcoErp/vendor/compiled.php(1983): Illuminate\Foundation\Http\Kernel->sendRequestThroughRouter(Object(Illuminate\Http\Request))
#18 /var/www/html/cemcoErp/public/index.php(52): Illuminate\Foundation\Http\Kernel->handle(Object(Illuminate\Http\Request))
#19 /var/www/html/cemcoErp/server.php(21): require_once('/var/www/html/c...')
#20 {main}  
[2020-04-11 03:05:45] local.ERROR: ErrorException: Function mcrypt_get_iv_size() is deprecated in /var/www/html/cemcoErp/vendor/compiled.php:12241
Stack trace:
#0 /var/www/html/cemcoErp/vendor/compiled.php(12241): Illuminate\Foundation\Bootstrap\HandleExceptions->handleError(8192, 'Function mcrypt...', '/var/www/html/c...', 12241, Array)
#1 /var/www/html/cemcoErp/vendor/compiled.php(12232): Illuminate\Encryption\Encrypter->updateBlockSize()
#2 /var/www/html/cemcoErp/vendor/compiled.php(6796): Illuminate\Encryption\Encrypter->setCipher('rijndael-128')
#3 /var/www/html/cemcoErp/vendor/compiled.php(1066): Illuminate\Encryption\EncryptionServiceProvider->Illuminate\Encryption\{closure}(Object(Illuminate\Foundation\Application), Array)
#4 /var/www/html/cemcoErp/vendor/compiled.php(1019): Illuminate\Container\Container->build(Object(Closure), Array)
#5 /var/www/html/cemcoErp/vendor/compiled.php(1543): Illuminate\Container\Container->make('encrypter', Array)
#6 /var/www/html/cemcoErp/vendor/compiled.php(1111): Illuminate\Foundation\Application->make('encrypter')
#7 /var/www/html/cemcoErp/vendor/compiled.php(1095): Illuminate\Container\Container->resolveClass(Object(ReflectionParameter))
#8 /var/www/html/cemcoErp/vendor/compiled.php(1081): Illuminate\Container\Container->getDependencies(Array, Array)
#9 /var/www/html/cemcoErp/vendor/compiled.php(1019): Illuminate\Container\Container->build('Illuminate\\Cook...', Array)
#10 /var/www/html/cemcoErp/vendor/compiled.php(1543): Illuminate\Container\Container->make('Illuminate\\Cook...', Array)
#11 /var/www/html/cemcoErp/vendor/compiled.php(2002): Illuminate\Foundation\Application->make('Illuminate\\Cook...')
#12 /var/www/html/cemcoErp/public/index.php(57): Illuminate\Foundation\Http\Kernel->terminate(Object(Illuminate\Http\Request), Object(Symfony\Component\HttpFoundation\Response))
#13 /var/www/html/cemcoErp/server.php(21): require_once('/var/www/html/c...')
#14 {main}  
[2020-04-11 03:06:39] local.ERROR: ErrorException: Function mcrypt_get_iv_size() is deprecated in /var/www/html/cemcoErp/vendor/compiled.php:12241
Stack trace:
#0 /var/www/html/cemcoErp/vendor/compiled.php(12241): Illuminate\Foundation\Bootstrap\HandleExceptions->handleError(8192, 'Function mcrypt...', '/var/www/html/c...', 12241, Array)
#1 /var/www/html/cemcoErp/vendor/compiled.php(12232): Illuminate\Encryption\Encrypter->updateBlockSize()
#2 /var/www/html/cemcoErp/vendor/compiled.php(6796): Illuminate\Encryption\Encrypter->setCipher(-256)
#3 /var/www/html/cemcoErp/vendor/compiled.php(1066): Illuminate\Encryption\EncryptionServiceProvider->Illuminate\Encryption\{closure}(Object(Illuminate\Foundation\Application), Array)
#4 /var/www/html/cemcoErp/vendor/compiled.php(1019): Illuminate\Container\Container->build(Object(Closure), Array)
#5 /var/www/html/cemcoErp/vendor/compiled.php(1543): Illuminate\Container\Container->make('encrypter', Array)
#6 /var/www/html/cemcoErp/vendor/compiled.php(1111): Illuminate\Foundation\Application->make('encrypter')
#7 /var/www/html/cemcoErp/vendor/compiled.php(1095): Illuminate\Container\Container->resolveClass(Object(ReflectionParameter))
#8 /var/www/html/cemcoErp/vendor/compiled.php(1081): Illuminate\Container\Container->getDependencies(Array, Array)
#9 /var/www/html/cemcoErp/vendor/compiled.php(1019): Illuminate\Container\Container->build('Illuminate\\Cook...', Array)
#10 /var/www/html/cemcoErp/vendor/compiled.php(1543): Illuminate\Container\Container->make('Illuminate\\Cook...', Array)
#11 /var/www/html/cemcoErp/vendor/compiled.php(9236): Illuminate\Foundation\Application->make('Illuminate\\Cook...')
#12 /var/www/html/cemcoErp/vendor/compiled.php(2589): Illuminate\Pipeline\Pipeline->Illuminate\Pipeline\{closure}(Object(Illuminate\Http\Request))
#13 /var/www/html/cemcoErp/vendor/compiled.php(9236): Illuminate\Foundation\Http\Middleware\CheckForMaintenanceMode->handle(Object(Illuminate\Http\Request), Object(Closure))
#14 [internal function]: Illuminate\Pipeline\Pipeline->Illuminate\Pipeline\{closure}(Object(Illuminate\Http\Request))
#15 /var/www/html/cemcoErp/vendor/compiled.php(9227): call_user_func(Object(Closure), Object(Illuminate\Http\Request))
#16 /var/www/html/cemcoErp/vendor/compiled.php(1996): Illuminate\Pipeline\Pipeline->then(Object(Closure))
#17 /var/www/html/cemcoErp/vendor/compiled.php(1983): Illuminate\Foundation\Http\Kernel->sendRequestThroughRouter(Object(Illuminate\Http\Request))
#18 /var/www/html/cemcoErp/public/index.php(52): Illuminate\Foundation\Http\Kernel->handle(Object(Illuminate\Http\Request))
#19 /var/www/html/cemcoErp/server.php(21): require_once('/var/www/html/c...')
#20 {main}  
[2020-04-11 03:06:39] local.ERROR: ErrorException: Function mcrypt_get_iv_size() is deprecated in /var/www/html/cemcoErp/vendor/compiled.php:12241
Stack trace:
#0 /var/www/html/cemcoErp/vendor/compiled.php(12241): Illuminate\Foundation\Bootstrap\HandleExceptions->handleError(8192, 'Function mcrypt...', '/var/www/html/c...', 12241, Array)
#1 /var/www/html/cemcoErp/vendor/compiled.php(12232): Illuminate\Encryption\Encrypter->updateBlockSize()
#2 /var/www/html/cemcoErp/vendor/compiled.php(6796): Illuminate\Encryption\Encrypter->setCipher(-256)
#3 /var/www/html/cemcoErp/vendor/compiled.php(1066): Illuminate\Encryption\EncryptionServiceProvider->Illuminate\Encryption\{closure}(Object(Illuminate\Foundation\Application), Array)
#4 /var/www/html/cemcoErp/vendor/compiled.php(1019): Illuminate\Container\Container->build(Object(Closure), Array)
#5 /var/www/html/cemcoErp/vendor/compiled.php(1543): Illuminate\Container\Container->make('encrypter', Array)
#6 /var/www/html/cemcoErp/vendor/compiled.php(1111): Illuminate\Foundation\Application->make('encrypter')
#7 /var/www/html/cemcoErp/vendor/compiled.php(1095): Illuminate\Container\Container->resolveClass(Object(ReflectionParameter))
#8 /var/www/html/cemcoErp/vendor/compiled.php(1081): Illuminate\Container\Container->getDependencies(Array, Array)
#9 /var/www/html/cemcoErp/vendor/compiled.php(1019): Illuminate\Container\Container->build('Illuminate\\Cook...', Array)
#10 /var/www/html/cemcoErp/vendor/compiled.php(1543): Illuminate\Container\Container->make('Illuminate\\Cook...', Array)
#11 /var/www/html/cemcoErp/vendor/compiled.php(2002): Illuminate\Foundation\Application->make('Illuminate\\Cook...')
#12 /var/www/html/cemcoErp/public/index.php(57): Illuminate\Foundation\Http\Kernel->terminate(Object(Illuminate\Http\Request), Object(Symfony\Component\HttpFoundation\Response))
#13 /var/www/html/cemcoErp/server.php(21): require_once('/var/www/html/c...')
#14 {main}  
[2020-04-11 03:06:40] local.ERROR: ErrorException: Function mcrypt_get_iv_size() is deprecated in /var/www/html/cemcoErp/vendor/compiled.php:12241
Stack trace:
#0 /var/www/html/cemcoErp/vendor/compiled.php(12241): Illuminate\Foundation\Bootstrap\HandleExceptions->handleError(8192, 'Function mcrypt...', '/var/www/html/c...', 12241, Array)
#1 /var/www/html/cemcoErp/vendor/compiled.php(12232): Illuminate\Encryption\Encrypter->updateBlockSize()
#2 /var/www/html/cemcoErp/vendor/compiled.php(6796): Illuminate\Encryption\Encrypter->setCipher(-256)
#3 /var/www/html/cemcoErp/vendor/compiled.php(1066): Illuminate\Encryption\EncryptionServiceProvider->Illuminate\Encryption\{closure}(Object(Illuminate\Foundation\Application), Array)
#4 /var/www/html/cemcoErp/vendor/compiled.php(1019): Illuminate\Container\Container->build(Object(Closure), Array)
#5 /var/www/html/cemcoErp/vendor/compiled.php(1543): Illuminate\Container\Container->make('encrypter', Array)
#6 /var/www/html/cemcoErp/vendor/compiled.php(1111): Illuminate\Foundation\Application->make('encrypter')
#7 /var/www/html/cemcoErp/vendor/compiled.php(1095): Illuminate\Container\Container->resolveClass(Object(ReflectionParameter))
#8 /var/www/html/cemcoErp/vendor/compiled.php(1081): Illuminate\Container\Container->getDependencies(Array, Array)
#9 /var/www/html/cemcoErp/vendor/compiled.php(1019): Illuminate\Container\Container->build('Illuminate\\Cook...', Array)
#10 /var/www/html/cemcoErp/vendor/compiled.php(1543): Illuminate\Container\Container->make('Illuminate\\Cook...', Array)
#11 /var/www/html/cemcoErp/vendor/compiled.php(9236): Illuminate\Foundation\Application->make('Illuminate\\Cook...')
#12 /var/www/html/cemcoErp/vendor/compiled.php(2589): Illuminate\Pipeline\Pipeline->Illuminate\Pipeline\{closure}(Object(Illuminate\Http\Request))
#13 /var/www/html/cemcoErp/vendor/compiled.php(9236): Illuminate\Foundation\Http\Middleware\CheckForMaintenanceMode->handle(Object(Illuminate\Http\Request), Object(Closure))
#14 [internal function]: Illuminate\Pipeline\Pipeline->Illuminate\Pipeline\{closure}(Object(Illuminate\Http\Request))
#15 /var/www/html/cemcoErp/vendor/compiled.php(9227): call_user_func(Object(Closure), Object(Illuminate\Http\Request))
#16 /var/www/html/cemcoErp/vendor/compiled.php(1996): Illuminate\Pipeline\Pipeline->then(Object(Closure))
#17 /var/www/html/cemcoErp/vendor/compiled.php(1983): Illuminate\Foundation\Http\Kernel->sendRequestThroughRouter(Object(Illuminate\Http\Request))
#18 /var/www/html/cemcoErp/public/index.php(52): Illuminate\Foundation\Http\Kernel->handle(Object(Illuminate\Http\Request))
#19 /var/www/html/cemcoErp/server.php(21): require_once('/var/www/html/c...')
#20 {main}  
[2020-04-11 03:06:40] local.ERROR: ErrorException: Function mcrypt_get_iv_size() is deprecated in /var/www/html/cemcoErp/vendor/compiled.php:12241
Stack trace:
#0 /var/www/html/cemcoErp/vendor/compiled.php(12241): Illuminate\Foundation\Bootstrap\HandleExceptions->handleError(8192, 'Function mcrypt...', '/var/www/html/c...', 12241, Array)
#1 /var/www/html/cemcoErp/vendor/compiled.php(12232): Illuminate\Encryption\Encrypter->updateBlockSize()
#2 /var/www/html/cemcoErp/vendor/compiled.php(6796): Illuminate\Encryption\Encrypter->setCipher(-256)
#3 /var/www/html/cemcoErp/vendor/compiled.php(1066): Illuminate\Encryption\EncryptionServiceProvider->Illuminate\Encryption\{closure}(Object(Illuminate\Foundation\Application), Array)
#4 /var/www/html/cemcoErp/vendor/compiled.php(1019): Illuminate\Container\Container->build(Object(Closure), Array)
#5 /var/www/html/cemcoErp/vendor/compiled.php(1543): Illuminate\Container\Container->make('encrypter', Array)
#6 /var/www/html/cemcoErp/vendor/compiled.php(1111): Illuminate\Foundation\Application->make('encrypter')
#7 /var/www/html/cemcoErp/vendor/compiled.php(1095): Illuminate\Container\Container->resolveClass(Object(ReflectionParameter))
#8 /var/www/html/cemcoErp/vendor/compiled.php(1081): Illuminate\Container\Container->getDependencies(Array, Array)
#9 /var/www/html/cemcoErp/vendor/compiled.php(1019): Illuminate\Container\Container->build('Illuminate\\Cook...', Array)
#10 /var/www/html/cemcoErp/vendor/compiled.php(1543): Illuminate\Container\Container->make('Illuminate\\Cook...', Array)
#11 /var/www/html/cemcoErp/vendor/compiled.php(2002): Illuminate\Foundation\Application->make('Illuminate\\Cook...')
#12 /var/www/html/cemcoErp/public/index.php(57): Illuminate\Foundation\Http\Kernel->terminate(Object(Illuminate\Http\Request), Object(Symfony\Component\HttpFoundation\Response))
#13 /var/www/html/cemcoErp/server.php(21): require_once('/var/www/html/c...')
#14 {main}  
[2020-04-11 03:06:40] local.ERROR: ErrorException: Function mcrypt_get_iv_size() is deprecated in /var/www/html/cemcoErp/vendor/compiled.php:12241
Stack trace:
#0 /var/www/html/cemcoErp/vendor/compiled.php(12241): Illuminate\Foundation\Bootstrap\HandleExceptions->handleError(8192, 'Function mcrypt...', '/var/www/html/c...', 12241, Array)
#1 /var/www/html/cemcoErp/vendor/compiled.php(12232): Illuminate\Encryption\Encrypter->updateBlockSize()
#2 /var/www/html/cemcoErp/vendor/compiled.php(6796): Illuminate\Encryption\Encrypter->setCipher(-256)
#3 /var/www/html/cemcoErp/vendor/compiled.php(1066): Illuminate\Encryption\EncryptionServiceProvider->Illuminate\Encryption\{closure}(Object(Illuminate\Foundation\Application), Array)
#4 /var/www/html/cemcoErp/vendor/compiled.php(1019): Illuminate\Container\Container->build(Object(Closure), Array)
#5 /var/www/html/cemcoErp/vendor/compiled.php(1543): Illuminate\Container\Container->make('encrypter', Array)
#6 /var/www/html/cemcoErp/vendor/compiled.php(1111): Illuminate\Foundation\Application->make('encrypter')
#7 /var/www/html/cemcoErp/vendor/compiled.php(1095): Illuminate\Container\Container->resolveClass(Object(ReflectionParameter))
#8 /var/www/html/cemcoErp/vendor/compiled.php(1081): Illuminate\Container\Container->getDependencies(Array, Array)
#9 /var/www/html/cemcoErp/vendor/compiled.php(1019): Illuminate\Container\Container->build('Illuminate\\Cook...', Array)
#10 /var/www/html/cemcoErp/vendor/compiled.php(1543): Illuminate\Container\Container->make('Illuminate\\Cook...', Array)
#11 /var/www/html/cemcoErp/vendor/compiled.php(9236): Illuminate\Foundation\Application->make('Illuminate\\Cook...')
#12 /var/www/html/cemcoErp/vendor/compiled.php(2589): Illuminate\Pipeline\Pipeline->Illuminate\Pipeline\{closure}(Object(Illuminate\Http\Request))
#13 /var/www/html/cemcoErp/vendor/compiled.php(9236): Illuminate\Foundation\Http\Middleware\CheckForMaintenanceMode->handle(Object(Illuminate\Http\Request), Object(Closure))
#14 [internal function]: Illuminate\Pipeline\Pipeline->Illuminate\Pipeline\{closure}(Object(Illuminate\Http\Request))
#15 /var/www/html/cemcoErp/vendor/compiled.php(9227): call_user_func(Object(Closure), Object(Illuminate\Http\Request))
#16 /var/www/html/cemcoErp/vendor/compiled.php(1996): Illuminate\Pipeline\Pipeline->then(Object(Closure))
#17 /var/www/html/cemcoErp/vendor/compiled.php(1983): Illuminate\Foundation\Http\Kernel->sendRequestThroughRouter(Object(Illuminate\Http\Request))
#18 /var/www/html/cemcoErp/public/index.php(52): Illuminate\Foundation\Http\Kernel->handle(Object(Illuminate\Http\Request))
#19 /var/www/html/cemcoErp/server.php(21): require_once('/var/www/html/c...')
#20 {main}  
[2020-04-11 03:06:40] local.ERROR: ErrorException: Function mcrypt_get_iv_size() is deprecated in /var/www/html/cemcoErp/vendor/compiled.php:12241
Stack trace:
#0 /var/www/html/cemcoErp/vendor/compiled.php(12241): Illuminate\Foundation\Bootstrap\HandleExceptions->handleError(8192, 'Function mcrypt...', '/var/www/html/c...', 12241, Array)
#1 /var/www/html/cemcoErp/vendor/compiled.php(12232): Illuminate\Encryption\Encrypter->updateBlockSize()
#2 /var/www/html/cemcoErp/vendor/compiled.php(6796): Illuminate\Encryption\Encrypter->setCipher(-256)
#3 /var/www/html/cemcoErp/vendor/compiled.php(1066): Illuminate\Encryption\EncryptionServiceProvider->Illuminate\Encryption\{closure}(Object(Illuminate\Foundation\Application), Array)
#4 /var/www/html/cemcoErp/vendor/compiled.php(1019): Illuminate\Container\Container->build(Object(Closure), Array)
#5 /var/www/html/cemcoErp/vendor/compiled.php(1543): Illuminate\Container\Container->make('encrypter', Array)
#6 /var/www/html/cemcoErp/vendor/compiled.php(1111): Illuminate\Foundation\Application->make('encrypter')
#7 /var/www/html/cemcoErp/vendor/compiled.php(1095): Illuminate\Container\Container->resolveClass(Object(ReflectionParameter))
#8 /var/www/html/cemcoErp/vendor/compiled.php(1081): Illuminate\Container\Container->getDependencies(Array, Array)
#9 /var/www/html/cemcoErp/vendor/compiled.php(1019): Illuminate\Container\Container->build('Illuminate\\Cook...', Array)
#10 /var/www/html/cemcoErp/vendor/compiled.php(1543): Illuminate\Container\Container->make('Illuminate\\Cook...', Array)
#11 /var/www/html/cemcoErp/vendor/compiled.php(2002): Illuminate\Foundation\Application->make('Illuminate\\Cook...')
#12 /var/www/html/cemcoErp/public/index.php(57): Illuminate\Foundation\Http\Kernel->terminate(Object(Illuminate\Http\Request), Object(Symfony\Component\HttpFoundation\Response))
#13 /var/www/html/cemcoErp/server.php(21): require_once('/var/www/html/c...')
#14 {main}  
[2020-04-11 03:07:53] local.ERROR: ErrorException: Function mcrypt_get_iv_size() is deprecated in /var/www/html/cemcoErp/vendor/compiled.php:12241
Stack trace:
#0 /var/www/html/cemcoErp/vendor/compiled.php(12241): Illuminate\Foundation\Bootstrap\HandleExceptions->handleError(8192, 'Function mcrypt...', '/var/www/html/c...', 12241, Array)
#1 /var/www/html/cemcoErp/vendor/compiled.php(12232): Illuminate\Encryption\Encrypter->updateBlockSize()
#2 /var/www/html/cemcoErp/vendor/compiled.php(6796): Illuminate\Encryption\Encrypter->setCipher(-256)
#3 /var/www/html/cemcoErp/vendor/compiled.php(1066): Illuminate\Encryption\EncryptionServiceProvider->Illuminate\Encryption\{closure}(Object(Illuminate\Foundation\Application), Array)
#4 /var/www/html/cemcoErp/vendor/compiled.php(1019): Illuminate\Container\Container->build(Object(Closure), Array)
#5 /var/www/html/cemcoErp/vendor/compiled.php(1543): Illuminate\Container\Container->make('encrypter', Array)
#6 /var/www/html/cemcoErp/vendor/compiled.php(1111): Illuminate\Foundation\Application->make('encrypter')
#7 /var/www/html/cemcoErp/vendor/compiled.php(1095): Illuminate\Container\Container->resolveClass(Object(ReflectionParameter))
#8 /var/www/html/cemcoErp/vendor/compiled.php(1081): Illuminate\Container\Container->getDependencies(Array, Array)
#9 /var/www/html/cemcoErp/vendor/compiled.php(1019): Illuminate\Container\Container->build('Illuminate\\Cook...', Array)
#10 /var/www/html/cemcoErp/vendor/compiled.php(1543): Illuminate\Container\Container->make('Illuminate\\Cook...', Array)
#11 /var/www/html/cemcoErp/vendor/compiled.php(9236): Illuminate\Foundation\Application->make('Illuminate\\Cook...')
#12 /var/www/html/cemcoErp/vendor/compiled.php(2589): Illuminate\Pipeline\Pipeline->Illuminate\Pipeline\{closure}(Object(Illuminate\Http\Request))
#13 /var/www/html/cemcoErp/vendor/compiled.php(9236): Illuminate\Foundation\Http\Middleware\CheckForMaintenanceMode->handle(Object(Illuminate\Http\Request), Object(Closure))
#14 [internal function]: Illuminate\Pipeline\Pipeline->Illuminate\Pipeline\{closure}(Object(Illuminate\Http\Request))
#15 /var/www/html/cemcoErp/vendor/compiled.php(9227): call_user_func(Object(Closure), Object(Illuminate\Http\Request))
#16 /var/www/html/cemcoErp/vendor/compiled.php(1996): Illuminate\Pipeline\Pipeline->then(Object(Closure))
#17 /var/www/html/cemcoErp/vendor/compiled.php(1983): Illuminate\Foundation\Http\Kernel->sendRequestThroughRouter(Object(Illuminate\Http\Request))
#18 /var/www/html/cemcoErp/public/index.php(52): Illuminate\Foundation\Http\Kernel->handle(Object(Illuminate\Http\Request))
#19 /var/www/html/cemcoErp/server.php(21): require_once('/var/www/html/c...')
#20 {main}  
[2020-04-11 03:07:53] local.ERROR: ErrorException: Function mcrypt_get_iv_size() is deprecated in /var/www/html/cemcoErp/vendor/compiled.php:12241
Stack trace:
#0 /var/www/html/cemcoErp/vendor/compiled.php(12241): Illuminate\Foundation\Bootstrap\HandleExceptions->handleError(8192, 'Function mcrypt...', '/var/www/html/c...', 12241, Array)
#1 /var/www/html/cemcoErp/vendor/compiled.php(12232): Illuminate\Encryption\Encrypter->updateBlockSize()
#2 /var/www/html/cemcoErp/vendor/compiled.php(6796): Illuminate\Encryption\Encrypter->setCipher(-256)
#3 /var/www/html/cemcoErp/vendor/compiled.php(1066): Illuminate\Encryption\EncryptionServiceProvider->Illuminate\Encryption\{closure}(Object(Illuminate\Foundation\Application), Array)
#4 /var/www/html/cemcoErp/vendor/compiled.php(1019): Illuminate\Container\Container->build(Object(Closure), Array)
#5 /var/www/html/cemcoErp/vendor/compiled.php(1543): Illuminate\Container\Container->make('encrypter', Array)
#6 /var/www/html/cemcoErp/vendor/compiled.php(1111): Illuminate\Foundation\Application->make('encrypter')
#7 /var/www/html/cemcoErp/vendor/compiled.php(1095): Illuminate\Container\Container->resolveClass(Object(ReflectionParameter))
#8 /var/www/html/cemcoErp/vendor/compiled.php(1081): Illuminate\Container\Container->getDependencies(Array, Array)
#9 /var/www/html/cemcoErp/vendor/compiled.php(1019): Illuminate\Container\Container->build('Illuminate\\Cook...', Array)
#10 /var/www/html/cemcoErp/vendor/compiled.php(1543): Illuminate\Container\Container->make('Illuminate\\Cook...', Array)
#11 /var/www/html/cemcoErp/vendor/compiled.php(2002): Illuminate\Foundation\Application->make('Illuminate\\Cook...')
#12 /var/www/html/cemcoErp/public/index.php(57): Illuminate\Foundation\Http\Kernel->terminate(Object(Illuminate\Http\Request), Object(Symfony\Component\HttpFoundation\Response))
#13 /var/www/html/cemcoErp/server.php(21): require_once('/var/www/html/c...')
#14 {main}  
[2020-04-11 03:08:08] local.ERROR: ErrorException: Function mcrypt_get_iv_size() is deprecated in /var/www/html/cemcoErp/vendor/compiled.php:12241
Stack trace:
#0 /var/www/html/cemcoErp/vendor/compiled.php(12241): Illuminate\Foundation\Bootstrap\HandleExceptions->handleError(8192, 'Function mcrypt...', '/var/www/html/c...', 12241, Array)
#1 /var/www/html/cemcoErp/vendor/compiled.php(12232): Illuminate\Encryption\Encrypter->updateBlockSize()
#2 /var/www/html/cemcoErp/vendor/compiled.php(6796): Illuminate\Encryption\Encrypter->setCipher(-256)
#3 /var/www/html/cemcoErp/vendor/compiled.php(1066): Illuminate\Encryption\EncryptionServiceProvider->Illuminate\Encryption\{closure}(Object(Illuminate\Foundation\Application), Array)
#4 /var/www/html/cemcoErp/vendor/compiled.php(1019): Illuminate\Container\Container->build(Object(Closure), Array)
#5 /var/www/html/cemcoErp/vendor/compiled.php(1543): Illuminate\Container\Container->make('encrypter', Array)
#6 /var/www/html/cemcoErp/vendor/compiled.php(1111): Illuminate\Foundation\Application->make('encrypter')
#7 /var/www/html/cemcoErp/vendor/compiled.php(1095): Illuminate\Container\Container->resolveClass(Object(ReflectionParameter))
#8 /var/www/html/cemcoErp/vendor/compiled.php(1081): Illuminate\Container\Container->getDependencies(Array, Array)
#9 /var/www/html/cemcoErp/vendor/compiled.php(1019): Illuminate\Container\Container->build('Illuminate\\Cook...', Array)
#10 /var/www/html/cemcoErp/vendor/compiled.php(1543): Illuminate\Container\Container->make('Illuminate\\Cook...', Array)
#11 /var/www/html/cemcoErp/vendor/compiled.php(9236): Illuminate\Foundation\Application->make('Illuminate\\Cook...')
#12 /var/www/html/cemcoErp/vendor/compiled.php(2589): Illuminate\Pipeline\Pipeline->Illuminate\Pipeline\{closure}(Object(Illuminate\Http\Request))
#13 /var/www/html/cemcoErp/vendor/compiled.php(9236): Illuminate\Foundation\Http\Middleware\CheckForMaintenanceMode->handle(Object(Illuminate\Http\Request), Object(Closure))
#14 [internal function]: Illuminate\Pipeline\Pipeline->Illuminate\Pipeline\{closure}(Object(Illuminate\Http\Request))
#15 /var/www/html/cemcoErp/vendor/compiled.php(9227): call_user_func(Object(Closure), Object(Illuminate\Http\Request))
#16 /var/www/html/cemcoErp/vendor/compiled.php(1996): Illuminate\Pipeline\Pipeline->then(Object(Closure))
#17 /var/www/html/cemcoErp/vendor/compiled.php(1983): Illuminate\Foundation\Http\Kernel->sendRequestThroughRouter(Object(Illuminate\Http\Request))
#18 /var/www/html/cemcoErp/public/index.php(52): Illuminate\Foundation\Http\Kernel->handle(Object(Illuminate\Http\Request))
#19 /var/www/html/cemcoErp/server.php(21): require_once('/var/www/html/c...')
#20 {main}  
[2020-04-11 03:08:08] local.ERROR: ErrorException: Function mcrypt_get_iv_size() is deprecated in /var/www/html/cemcoErp/vendor/compiled.php:12241
Stack trace:
#0 /var/www/html/cemcoErp/vendor/compiled.php(12241): Illuminate\Foundation\Bootstrap\HandleExceptions->handleError(8192, 'Function mcrypt...', '/var/www/html/c...', 12241, Array)
#1 /var/www/html/cemcoErp/vendor/compiled.php(12232): Illuminate\Encryption\Encrypter->updateBlockSize()
#2 /var/www/html/cemcoErp/vendor/compiled.php(6796): Illuminate\Encryption\Encrypter->setCipher(-256)
#3 /var/www/html/cemcoErp/vendor/compiled.php(1066): Illuminate\Encryption\EncryptionServiceProvider->Illuminate\Encryption\{closure}(Object(Illuminate\Foundation\Application), Array)
#4 /var/www/html/cemcoErp/vendor/compiled.php(1019): Illuminate\Container\Container->build(Object(Closure), Array)
#5 /var/www/html/cemcoErp/vendor/compiled.php(1543): Illuminate\Container\Container->make('encrypter', Array)
#6 /var/www/html/cemcoErp/vendor/compiled.php(1111): Illuminate\Foundation\Application->make('encrypter')
#7 /var/www/html/cemcoErp/vendor/compiled.php(1095): Illuminate\Container\Container->resolveClass(Object(ReflectionParameter))
#8 /var/www/html/cemcoErp/vendor/compiled.php(1081): Illuminate\Container\Container->getDependencies(Array, Array)
#9 /var/www/html/cemcoErp/vendor/compiled.php(1019): Illuminate\Container\Container->build('Illuminate\\Cook...', Array)
#10 /var/www/html/cemcoErp/vendor/compiled.php(1543): Illuminate\Container\Container->make('Illuminate\\Cook...', Array)
#11 /var/www/html/cemcoErp/vendor/compiled.php(2002): Illuminate\Foundation\Application->make('Illuminate\\Cook...')
#12 /var/www/html/cemcoErp/public/index.php(57): Illuminate\Foundation\Http\Kernel->terminate(Object(Illuminate\Http\Request), Object(Symfony\Component\HttpFoundation\Response))
#13 /var/www/html/cemcoErp/server.php(21): require_once('/var/www/html/c...')
#14 {main}  
[2020-04-11 03:19:23] local.ERROR: ErrorException: Function mcrypt_get_iv_size() is deprecated in /var/www/html/cemcoErp/vendor/compiled.php:12241
Stack trace:
#0 /var/www/html/cemcoErp/vendor/compiled.php(12241): Illuminate\Foundation\Bootstrap\HandleExceptions->handleError(8192, 'Function mcrypt...', '/var/www/html/c...', 12241, Array)
#1 /var/www/html/cemcoErp/vendor/compiled.php(12232): Illuminate\Encryption\Encrypter->updateBlockSize()
#2 /var/www/html/cemcoErp/vendor/compiled.php(6796): Illuminate\Encryption\Encrypter->setCipher('AES-256-CBC')
#3 /var/www/html/cemcoErp/vendor/compiled.php(1066): Illuminate\Encryption\EncryptionServiceProvider->Illuminate\Encryption\{closure}(Object(Illuminate\Foundation\Application), Array)
#4 /var/www/html/cemcoErp/vendor/compiled.php(1019): Illuminate\Container\Container->build(Object(Closure), Array)
#5 /var/www/html/cemcoErp/vendor/compiled.php(1543): Illuminate\Container\Container->make('encrypter', Array)
#6 /var/www/html/cemcoErp/vendor/compiled.php(1111): Illuminate\Foundation\Application->make('encrypter')
#7 /var/www/html/cemcoErp/vendor/compiled.php(1095): Illuminate\Container\Container->resolveClass(Object(ReflectionParameter))
#8 /var/www/html/cemcoErp/vendor/compiled.php(1081): Illuminate\Container\Container->getDependencies(Array, Array)
#9 /var/www/html/cemcoErp/vendor/compiled.php(1019): Illuminate\Container\Container->build('Illuminate\\Cook...', Array)
#10 /var/www/html/cemcoErp/vendor/compiled.php(1543): Illuminate\Container\Container->make('Illuminate\\Cook...', Array)
#11 /var/www/html/cemcoErp/vendor/compiled.php(9236): Illuminate\Foundation\Application->make('Illuminate\\Cook...')
#12 /var/www/html/cemcoErp/vendor/compiled.php(2589): Illuminate\Pipeline\Pipeline->Illuminate\Pipeline\{closure}(Object(Illuminate\Http\Request))
#13 /var/www/html/cemcoErp/vendor/compiled.php(9236): Illuminate\Foundation\Http\Middleware\CheckForMaintenanceMode->handle(Object(Illuminate\Http\Request), Object(Closure))
#14 [internal function]: Illuminate\Pipeline\Pipeline->Illuminate\Pipeline\{closure}(Object(Illuminate\Http\Request))
#15 /var/www/html/cemcoErp/vendor/compiled.php(9227): call_user_func(Object(Closure), Object(Illuminate\Http\Request))
#16 /var/www/html/cemcoErp/vendor/compiled.php(1996): Illuminate\Pipeline\Pipeline->then(Object(Closure))
#17 /var/www/html/cemcoErp/vendor/compiled.php(1983): Illuminate\Foundation\Http\Kernel->sendRequestThroughRouter(Object(Illuminate\Http\Request))
#18 /var/www/html/cemcoErp/public/index.php(52): Illuminate\Foundation\Http\Kernel->handle(Object(Illuminate\Http\Request))
#19 /var/www/html/cemcoErp/server.php(21): require_once('/var/www/html/c...')
#20 {main}  
[2020-04-11 03:19:23] local.ERROR: ErrorException: Function mcrypt_get_iv_size() is deprecated in /var/www/html/cemcoErp/vendor/compiled.php:12241
Stack trace:
#0 /var/www/html/cemcoErp/vendor/compiled.php(12241): Illuminate\Foundation\Bootstrap\HandleExceptions->handleError(8192, 'Function mcrypt...', '/var/www/html/c...', 12241, Array)
#1 /var/www/html/cemcoErp/vendor/compiled.php(12232): Illuminate\Encryption\Encrypter->updateBlockSize()
#2 /var/www/html/cemcoErp/vendor/compiled.php(6796): Illuminate\Encryption\Encrypter->setCipher('AES-256-CBC')
#3 /var/www/html/cemcoErp/vendor/compiled.php(1066): Illuminate\Encryption\EncryptionServiceProvider->Illuminate\Encryption\{closure}(Object(Illuminate\Foundation\Application), Array)
#4 /var/www/html/cemcoErp/vendor/compiled.php(1019): Illuminate\Container\Container->build(Object(Closure), Array)
#5 /var/www/html/cemcoErp/vendor/compiled.php(1543): Illuminate\Container\Container->make('encrypter', Array)
#6 /var/www/html/cemcoErp/vendor/compiled.php(1111): Illuminate\Foundation\Application->make('encrypter')
#7 /var/www/html/cemcoErp/vendor/compiled.php(1095): Illuminate\Container\Container->resolveClass(Object(ReflectionParameter))
#8 /var/www/html/cemcoErp/vendor/compiled.php(1081): Illuminate\Container\Container->getDependencies(Array, Array)
#9 /var/www/html/cemcoErp/vendor/compiled.php(1019): Illuminate\Container\Container->build('Illuminate\\Cook...', Array)
#10 /var/www/html/cemcoErp/vendor/compiled.php(1543): Illuminate\Container\Container->make('Illuminate\\Cook...', Array)
#11 /var/www/html/cemcoErp/vendor/compiled.php(2002): Illuminate\Foundation\Application->make('Illuminate\\Cook...')
#12 /var/www/html/cemcoErp/public/index.php(57): Illuminate\Foundation\Http\Kernel->terminate(Object(Illuminate\Http\Request), Object(Symfony\Component\HttpFoundation\Response))
#13 /var/www/html/cemcoErp/server.php(21): require_once('/var/www/html/c...')
#14 {main}  
[2020-04-11 03:21:27] local.ERROR: ErrorException: Function mcrypt_get_iv_size() is deprecated in /var/www/html/cemcoErp/vendor/compiled.php:12241
Stack trace:
#0 /var/www/html/cemcoErp/vendor/compiled.php(12241): Illuminate\Foundation\Bootstrap\HandleExceptions->handleError(8192, 'Function mcrypt...', '/var/www/html/c...', 12241, Array)
#1 /var/www/html/cemcoErp/vendor/compiled.php(12232): Illuminate\Encryption\Encrypter->updateBlockSize()
#2 /var/www/html/cemcoErp/vendor/compiled.php(6796): Illuminate\Encryption\Encrypter->setCipher('AES-256-CBC')
#3 /var/www/html/cemcoErp/vendor/compiled.php(1066): Illuminate\Encryption\EncryptionServiceProvider->Illuminate\Encryption\{closure}(Object(Illuminate\Foundation\Application), Array)
#4 /var/www/html/cemcoErp/vendor/compiled.php(1019): Illuminate\Container\Container->build(Object(Closure), Array)
#5 /var/www/html/cemcoErp/vendor/compiled.php(1543): Illuminate\Container\Container->make('encrypter', Array)
#6 /var/www/html/cemcoErp/vendor/compiled.php(1111): Illuminate\Foundation\Application->make('encrypter')
#7 /var/www/html/cemcoErp/vendor/compiled.php(1095): Illuminate\Container\Container->resolveClass(Object(ReflectionParameter))
#8 /var/www/html/cemcoErp/vendor/compiled.php(1081): Illuminate\Container\Container->getDependencies(Array, Array)
#9 /var/www/html/cemcoErp/vendor/compiled.php(1019): Illuminate\Container\Container->build('Illuminate\\Cook...', Array)
#10 /var/www/html/cemcoErp/vendor/compiled.php(1543): Illuminate\Container\Container->make('Illuminate\\Cook...', Array)
#11 /var/www/html/cemcoErp/vendor/compiled.php(9236): Illuminate\Foundation\Application->make('Illuminate\\Cook...')
#12 /var/www/html/cemcoErp/vendor/compiled.php(2589): Illuminate\Pipeline\Pipeline->Illuminate\Pipeline\{closure}(Object(Illuminate\Http\Request))
#13 /var/www/html/cemcoErp/vendor/compiled.php(9236): Illuminate\Foundation\Http\Middleware\CheckForMaintenanceMode->handle(Object(Illuminate\Http\Request), Object(Closure))
#14 [internal function]: Illuminate\Pipeline\Pipeline->Illuminate\Pipeline\{closure}(Object(Illuminate\Http\Request))
#15 /var/www/html/cemcoErp/vendor/compiled.php(9227): call_user_func(Object(Closure), Object(Illuminate\Http\Request))
#16 /var/www/html/cemcoErp/vendor/compiled.php(1996): Illuminate\Pipeline\Pipeline->then(Object(Closure))
#17 /var/www/html/cemcoErp/vendor/compiled.php(1983): Illuminate\Foundation\Http\Kernel->sendRequestThroughRouter(Object(Illuminate\Http\Request))
#18 /var/www/html/cemcoErp/public/index.php(52): Illuminate\Foundation\Http\Kernel->handle(Object(Illuminate\Http\Request))
#19 /var/www/html/cemcoErp/server.php(21): require_once('/var/www/html/c...')
#20 {main}  
[2020-04-11 03:21:27] local.ERROR: ErrorException: Function mcrypt_get_iv_size() is deprecated in /var/www/html/cemcoErp/vendor/compiled.php:12241
Stack trace:
#0 /var/www/html/cemcoErp/vendor/compiled.php(12241): Illuminate\Foundation\Bootstrap\HandleExceptions->handleError(8192, 'Function mcrypt...', '/var/www/html/c...', 12241, Array)
#1 /var/www/html/cemcoErp/vendor/compiled.php(12232): Illuminate\Encryption\Encrypter->updateBlockSize()
#2 /var/www/html/cemcoErp/vendor/compiled.php(6796): Illuminate\Encryption\Encrypter->setCipher('AES-256-CBC')
#3 /var/www/html/cemcoErp/vendor/compiled.php(1066): Illuminate\Encryption\EncryptionServiceProvider->Illuminate\Encryption\{closure}(Object(Illuminate\Foundation\Application), Array)
#4 /var/www/html/cemcoErp/vendor/compiled.php(1019): Illuminate\Container\Container->build(Object(Closure), Array)
#5 /var/www/html/cemcoErp/vendor/compiled.php(1543): Illuminate\Container\Container->make('encrypter', Array)
#6 /var/www/html/cemcoErp/vendor/compiled.php(1111): Illuminate\Foundation\Application->make('encrypter')
#7 /var/www/html/cemcoErp/vendor/compiled.php(1095): Illuminate\Container\Container->resolveClass(Object(ReflectionParameter))
#8 /var/www/html/cemcoErp/vendor/compiled.php(1081): Illuminate\Container\Container->getDependencies(Array, Array)
#9 /var/www/html/cemcoErp/vendor/compiled.php(1019): Illuminate\Container\Container->build('Illuminate\\Cook...', Array)
#10 /var/www/html/cemcoErp/vendor/compiled.php(1543): Illuminate\Container\Container->make('Illuminate\\Cook...', Array)
#11 /var/www/html/cemcoErp/vendor/compiled.php(2002): Illuminate\Foundation\Application->make('Illuminate\\Cook...')
#12 /var/www/html/cemcoErp/public/index.php(57): Illuminate\Foundation\Http\Kernel->terminate(Object(Illuminate\Http\Request), Object(Symfony\Component\HttpFoundation\Response))
#13 /var/www/html/cemcoErp/server.php(21): require_once('/var/www/html/c...')
#14 {main}  
[2020-04-11 20:05:28] local.ERROR: ErrorException: Function mcrypt_get_iv_size() is deprecated in /var/www/html/cemcoErp/vendor/laravel/framework/src/Illuminate/Encryption/Encrypter.php:303
Stack trace:
#0 /var/www/html/cemcoErp/vendor/laravel/framework/src/Illuminate/Encryption/Encrypter.php(303): Illuminate\Foundation\Bootstrap\HandleExceptions->handleError(8192, 'Function mcrypt...', '/var/www/html/c...', 303, Array)
#1 /var/www/html/cemcoErp/vendor/laravel/framework/src/Illuminate/Encryption/Encrypter.php(280): Illuminate\Encryption\Encrypter->updateBlockSize()
#2 /var/www/html/cemcoErp/vendor/laravel/framework/src/Illuminate/Encryption/EncryptionServiceProvider.php(20): Illuminate\Encryption\Encrypter->setCipher('AES-256-CBC')
#3 /var/www/html/cemcoErp/vendor/laravel/framework/src/Illuminate/Container/Container.php(776): Illuminate\Encryption\EncryptionServiceProvider->Illuminate\Encryption\{closure}(Object(Illuminate\Foundation\Application), Array)
#4 /var/www/html/cemcoErp/vendor/laravel/framework/src/Illuminate/Container/Container.php(659): Illuminate\Container\Container->build(Object(Closure), Array)
#5 /var/www/html/cemcoErp/vendor/laravel/framework/src/Illuminate/Foundation/Application.php(644): Illuminate\Container\Container->make('encrypter', Array)
#6 /var/www/html/cemcoErp/vendor/laravel/framework/src/Illuminate/Container/Container.php(890): Illuminate\Foundation\Application->make('encrypter')
#7 /var/www/html/cemcoErp/vendor/laravel/framework/src/Illuminate/Container/Container.php(851): Illuminate\Container\Container->resolveClass(Object(ReflectionParameter))
#8 /var/www/html/cemcoErp/vendor/laravel/framework/src/Illuminate/Container/Container.php(815): Illuminate\Container\Container->getDependencies(Array, Array)
#9 /var/www/html/cemcoErp/vendor/laravel/framework/src/Illuminate/Container/Container.php(659): Illuminate\Container\Container->build('Illuminate\\Cook...', Array)
#10 /var/www/html/cemcoErp/vendor/laravel/framework/src/Illuminate/Foundation/Application.php(644): Illuminate\Container\Container->make('Illuminate\\Cook...', Array)
#11 /var/www/html/cemcoErp/vendor/laravel/framework/src/Illuminate/Pipeline/Pipeline.php(124): Illuminate\Foundation\Application->make('Illuminate\\Cook...')
#12 /var/www/html/cemcoErp/vendor/laravel/framework/src/Illuminate/Foundation/Http/Middleware/CheckForMaintenanceMode.php(42): Illuminate\Pipeline\Pipeline->Illuminate\Pipeline\{closure}(Object(Illuminate\Http\Request))
#13 /var/www/html/cemcoErp/vendor/laravel/framework/src/Illuminate/Pipeline/Pipeline.php(125): Illuminate\Foundation\Http\Middleware\CheckForMaintenanceMode->handle(Object(Illuminate\Http\Request), Object(Closure))
#14 [internal function]: Illuminate\Pipeline\Pipeline->Illuminate\Pipeline\{closure}(Object(Illuminate\Http\Request))
#15 /var/www/html/cemcoErp/vendor/laravel/framework/src/Illuminate/Pipeline/Pipeline.php(100): call_user_func(Object(Closure), Object(Illuminate\Http\Request))
#16 /var/www/html/cemcoErp/vendor/laravel/framework/src/Illuminate/Foundation/Http/Kernel.php(115): Illuminate\Pipeline\Pipeline->then(Object(Closure))
#17 /var/www/html/cemcoErp/vendor/laravel/framework/src/Illuminate/Foundation/Http/Kernel.php(84): Illuminate\Foundation\Http\Kernel->sendRequestThroughRouter(Object(Illuminate\Http\Request))
#18 /var/www/html/cemcoErp/public/index.php(52): Illuminate\Foundation\Http\Kernel->handle(Object(Illuminate\Http\Request))
#19 /var/www/html/cemcoErp/server.php(21): require_once('/var/www/html/c...')
#20 {main}  
[2020-04-11 20:05:28] local.ERROR: ErrorException: Function mcrypt_get_iv_size() is deprecated in /var/www/html/cemcoErp/vendor/laravel/framework/src/Illuminate/Encryption/Encrypter.php:303
Stack trace:
#0 /var/www/html/cemcoErp/vendor/laravel/framework/src/Illuminate/Encryption/Encrypter.php(303): Illuminate\Foundation\Bootstrap\HandleExceptions->handleError(8192, 'Function mcrypt...', '/var/www/html/c...', 303, Array)
#1 /var/www/html/cemcoErp/vendor/laravel/framework/src/Illuminate/Encryption/Encrypter.php(280): Illuminate\Encryption\Encrypter->updateBlockSize()
#2 /var/www/html/cemcoErp/vendor/laravel/framework/src/Illuminate/Encryption/EncryptionServiceProvider.php(20): Illuminate\Encryption\Encrypter->setCipher('AES-256-CBC')
#3 /var/www/html/cemcoErp/vendor/laravel/framework/src/Illuminate/Container/Container.php(776): Illuminate\Encryption\EncryptionServiceProvider->Illuminate\Encryption\{closure}(Object(Illuminate\Foundation\Application), Array)
#4 /var/www/html/cemcoErp/vendor/laravel/framework/src/Illuminate/Container/Container.php(659): Illuminate\Container\Container->build(Object(Closure), Array)
#5 /var/www/html/cemcoErp/vendor/laravel/framework/src/Illuminate/Foundation/Application.php(644): Illuminate\Container\Container->make('encrypter', Array)
#6 /var/www/html/cemcoErp/vendor/laravel/framework/src/Illuminate/Container/Container.php(890): Illuminate\Foundation\Application->make('encrypter')
#7 /var/www/html/cemcoErp/vendor/laravel/framework/src/Illuminate/Container/Container.php(851): Illuminate\Container\Container->resolveClass(Object(ReflectionParameter))
#8 /var/www/html/cemcoErp/vendor/laravel/framework/src/Illuminate/Container/Container.php(815): Illuminate\Container\Container->getDependencies(Array, Array)
#9 /var/www/html/cemcoErp/vendor/laravel/framework/src/Illuminate/Container/Container.php(659): Illuminate\Container\Container->build('Illuminate\\Cook...', Array)
#10 /var/www/html/cemcoErp/vendor/laravel/framework/src/Illuminate/Foundation/Application.php(644): Illuminate\Container\Container->make('Illuminate\\Cook...', Array)
#11 /var/www/html/cemcoErp/vendor/laravel/framework/src/Illuminate/Foundation/Http/Kernel.php(131): Illuminate\Foundation\Application->make('Illuminate\\Cook...')
#12 /var/www/html/cemcoErp/public/index.php(57): Illuminate\Foundation\Http\Kernel->terminate(Object(Illuminate\Http\Request), Object(Symfony\Component\HttpFoundation\Response))
#13 /var/www/html/cemcoErp/server.php(21): require_once('/var/www/html/c...')
#14 {main}  
[2020-04-11 20:07:06] local.ERROR: ErrorException: Function mcrypt_get_iv_size() is deprecated in /var/www/html/cemcoErp/vendor/laravel/framework/src/Illuminate/Encryption/Encrypter.php:303
Stack trace:
#0 /var/www/html/cemcoErp/vendor/laravel/framework/src/Illuminate/Encryption/Encrypter.php(303): Illuminate\Foundation\Bootstrap\HandleExceptions->handleError(8192, 'Function mcrypt...', '/var/www/html/c...', 303, Array)
#1 /var/www/html/cemcoErp/vendor/laravel/framework/src/Illuminate/Encryption/Encrypter.php(280): Illuminate\Encryption\Encrypter->updateBlockSize()
#2 /var/www/html/cemcoErp/vendor/laravel/framework/src/Illuminate/Encryption/EncryptionServiceProvider.php(20): Illuminate\Encryption\Encrypter->setCipher(-256)
#3 /var/www/html/cemcoErp/vendor/laravel/framework/src/Illuminate/Container/Container.php(776): Illuminate\Encryption\EncryptionServiceProvider->Illuminate\Encryption\{closure}(Object(Illuminate\Foundation\Application), Array)
#4 /var/www/html/cemcoErp/vendor/laravel/framework/src/Illuminate/Container/Container.php(659): Illuminate\Container\Container->build(Object(Closure), Array)
#5 /var/www/html/cemcoErp/vendor/laravel/framework/src/Illuminate/Foundation/Application.php(644): Illuminate\Container\Container->make('encrypter', Array)
#6 /var/www/html/cemcoErp/vendor/laravel/framework/src/Illuminate/Container/Container.php(890): Illuminate\Foundation\Application->make('encrypter')
#7 /var/www/html/cemcoErp/vendor/laravel/framework/src/Illuminate/Container/Container.php(851): Illuminate\Container\Container->resolveClass(Object(ReflectionParameter))
#8 /var/www/html/cemcoErp/vendor/laravel/framework/src/Illuminate/Container/Container.php(815): Illuminate\Container\Container->getDependencies(Array, Array)
#9 /var/www/html/cemcoErp/vendor/laravel/framework/src/Illuminate/Container/Container.php(659): Illuminate\Container\Container->build('Illuminate\\Cook...', Array)
#10 /var/www/html/cemcoErp/vendor/laravel/framework/src/Illuminate/Foundation/Application.php(644): Illuminate\Container\Container->make('Illuminate\\Cook...', Array)
#11 /var/www/html/cemcoErp/vendor/laravel/framework/src/Illuminate/Pipeline/Pipeline.php(124): Illuminate\Foundation\Application->make('Illuminate\\Cook...')
#12 /var/www/html/cemcoErp/vendor/laravel/framework/src/Illuminate/Foundation/Http/Middleware/CheckForMaintenanceMode.php(42): Illuminate\Pipeline\Pipeline->Illuminate\Pipeline\{closure}(Object(Illuminate\Http\Request))
#13 /var/www/html/cemcoErp/vendor/laravel/framework/src/Illuminate/Pipeline/Pipeline.php(125): Illuminate\Foundation\Http\Middleware\CheckForMaintenanceMode->handle(Object(Illuminate\Http\Request), Object(Closure))
#14 [internal function]: Illuminate\Pipeline\Pipeline->Illuminate\Pipeline\{closure}(Object(Illuminate\Http\Request))
#15 /var/www/html/cemcoErp/vendor/laravel/framework/src/Illuminate/Pipeline/Pipeline.php(100): call_user_func(Object(Closure), Object(Illuminate\Http\Request))
#16 /var/www/html/cemcoErp/vendor/laravel/framework/src/Illuminate/Foundation/Http/Kernel.php(115): Illuminate\Pipeline\Pipeline->then(Object(Closure))
#17 /var/www/html/cemcoErp/vendor/laravel/framework/src/Illuminate/Foundation/Http/Kernel.php(84): Illuminate\Foundation\Http\Kernel->sendRequestThroughRouter(Object(Illuminate\Http\Request))
#18 /var/www/html/cemcoErp/public/index.php(52): Illuminate\Foundation\Http\Kernel->handle(Object(Illuminate\Http\Request))
#19 /var/www/html/cemcoErp/server.php(21): require_once('/var/www/html/c...')
#20 {main}  
[2020-04-11 20:07:06] local.ERROR: ErrorException: Function mcrypt_get_iv_size() is deprecated in /var/www/html/cemcoErp/vendor/laravel/framework/src/Illuminate/Encryption/Encrypter.php:303
Stack trace:
#0 /var/www/html/cemcoErp/vendor/laravel/framework/src/Illuminate/Encryption/Encrypter.php(303): Illuminate\Foundation\Bootstrap\HandleExceptions->handleError(8192, 'Function mcrypt...', '/var/www/html/c...', 303, Array)
#1 /var/www/html/cemcoErp/vendor/laravel/framework/src/Illuminate/Encryption/Encrypter.php(280): Illuminate\Encryption\Encrypter->updateBlockSize()
#2 /var/www/html/cemcoErp/vendor/laravel/framework/src/Illuminate/Encryption/EncryptionServiceProvider.php(20): Illuminate\Encryption\Encrypter->setCipher(-256)
#3 /var/www/html/cemcoErp/vendor/laravel/framework/src/Illuminate/Container/Container.php(776): Illuminate\Encryption\EncryptionServiceProvider->Illuminate\Encryption\{closure}(Object(Illuminate\Foundation\Application), Array)
#4 /var/www/html/cemcoErp/vendor/laravel/framework/src/Illuminate/Container/Container.php(659): Illuminate\Container\Container->build(Object(Closure), Array)
#5 /var/www/html/cemcoErp/vendor/laravel/framework/src/Illuminate/Foundation/Application.php(644): Illuminate\Container\Container->make('encrypter', Array)
#6 /var/www/html/cemcoErp/vendor/laravel/framework/src/Illuminate/Container/Container.php(890): Illuminate\Foundation\Application->make('encrypter')
#7 /var/www/html/cemcoErp/vendor/laravel/framework/src/Illuminate/Container/Container.php(851): Illuminate\Container\Container->resolveClass(Object(ReflectionParameter))
#8 /var/www/html/cemcoErp/vendor/laravel/framework/src/Illuminate/Container/Container.php(815): Illuminate\Container\Container->getDependencies(Array, Array)
#9 /var/www/html/cemcoErp/vendor/laravel/framework/src/Illuminate/Container/Container.php(659): Illuminate\Container\Container->build('Illuminate\\Cook...', Array)
#10 /var/www/html/cemcoErp/vendor/laravel/framework/src/Illuminate/Foundation/Application.php(644): Illuminate\Container\Container->make('Illuminate\\Cook...', Array)
#11 /var/www/html/cemcoErp/vendor/laravel/framework/src/Illuminate/Foundation/Http/Kernel.php(131): Illuminate\Foundation\Application->make('Illuminate\\Cook...')
#12 /var/www/html/cemcoErp/public/index.php(57): Illuminate\Foundation\Http\Kernel->terminate(Object(Illuminate\Http\Request), Object(Symfony\Component\HttpFoundation\Response))
#13 /var/www/html/cemcoErp/server.php(21): require_once('/var/www/html/c...')
#14 {main}  
[2020-04-11 20:10:55] local.ERROR: ErrorException: Function mcrypt_get_iv_size() is deprecated in /var/www/html/cemcoErp/vendor/laravel/framework/src/Illuminate/Encryption/Encrypter.php:303
Stack trace:
#0 /var/www/html/cemcoErp/vendor/laravel/framework/src/Illuminate/Encryption/Encrypter.php(303): Illuminate\Foundation\Bootstrap\HandleExceptions->handleError(8192, 'Function mcrypt...', '/var/www/html/c...', 303, Array)
#1 /var/www/html/cemcoErp/vendor/laravel/framework/src/Illuminate/Encryption/Encrypter.php(280): Illuminate\Encryption\Encrypter->updateBlockSize()
#2 /var/www/html/cemcoErp/vendor/laravel/framework/src/Illuminate/Encryption/EncryptionServiceProvider.php(20): Illuminate\Encryption\Encrypter->setCipher('AES-256-CBC')
#3 /var/www/html/cemcoErp/vendor/laravel/framework/src/Illuminate/Container/Container.php(776): Illuminate\Encryption\EncryptionServiceProvider->Illuminate\Encryption\{closure}(Object(Illuminate\Foundation\Application), Array)
#4 /var/www/html/cemcoErp/vendor/laravel/framework/src/Illuminate/Container/Container.php(659): Illuminate\Container\Container->build(Object(Closure), Array)
#5 /var/www/html/cemcoErp/vendor/laravel/framework/src/Illuminate/Foundation/Application.php(644): Illuminate\Container\Container->make('encrypter', Array)
#6 /var/www/html/cemcoErp/vendor/laravel/framework/src/Illuminate/Container/Container.php(890): Illuminate\Foundation\Application->make('encrypter')
#7 /var/www/html/cemcoErp/vendor/laravel/framework/src/Illuminate/Container/Container.php(851): Illuminate\Container\Container->resolveClass(Object(ReflectionParameter))
#8 /var/www/html/cemcoErp/vendor/laravel/framework/src/Illuminate/Container/Container.php(815): Illuminate\Container\Container->getDependencies(Array, Array)
#9 /var/www/html/cemcoErp/vendor/laravel/framework/src/Illuminate/Container/Container.php(659): Illuminate\Container\Container->build('Illuminate\\Cook...', Array)
#10 /var/www/html/cemcoErp/vendor/laravel/framework/src/Illuminate/Foundation/Application.php(644): Illuminate\Container\Container->make('Illuminate\\Cook...', Array)
#11 /var/www/html/cemcoErp/vendor/laravel/framework/src/Illuminate/Pipeline/Pipeline.php(124): Illuminate\Foundation\Application->make('Illuminate\\Cook...')
#12 /var/www/html/cemcoErp/vendor/laravel/framework/src/Illuminate/Foundation/Http/Middleware/CheckForMaintenanceMode.php(42): Illuminate\Pipeline\Pipeline->Illuminate\Pipeline\{closure}(Object(Illuminate\Http\Request))
#13 /var/www/html/cemcoErp/vendor/laravel/framework/src/Illuminate/Pipeline/Pipeline.php(125): Illuminate\Foundation\Http\Middleware\CheckForMaintenanceMode->handle(Object(Illuminate\Http\Request), Object(Closure))
#14 [internal function]: Illuminate\Pipeline\Pipeline->Illuminate\Pipeline\{closure}(Object(Illuminate\Http\Request))
#15 /var/www/html/cemcoErp/vendor/laravel/framework/src/Illuminate/Pipeline/Pipeline.php(100): call_user_func(Object(Closure), Object(Illuminate\Http\Request))
#16 /var/www/html/cemcoErp/vendor/laravel/framework/src/Illuminate/Foundation/Http/Kernel.php(115): Illuminate\Pipeline\Pipeline->then(Object(Closure))
#17 /var/www/html/cemcoErp/vendor/laravel/framework/src/Illuminate/Foundation/Http/Kernel.php(84): Illuminate\Foundation\Http\Kernel->sendRequestThroughRouter(Object(Illuminate\Http\Request))
#18 /var/www/html/cemcoErp/public/index.php(52): Illuminate\Foundation\Http\Kernel->handle(Object(Illuminate\Http\Request))
#19 /var/www/html/cemcoErp/server.php(21): require_once('/var/www/html/c...')
#20 {main}  
[2020-04-11 20:10:55] local.ERROR: ErrorException: Function mcrypt_get_iv_size() is deprecated in /var/www/html/cemcoErp/vendor/laravel/framework/src/Illuminate/Encryption/Encrypter.php:303
Stack trace:
#0 /var/www/html/cemcoErp/vendor/laravel/framework/src/Illuminate/Encryption/Encrypter.php(303): Illuminate\Foundation\Bootstrap\HandleExceptions->handleError(8192, 'Function mcrypt...', '/var/www/html/c...', 303, Array)
#1 /var/www/html/cemcoErp/vendor/laravel/framework/src/Illuminate/Encryption/Encrypter.php(280): Illuminate\Encryption\Encrypter->updateBlockSize()
#2 /var/www/html/cemcoErp/vendor/laravel/framework/src/Illuminate/Encryption/EncryptionServiceProvider.php(20): Illuminate\Encryption\Encrypter->setCipher('AES-256-CBC')
#3 /var/www/html/cemcoErp/vendor/laravel/framework/src/Illuminate/Container/Container.php(776): Illuminate\Encryption\EncryptionServiceProvider->Illuminate\Encryption\{closure}(Object(Illuminate\Foundation\Application), Array)
#4 /var/www/html/cemcoErp/vendor/laravel/framework/src/Illuminate/Container/Container.php(659): Illuminate\Container\Container->build(Object(Closure), Array)
#5 /var/www/html/cemcoErp/vendor/laravel/framework/src/Illuminate/Foundation/Application.php(644): Illuminate\Container\Container->make('encrypter', Array)
#6 /var/www/html/cemcoErp/vendor/laravel/framework/src/Illuminate/Container/Container.php(890): Illuminate\Foundation\Application->make('encrypter')
#7 /var/www/html/cemcoErp/vendor/laravel/framework/src/Illuminate/Container/Container.php(851): Illuminate\Container\Container->resolveClass(Object(ReflectionParameter))
#8 /var/www/html/cemcoErp/vendor/laravel/framework/src/Illuminate/Container/Container.php(815): Illuminate\Container\Container->getDependencies(Array, Array)
#9 /var/www/html/cemcoErp/vendor/laravel/framework/src/Illuminate/Container/Container.php(659): Illuminate\Container\Container->build('Illuminate\\Cook...', Array)
#10 /var/www/html/cemcoErp/vendor/laravel/framework/src/Illuminate/Foundation/Application.php(644): Illuminate\Container\Container->make('Illuminate\\Cook...', Array)
#11 /var/www/html/cemcoErp/vendor/laravel/framework/src/Illuminate/Foundation/Http/Kernel.php(131): Illuminate\Foundation\Application->make('Illuminate\\Cook...')
#12 /var/www/html/cemcoErp/public/index.php(57): Illuminate\Foundation\Http\Kernel->terminate(Object(Illuminate\Http\Request), Object(Symfony\Component\HttpFoundation\Response))
#13 /var/www/html/cemcoErp/server.php(21): require_once('/var/www/html/c...')
#14 {main}  
[2020-04-11 20:22:48] local.ERROR: ErrorException: Function mcrypt_get_iv_size() is deprecated in /var/www/html/cemcoErp/vendor/laravel/framework/src/Illuminate/Encryption/Encrypter.php:303
Stack trace:
#0 /var/www/html/cemcoErp/vendor/laravel/framework/src/Illuminate/Encryption/Encrypter.php(303): Illuminate\Foundation\Bootstrap\HandleExceptions->handleError(8192, 'Function mcrypt...', '/var/www/html/c...', 303, Array)
#1 /var/www/html/cemcoErp/vendor/laravel/framework/src/Illuminate/Encryption/Encrypter.php(280): Illuminate\Encryption\Encrypter->updateBlockSize()
#2 /var/www/html/cemcoErp/vendor/laravel/framework/src/Illuminate/Encryption/EncryptionServiceProvider.php(20): Illuminate\Encryption\Encrypter->setCipher('AES-256-CBC')
#3 /var/www/html/cemcoErp/vendor/laravel/framework/src/Illuminate/Container/Container.php(776): Illuminate\Encryption\EncryptionServiceProvider->Illuminate\Encryption\{closure}(Object(Illuminate\Foundation\Application), Array)
#4 /var/www/html/cemcoErp/vendor/laravel/framework/src/Illuminate/Container/Container.php(659): Illuminate\Container\Container->build(Object(Closure), Array)
#5 /var/www/html/cemcoErp/vendor/laravel/framework/src/Illuminate/Foundation/Application.php(644): Illuminate\Container\Container->make('encrypter', Array)
#6 /var/www/html/cemcoErp/vendor/laravel/framework/src/Illuminate/Container/Container.php(890): Illuminate\Foundation\Application->make('encrypter')
#7 /var/www/html/cemcoErp/vendor/laravel/framework/src/Illuminate/Container/Container.php(851): Illuminate\Container\Container->resolveClass(Object(ReflectionParameter))
#8 /var/www/html/cemcoErp/vendor/laravel/framework/src/Illuminate/Container/Container.php(815): Illuminate\Container\Container->getDependencies(Array, Array)
#9 /var/www/html/cemcoErp/vendor/laravel/framework/src/Illuminate/Container/Container.php(659): Illuminate\Container\Container->build('Illuminate\\Cook...', Array)
#10 /var/www/html/cemcoErp/vendor/laravel/framework/src/Illuminate/Foundation/Application.php(644): Illuminate\Container\Container->make('Illuminate\\Cook...', Array)
#11 /var/www/html/cemcoErp/vendor/laravel/framework/src/Illuminate/Pipeline/Pipeline.php(124): Illuminate\Foundation\Application->make('Illuminate\\Cook...')
#12 /var/www/html/cemcoErp/vendor/laravel/framework/src/Illuminate/Foundation/Http/Middleware/CheckForMaintenanceMode.php(42): Illuminate\Pipeline\Pipeline->Illuminate\Pipeline\{closure}(Object(Illuminate\Http\Request))
#13 /var/www/html/cemcoErp/vendor/laravel/framework/src/Illuminate/Pipeline/Pipeline.php(125): Illuminate\Foundation\Http\Middleware\CheckForMaintenanceMode->handle(Object(Illuminate\Http\Request), Object(Closure))
#14 [internal function]: Illuminate\Pipeline\Pipeline->Illuminate\Pipeline\{closure}(Object(Illuminate\Http\Request))
#15 /var/www/html/cemcoErp/vendor/laravel/framework/src/Illuminate/Pipeline/Pipeline.php(100): call_user_func(Object(Closure), Object(Illuminate\Http\Request))
#16 /var/www/html/cemcoErp/vendor/laravel/framework/src/Illuminate/Foundation/Http/Kernel.php(115): Illuminate\Pipeline\Pipeline->then(Object(Closure))
#17 /var/www/html/cemcoErp/vendor/laravel/framework/src/Illuminate/Foundation/Http/Kernel.php(84): Illuminate\Foundation\Http\Kernel->sendRequestThroughRouter(Object(Illuminate\Http\Request))
#18 /var/www/html/cemcoErp/public/index.php(52): Illuminate\Foundation\Http\Kernel->handle(Object(Illuminate\Http\Request))
#19 /var/www/html/cemcoErp/server.php(21): require_once('/var/www/html/c...')
#20 {main}  
[2020-04-11 20:22:48] local.ERROR: ErrorException: Function mcrypt_get_iv_size() is deprecated in /var/www/html/cemcoErp/vendor/laravel/framework/src/Illuminate/Encryption/Encrypter.php:303
Stack trace:
#0 /var/www/html/cemcoErp/vendor/laravel/framework/src/Illuminate/Encryption/Encrypter.php(303): Illuminate\Foundation\Bootstrap\HandleExceptions->handleError(8192, 'Function mcrypt...', '/var/www/html/c...', 303, Array)
#1 /var/www/html/cemcoErp/vendor/laravel/framework/src/Illuminate/Encryption/Encrypter.php(280): Illuminate\Encryption\Encrypter->updateBlockSize()
#2 /var/www/html/cemcoErp/vendor/laravel/framework/src/Illuminate/Encryption/EncryptionServiceProvider.php(20): Illuminate\Encryption\Encrypter->setCipher('AES-256-CBC')
#3 /var/www/html/cemcoErp/vendor/laravel/framework/src/Illuminate/Container/Container.php(776): Illuminate\Encryption\EncryptionServiceProvider->Illuminate\Encryption\{closure}(Object(Illuminate\Foundation\Application), Array)
#4 /var/www/html/cemcoErp/vendor/laravel/framework/src/Illuminate/Container/Container.php(659): Illuminate\Container\Container->build(Object(Closure), Array)
#5 /var/www/html/cemcoErp/vendor/laravel/framework/src/Illuminate/Foundation/Application.php(644): Illuminate\Container\Container->make('encrypter', Array)
#6 /var/www/html/cemcoErp/vendor/laravel/framework/src/Illuminate/Container/Container.php(890): Illuminate\Foundation\Application->make('encrypter')
#7 /var/www/html/cemcoErp/vendor/laravel/framework/src/Illuminate/Container/Container.php(851): Illuminate\Container\Container->resolveClass(Object(ReflectionParameter))
#8 /var/www/html/cemcoErp/vendor/laravel/framework/src/Illuminate/Container/Container.php(815): Illuminate\Container\Container->getDependencies(Array, Array)
#9 /var/www/html/cemcoErp/vendor/laravel/framework/src/Illuminate/Container/Container.php(659): Illuminate\Container\Container->build('Illuminate\\Cook...', Array)
#10 /var/www/html/cemcoErp/vendor/laravel/framework/src/Illuminate/Foundation/Application.php(644): Illuminate\Container\Container->make('Illuminate\\Cook...', Array)
#11 /var/www/html/cemcoErp/vendor/laravel/framework/src/Illuminate/Foundation/Http/Kernel.php(131): Illuminate\Foundation\Application->make('Illuminate\\Cook...')
#12 /var/www/html/cemcoErp/public/index.php(57): Illuminate\Foundation\Http\Kernel->terminate(Object(Illuminate\Http\Request), Object(Symfony\Component\HttpFoundation\Response))
#13 /var/www/html/cemcoErp/server.php(21): require_once('/var/www/html/c...')
#14 {main}  
[2020-04-11 20:29:06] local.ERROR: ErrorException: Function mcrypt_get_iv_size() is deprecated in /var/www/html/cemcoErp/vendor/laravel/framework/src/Illuminate/Encryption/Encrypter.php:303
Stack trace:
#0 /var/www/html/cemcoErp/vendor/laravel/framework/src/Illuminate/Encryption/Encrypter.php(303): Illuminate\Foundation\Bootstrap\HandleExceptions->handleError(8192, 'Function mcrypt...', '/var/www/html/c...', 303, Array)
#1 /var/www/html/cemcoErp/vendor/laravel/framework/src/Illuminate/Encryption/Encrypter.php(280): Illuminate\Encryption\Encrypter->updateBlockSize()
#2 /var/www/html/cemcoErp/vendor/laravel/framework/src/Illuminate/Encryption/EncryptionServiceProvider.php(20): Illuminate\Encryption\Encrypter->setCipher('aes-128-cbc')
#3 /var/www/html/cemcoErp/vendor/laravel/framework/src/Illuminate/Container/Container.php(776): Illuminate\Encryption\EncryptionServiceProvider->Illuminate\Encryption\{closure}(Object(Illuminate\Foundation\Application), Array)
#4 /var/www/html/cemcoErp/vendor/laravel/framework/src/Illuminate/Container/Container.php(659): Illuminate\Container\Container->build(Object(Closure), Array)
#5 /var/www/html/cemcoErp/vendor/laravel/framework/src/Illuminate/Foundation/Application.php(644): Illuminate\Container\Container->make('encrypter', Array)
#6 /var/www/html/cemcoErp/vendor/laravel/framework/src/Illuminate/Container/Container.php(890): Illuminate\Foundation\Application->make('encrypter')
#7 /var/www/html/cemcoErp/vendor/laravel/framework/src/Illuminate/Container/Container.php(851): Illuminate\Container\Container->resolveClass(Object(ReflectionParameter))
#8 /var/www/html/cemcoErp/vendor/laravel/framework/src/Illuminate/Container/Container.php(815): Illuminate\Container\Container->getDependencies(Array, Array)
#9 /var/www/html/cemcoErp/vendor/laravel/framework/src/Illuminate/Container/Container.php(659): Illuminate\Container\Container->build('Illuminate\\Cook...', Array)
#10 /var/www/html/cemcoErp/vendor/laravel/framework/src/Illuminate/Foundation/Application.php(644): Illuminate\Container\Container->make('Illuminate\\Cook...', Array)
#11 /var/www/html/cemcoErp/vendor/laravel/framework/src/Illuminate/Pipeline/Pipeline.php(124): Illuminate\Foundation\Application->make('Illuminate\\Cook...')
#12 /var/www/html/cemcoErp/vendor/laravel/framework/src/Illuminate/Foundation/Http/Middleware/CheckForMaintenanceMode.php(42): Illuminate\Pipeline\Pipeline->Illuminate\Pipeline\{closure}(Object(Illuminate\Http\Request))
#13 /var/www/html/cemcoErp/vendor/laravel/framework/src/Illuminate/Pipeline/Pipeline.php(125): Illuminate\Foundation\Http\Middleware\CheckForMaintenanceMode->handle(Object(Illuminate\Http\Request), Object(Closure))
#14 [internal function]: Illuminate\Pipeline\Pipeline->Illuminate\Pipeline\{closure}(Object(Illuminate\Http\Request))
#15 /var/www/html/cemcoErp/vendor/laravel/framework/src/Illuminate/Pipeline/Pipeline.php(100): call_user_func(Object(Closure), Object(Illuminate\Http\Request))
#16 /var/www/html/cemcoErp/vendor/laravel/framework/src/Illuminate/Foundation/Http/Kernel.php(115): Illuminate\Pipeline\Pipeline->then(Object(Closure))
#17 /var/www/html/cemcoErp/vendor/laravel/framework/src/Illuminate/Foundation/Http/Kernel.php(84): Illuminate\Foundation\Http\Kernel->sendRequestThroughRouter(Object(Illuminate\Http\Request))
#18 /var/www/html/cemcoErp/public/index.php(52): Illuminate\Foundation\Http\Kernel->handle(Object(Illuminate\Http\Request))
#19 /var/www/html/cemcoErp/server.php(21): require_once('/var/www/html/c...')
#20 {main}  
[2020-04-11 20:29:06] local.ERROR: ErrorException: Function mcrypt_get_iv_size() is deprecated in /var/www/html/cemcoErp/vendor/laravel/framework/src/Illuminate/Encryption/Encrypter.php:303
Stack trace:
#0 /var/www/html/cemcoErp/vendor/laravel/framework/src/Illuminate/Encryption/Encrypter.php(303): Illuminate\Foundation\Bootstrap\HandleExceptions->handleError(8192, 'Function mcrypt...', '/var/www/html/c...', 303, Array)
#1 /var/www/html/cemcoErp/vendor/laravel/framework/src/Illuminate/Encryption/Encrypter.php(280): Illuminate\Encryption\Encrypter->updateBlockSize()
#2 /var/www/html/cemcoErp/vendor/laravel/framework/src/Illuminate/Encryption/EncryptionServiceProvider.php(20): Illuminate\Encryption\Encrypter->setCipher('aes-128-cbc')
#3 /var/www/html/cemcoErp/vendor/laravel/framework/src/Illuminate/Container/Container.php(776): Illuminate\Encryption\EncryptionServiceProvider->Illuminate\Encryption\{closure}(Object(Illuminate\Foundation\Application), Array)
#4 /var/www/html/cemcoErp/vendor/laravel/framework/src/Illuminate/Container/Container.php(659): Illuminate\Container\Container->build(Object(Closure), Array)
#5 /var/www/html/cemcoErp/vendor/laravel/framework/src/Illuminate/Foundation/Application.php(644): Illuminate\Container\Container->make('encrypter', Array)
#6 /var/www/html/cemcoErp/vendor/laravel/framework/src/Illuminate/Container/Container.php(890): Illuminate\Foundation\Application->make('encrypter')
#7 /var/www/html/cemcoErp/vendor/laravel/framework/src/Illuminate/Container/Container.php(851): Illuminate\Container\Container->resolveClass(Object(ReflectionParameter))
#8 /var/www/html/cemcoErp/vendor/laravel/framework/src/Illuminate/Container/Container.php(815): Illuminate\Container\Container->getDependencies(Array, Array)
#9 /var/www/html/cemcoErp/vendor/laravel/framework/src/Illuminate/Container/Container.php(659): Illuminate\Container\Container->build('Illuminate\\Cook...', Array)
#10 /var/www/html/cemcoErp/vendor/laravel/framework/src/Illuminate/Foundation/Application.php(644): Illuminate\Container\Container->make('Illuminate\\Cook...', Array)
#11 /var/www/html/cemcoErp/vendor/laravel/framework/src/Illuminate/Foundation/Http/Kernel.php(131): Illuminate\Foundation\Application->make('Illuminate\\Cook...')
#12 /var/www/html/cemcoErp/public/index.php(57): Illuminate\Foundation\Http\Kernel->terminate(Object(Illuminate\Http\Request), Object(Symfony\Component\HttpFoundation\Response))
#13 /var/www/html/cemcoErp/server.php(21): require_once('/var/www/html/c...')
#14 {main}  
