[2016-03-07 23:18:32] local.ERROR: exception 'Symfony\Component\Debug\Exception\FatalErrorException' with message 'Unsupported operand types' in E:\dev\wamp64\www\cemcoErp\app\PurchaseInvoiceDetail.php:45
Stack trace:
#0 E:\dev\wamp64\www\cemcoErp\vendor\laravel\framework\src\Illuminate\Foundation\Bootstrap\HandleExceptions.php(131): Symfony\Component\Debug\Exception\FatalErrorException->__construct()
#1 E:\dev\wamp64\www\cemcoErp\vendor\laravel\framework\src\Illuminate\Foundation\Bootstrap\HandleExceptions.php(116): Illuminate\Foundation\Bootstrap\HandleExceptions->fatalExceptionFromError()
#2 E:\dev\wamp64\www\cemcoErp\vendor\laravel\framework\src\Illuminate\Foundation\Bootstrap\HandleExceptions.php(0): Illuminate\Foundation\Bootstrap\HandleExceptions->handleShutdown()
#3 E:\dev\wamp64\www\cemcoErp\app\Http\Controllers\PurchaseInvoiceController.php(228): App\PurchaseInvoiceDetail->getPurchasedue()
#4 E:\dev\wamp64\www\cemcoErp\vendor\laravel\framework\src\Illuminate\Routing\Controller.php(246): App\Http\Controllers\PurchaseInvoiceController->getMake()
#5 E:\dev\wamp64\www\cemcoErp\vendor\laravel\framework\src\Illuminate\Routing\Controller.php(246): call_user_func_array:{E:\dev\wamp64\www\cemcoErp\vendor\laravel\framework\src\Illuminate\Routing\Controller.php:246}()
#6 E:\dev\wamp64\www\cemcoErp\vendor\laravel\framework\src\Illuminate\Routing\ControllerDispatcher.php(162): Illuminate\Routing\Controller->callAction()
#7 E:\dev\wamp64\www\cemcoErp\vendor\laravel\framework\src\Illuminate\Routing\ControllerDispatcher.php(107): Illuminate\Routing\ControllerDispatcher->call()
#8 E:\dev\wamp64\www\cemcoErp\vendor\laravel\framework\src\Illuminate\Pipeline\Pipeline.php(141): Illuminate\Routing\ControllerDispatcher->Illuminate\Routing\{closure}()
#9 E:\dev\wamp64\www\cemcoErp\vendor\laravel\framework\src\Illuminate\Pipeline\Pipeline.php(141): call_user_func:{E:\dev\wamp64\www\cemcoErp\vendor\laravel\framework\src\Illuminate\Pipeline\Pipeline.php:141}()
#10 E:\dev\wamp64\www\cemcoErp\app\Http\Middleware\Authenticate.php(47): Illuminate\Pipeline\Pipeline->Illuminate\Pipeline\{closure}()
#11 E:\dev\wamp64\www\cemcoErp\vendor\laravel\framework\src\Illuminate\Pipeline\Pipeline.php(125): App\Http\Middleware\Authenticate->handle()
#12 E:\dev\wamp64\www\cemcoErp\vendor\laravel\framework\src\Illuminate\Pipeline\Pipeline.php(101): Illuminate\Pipeline\Pipeline->Illuminate\Pipeline\{closure}()
#13 E:\dev\wamp64\www\cemcoErp\vendor\laravel\framework\src\Illuminate\Pipeline\Pipeline.php(101): call_user_func:{E:\dev\wamp64\www\cemcoErp\vendor\laravel\framework\src\Illuminate\Pipeline\Pipeline.php:101}()
#14 E:\dev\wamp64\www\cemcoErp\vendor\laravel\framework\src\Illuminate\Routing\ControllerDispatcher.php(108): Illuminate\Pipeline\Pipeline->then()
#15 E:\dev\wamp64\www\cemcoErp\vendor\laravel\framework\src\Illuminate\Routing\ControllerDispatcher.php(67): Illuminate\Routing\ControllerDispatcher->callWithinStack()
#16 E:\dev\wamp64\www\cemcoErp\vendor\laravel\framework\src\Illuminate\Routing\Route.php(204): Illuminate\Routing\ControllerDispatcher->dispatch()
#17 E:\dev\wamp64\www\cemcoErp\vendor\laravel\framework\src\Illuminate\Routing\Route.php(134): Illuminate\Routing\Route->runWithCustomDispatcher()
#18 E:\dev\wamp64\www\cemcoErp\vendor\laravel\framework\src\Illuminate\Routing\Router.php(701): Illuminate\Routing\Route->run()
#19 E:\dev\wamp64\www\cemcoErp\vendor\laravel\framework\src\Illuminate\Pipeline\Pipeline.php(141): Illuminate\Routing\Router->Illuminate\Routing\{closure}()
#20 E:\dev\wamp64\www\cemcoErp\vendor\laravel\framework\src\Illuminate\Pipeline\Pipeline.php(141): call_user_func:{E:\dev\wamp64\www\cemcoErp\vendor\laravel\framework\src\Illuminate\Pipeline\Pipeline.php:141}()
#21 E:\dev\wamp64\www\cemcoErp\vendor\laravel\framework\src\Illuminate\Pipeline\Pipeline.php(101): Illuminate\Pipeline\Pipeline->Illuminate\Pipeline\{closure}()
#22 E:\dev\wamp64\www\cemcoErp\vendor\laravel\framework\src\Illuminate\Pipeline\Pipeline.php(101): call_user_func:{E:\dev\wamp64\www\cemcoErp\vendor\laravel\framework\src\Illuminate\Pipeline\Pipeline.php:101}()
#23 E:\dev\wamp64\www\cemcoErp\vendor\laravel\framework\src\Illuminate\Routing\Router.php(703): Illuminate\Pipeline\Pipeline->then()
#24 E:\dev\wamp64\www\cemcoErp\vendor\laravel\framework\src\Illuminate\Routing\Router.php(670): Illuminate\Routing\Router->runRouteWithinStack()
#25 E:\dev\wamp64\www\cemcoErp\vendor\laravel\framework\src\Illuminate\Routing\Router.php(628): Illuminate\Routing\Router->dispatchToRoute()
#26 E:\dev\wamp64\www\cemcoErp\vendor\laravel\framework\src\Illuminate\Foundation\Http\Kernel.php(214): Illuminate\Routing\Router->dispatch()
#27 E:\dev\wamp64\www\cemcoErp\vendor\laravel\framework\src\Illuminate\Pipeline\Pipeline.php(141): Illuminate\Foundation\Http\Kernel->Illuminate\Foundation\Http\{closure}()
#28 E:\dev\wamp64\www\cemcoErp\vendor\laravel\framework\src\Illuminate\Pipeline\Pipeline.php(141): call_user_func:{E:\dev\wamp64\www\cemcoErp\vendor\laravel\framework\src\Illuminate\Pipeline\Pipeline.php:141}()
#29 E:\dev\wamp64\www\cemcoErp\vendor\laravel\framework\src\Illuminate\Foundation\Http\Middleware\VerifyCsrfToken.php(43): Illuminate\Pipeline\Pipeline->Illuminate\Pipeline\{closure}()
#30 E:\dev\wamp64\www\cemcoErp\app\Http\Middleware\VerifyCsrfToken.php(17): Illuminate\Foundation\Http\Middleware\VerifyCsrfToken->handle()
#31 E:\dev\wamp64\www\cemcoErp\vendor\laravel\framework\src\Illuminate\Pipeline\Pipeline.php(125): App\Http\Middleware\VerifyCsrfToken->handle()
#32 E:\dev\wamp64\www\cemcoErp\vendor\laravel\framework\src\Illuminate\View\Middleware\ShareErrorsFromSession.php(55): Illuminate\Pipeline\Pipeline->Illuminate\Pipeline\{closure}()
#33 E:\dev\wamp64\www\cemcoErp\vendor\laravel\framework\src\Illuminate\Pipeline\Pipeline.php(125): Illuminate\View\Middleware\ShareErrorsFromSession->handle()
#34 E:\dev\wamp64\www\cemcoErp\vendor\laravel\framework\src\Illuminate\Session\Middleware\StartSession.php(61): Illuminate\Pipeline\Pipeline->Illuminate\Pipeline\{closure}()
#35 E:\dev\wamp64\www\cemcoErp\vendor\laravel\framework\src\Illuminate\Pipeline\Pipeline.php(125): Illuminate\Session\Middleware\StartSession->handle()
#36 E:\dev\wamp64\www\cemcoErp\vendor\laravel\framework\src\Illuminate\Cookie\Middleware\AddQueuedCookiesToResponse.php(36): Illuminate\Pipeline\Pipeline->Illuminate\Pipeline\{closure}()
#37 E:\dev\wamp64\www\cemcoErp\vendor\laravel\framework\src\Illuminate\Pipeline\Pipeline.php(125): Illuminate\Cookie\Middleware\AddQueuedCookiesToResponse->handle()
#38 E:\dev\wamp64\www\cemcoErp\vendor\laravel\framework\src\Illuminate\Cookie\Middleware\EncryptCookies.php(40): Illuminate\Pipeline\Pipeline->Illuminate\Pipeline\{closure}()
#39 E:\dev\wamp64\www\cemcoErp\vendor\laravel\framework\src\Illuminate\Pipeline\Pipeline.php(125): Illuminate\Cookie\Middleware\EncryptCookies->handle()
#40 E:\dev\wamp64\www\cemcoErp\vendor\laravel\framework\src\Illuminate\Foundation\Http\Middleware\CheckForMaintenanceMode.php(42): Illuminate\Pipeline\Pipeline->Illuminate\Pipeline\{closure}()
#41 E:\dev\wamp64\www\cemcoErp\vendor\laravel\framework\src\Illuminate\Pipeline\Pipeline.php(125): Illuminate\Foundation\Http\Middleware\CheckForMaintenanceMode->handle()
#42 E:\dev\wamp64\www\cemcoErp\vendor\laravel\framework\src\Illuminate\Pipeline\Pipeline.php(101): Illuminate\Pipeline\Pipeline->Illuminate\Pipeline\{closure}()
#43 E:\dev\wamp64\www\cemcoErp\vendor\laravel\framework\src\Illuminate\Pipeline\Pipeline.php(101): call_user_func:{E:\dev\wamp64\www\cemcoErp\vendor\laravel\framework\src\Illuminate\Pipeline\Pipeline.php:101}()
#44 E:\dev\wamp64\www\cemcoErp\vendor\laravel\framework\src\Illuminate\Foundation\Http\Kernel.php(115): Illuminate\Pipeline\Pipeline->then()
#45 E:\dev\wamp64\www\cemcoErp\vendor\laravel\framework\src\Illuminate\Foundation\Http\Kernel.php(84): Illuminate\Foundation\Http\Kernel->sendRequestThroughRouter()
#46 E:\dev\wamp64\www\cemcoErp\public\index.php(53): Illuminate\Foundation\Http\Kernel->handle()
#47 E:\dev\wamp64\www\cemcoErp\public\index.php(0): {main}()
#48 {main}  
[2016-03-07 23:18:37] local.ERROR: exception 'Symfony\Component\Debug\Exception\FatalErrorException' with message 'Unsupported operand types' in E:\dev\wamp64\www\cemcoErp\app\PurchaseInvoiceDetail.php:45
Stack trace:
#0 E:\dev\wamp64\www\cemcoErp\vendor\laravel\framework\src\Illuminate\Foundation\Bootstrap\HandleExceptions.php(131): Symfony\Component\Debug\Exception\FatalErrorException->__construct()
#1 E:\dev\wamp64\www\cemcoErp\vendor\laravel\framework\src\Illuminate\Foundation\Bootstrap\HandleExceptions.php(116): Illuminate\Foundation\Bootstrap\HandleExceptions->fatalExceptionFromError()
#2 E:\dev\wamp64\www\cemcoErp\vendor\laravel\framework\src\Illuminate\Foundation\Bootstrap\HandleExceptions.php(0): Illuminate\Foundation\Bootstrap\HandleExceptions->handleShutdown()
#3 E:\dev\wamp64\www\cemcoErp\app\Http\Controllers\PurchaseInvoiceController.php(228): App\PurchaseInvoiceDetail->getPurchasedue()
#4 E:\dev\wamp64\www\cemcoErp\vendor\laravel\framework\src\Illuminate\Routing\Controller.php(246): App\Http\Controllers\PurchaseInvoiceController->getMake()
#5 E:\dev\wamp64\www\cemcoErp\vendor\laravel\framework\src\Illuminate\Routing\Controller.php(246): call_user_func_array:{E:\dev\wamp64\www\cemcoErp\vendor\laravel\framework\src\Illuminate\Routing\Controller.php:246}()
#6 E:\dev\wamp64\www\cemcoErp\vendor\laravel\framework\src\Illuminate\Routing\ControllerDispatcher.php(162): Illuminate\Routing\Controller->callAction()
#7 E:\dev\wamp64\www\cemcoErp\vendor\laravel\framework\src\Illuminate\Routing\ControllerDispatcher.php(107): Illuminate\Routing\ControllerDispatcher->call()
#8 E:\dev\wamp64\www\cemcoErp\vendor\laravel\framework\src\Illuminate\Pipeline\Pipeline.php(141): Illuminate\Routing\ControllerDispatcher->Illuminate\Routing\{closure}()
#9 E:\dev\wamp64\www\cemcoErp\vendor\laravel\framework\src\Illuminate\Pipeline\Pipeline.php(141): call_user_func:{E:\dev\wamp64\www\cemcoErp\vendor\laravel\framework\src\Illuminate\Pipeline\Pipeline.php:141}()
#10 E:\dev\wamp64\www\cemcoErp\app\Http\Middleware\Authenticate.php(47): Illuminate\Pipeline\Pipeline->Illuminate\Pipeline\{closure}()
#11 E:\dev\wamp64\www\cemcoErp\vendor\laravel\framework\src\Illuminate\Pipeline\Pipeline.php(125): App\Http\Middleware\Authenticate->handle()
#12 E:\dev\wamp64\www\cemcoErp\vendor\laravel\framework\src\Illuminate\Pipeline\Pipeline.php(101): Illuminate\Pipeline\Pipeline->Illuminate\Pipeline\{closure}()
#13 E:\dev\wamp64\www\cemcoErp\vendor\laravel\framework\src\Illuminate\Pipeline\Pipeline.php(101): call_user_func:{E:\dev\wamp64\www\cemcoErp\vendor\laravel\framework\src\Illuminate\Pipeline\Pipeline.php:101}()
#14 E:\dev\wamp64\www\cemcoErp\vendor\laravel\framework\src\Illuminate\Routing\ControllerDispatcher.php(108): Illuminate\Pipeline\Pipeline->then()
#15 E:\dev\wamp64\www\cemcoErp\vendor\laravel\framework\src\Illuminate\Routing\ControllerDispatcher.php(67): Illuminate\Routing\ControllerDispatcher->callWithinStack()
#16 E:\dev\wamp64\www\cemcoErp\vendor\laravel\framework\src\Illuminate\Routing\Route.php(204): Illuminate\Routing\ControllerDispatcher->dispatch()
#17 E:\dev\wamp64\www\cemcoErp\vendor\laravel\framework\src\Illuminate\Routing\Route.php(134): Illuminate\Routing\Route->runWithCustomDispatcher()
#18 E:\dev\wamp64\www\cemcoErp\vendor\laravel\framework\src\Illuminate\Routing\Router.php(701): Illuminate\Routing\Route->run()
#19 E:\dev\wamp64\www\cemcoErp\vendor\laravel\framework\src\Illuminate\Pipeline\Pipeline.php(141): Illuminate\Routing\Router->Illuminate\Routing\{closure}()
#20 E:\dev\wamp64\www\cemcoErp\vendor\laravel\framework\src\Illuminate\Pipeline\Pipeline.php(141): call_user_func:{E:\dev\wamp64\www\cemcoErp\vendor\laravel\framework\src\Illuminate\Pipeline\Pipeline.php:141}()
#21 E:\dev\wamp64\www\cemcoErp\vendor\laravel\framework\src\Illuminate\Pipeline\Pipeline.php(101): Illuminate\Pipeline\Pipeline->Illuminate\Pipeline\{closure}()
#22 E:\dev\wamp64\www\cemcoErp\vendor\laravel\framework\src\Illuminate\Pipeline\Pipeline.php(101): call_user_func:{E:\dev\wamp64\www\cemcoErp\vendor\laravel\framework\src\Illuminate\Pipeline\Pipeline.php:101}()
#23 E:\dev\wamp64\www\cemcoErp\vendor\laravel\framework\src\Illuminate\Routing\Router.php(703): Illuminate\Pipeline\Pipeline->then()
#24 E:\dev\wamp64\www\cemcoErp\vendor\laravel\framework\src\Illuminate\Routing\Router.php(670): Illuminate\Routing\Router->runRouteWithinStack()
#25 E:\dev\wamp64\www\cemcoErp\vendor\laravel\framework\src\Illuminate\Routing\Router.php(628): Illuminate\Routing\Router->dispatchToRoute()
#26 E:\dev\wamp64\www\cemcoErp\vendor\laravel\framework\src\Illuminate\Foundation\Http\Kernel.php(214): Illuminate\Routing\Router->dispatch()
#27 E:\dev\wamp64\www\cemcoErp\vendor\laravel\framework\src\Illuminate\Pipeline\Pipeline.php(141): Illuminate\Foundation\Http\Kernel->Illuminate\Foundation\Http\{closure}()
#28 E:\dev\wamp64\www\cemcoErp\vendor\laravel\framework\src\Illuminate\Pipeline\Pipeline.php(141): call_user_func:{E:\dev\wamp64\www\cemcoErp\vendor\laravel\framework\src\Illuminate\Pipeline\Pipeline.php:141}()
#29 E:\dev\wamp64\www\cemcoErp\vendor\laravel\framework\src\Illuminate\Foundation\Http\Middleware\VerifyCsrfToken.php(43): Illuminate\Pipeline\Pipeline->Illuminate\Pipeline\{closure}()
#30 E:\dev\wamp64\www\cemcoErp\app\Http\Middleware\VerifyCsrfToken.php(17): Illuminate\Foundation\Http\Middleware\VerifyCsrfToken->handle()
#31 E:\dev\wamp64\www\cemcoErp\vendor\laravel\framework\src\Illuminate\Pipeline\Pipeline.php(125): App\Http\Middleware\VerifyCsrfToken->handle()
#32 E:\dev\wamp64\www\cemcoErp\vendor\laravel\framework\src\Illuminate\View\Middleware\ShareErrorsFromSession.php(55): Illuminate\Pipeline\Pipeline->Illuminate\Pipeline\{closure}()
#33 E:\dev\wamp64\www\cemcoErp\vendor\laravel\framework\src\Illuminate\Pipeline\Pipeline.php(125): Illuminate\View\Middleware\ShareErrorsFromSession->handle()
#34 E:\dev\wamp64\www\cemcoErp\vendor\laravel\framework\src\Illuminate\Session\Middleware\StartSession.php(61): Illuminate\Pipeline\Pipeline->Illuminate\Pipeline\{closure}()
#35 E:\dev\wamp64\www\cemcoErp\vendor\laravel\framework\src\Illuminate\Pipeline\Pipeline.php(125): Illuminate\Session\Middleware\StartSession->handle()
#36 E:\dev\wamp64\www\cemcoErp\vendor\laravel\framework\src\Illuminate\Cookie\Middleware\AddQueuedCookiesToResponse.php(36): Illuminate\Pipeline\Pipeline->Illuminate\Pipeline\{closure}()
#37 E:\dev\wamp64\www\cemcoErp\vendor\laravel\framework\src\Illuminate\Pipeline\Pipeline.php(125): Illuminate\Cookie\Middleware\AddQueuedCookiesToResponse->handle()
#38 E:\dev\wamp64\www\cemcoErp\vendor\laravel\framework\src\Illuminate\Cookie\Middleware\EncryptCookies.php(40): Illuminate\Pipeline\Pipeline->Illuminate\Pipeline\{closure}()
#39 E:\dev\wamp64\www\cemcoErp\vendor\laravel\framework\src\Illuminate\Pipeline\Pipeline.php(125): Illuminate\Cookie\Middleware\EncryptCookies->handle()
#40 E:\dev\wamp64\www\cemcoErp\vendor\laravel\framework\src\Illuminate\Foundation\Http\Middleware\CheckForMaintenanceMode.php(42): Illuminate\Pipeline\Pipeline->Illuminate\Pipeline\{closure}()
#41 E:\dev\wamp64\www\cemcoErp\vendor\laravel\framework\src\Illuminate\Pipeline\Pipeline.php(125): Illuminate\Foundation\Http\Middleware\CheckForMaintenanceMode->handle()
#42 E:\dev\wamp64\www\cemcoErp\vendor\laravel\framework\src\Illuminate\Pipeline\Pipeline.php(101): Illuminate\Pipeline\Pipeline->Illuminate\Pipeline\{closure}()
#43 E:\dev\wamp64\www\cemcoErp\vendor\laravel\framework\src\Illuminate\Pipeline\Pipeline.php(101): call_user_func:{E:\dev\wamp64\www\cemcoErp\vendor\laravel\framework\src\Illuminate\Pipeline\Pipeline.php:101}()
#44 E:\dev\wamp64\www\cemcoErp\vendor\laravel\framework\src\Illuminate\Foundation\Http\Kernel.php(115): Illuminate\Pipeline\Pipeline->then()
#45 E:\dev\wamp64\www\cemcoErp\vendor\laravel\framework\src\Illuminate\Foundation\Http\Kernel.php(84): Illuminate\Foundation\Http\Kernel->sendRequestThroughRouter()
#46 E:\dev\wamp64\www\cemcoErp\public\index.php(53): Illuminate\Foundation\Http\Kernel->handle()
#47 E:\dev\wamp64\www\cemcoErp\public\index.php(0): {main}()
#48 {main}  
[2016-03-07 23:18:42] local.ERROR: exception 'Symfony\Component\Debug\Exception\FatalErrorException' with message 'Unsupported operand types' in E:\dev\wamp64\www\cemcoErp\app\PurchaseInvoiceDetail.php:45
Stack trace:
#0 E:\dev\wamp64\www\cemcoErp\vendor\laravel\framework\src\Illuminate\Foundation\Bootstrap\HandleExceptions.php(131): Symfony\Component\Debug\Exception\FatalErrorException->__construct()
#1 E:\dev\wamp64\www\cemcoErp\vendor\laravel\framework\src\Illuminate\Foundation\Bootstrap\HandleExceptions.php(116): Illuminate\Foundation\Bootstrap\HandleExceptions->fatalExceptionFromError()
#2 E:\dev\wamp64\www\cemcoErp\vendor\laravel\framework\src\Illuminate\Foundation\Bootstrap\HandleExceptions.php(0): Illuminate\Foundation\Bootstrap\HandleExceptions->handleShutdown()
#3 E:\dev\wamp64\www\cemcoErp\app\Http\Controllers\PurchaseInvoiceController.php(228): App\PurchaseInvoiceDetail->getPurchasedue()
#4 E:\dev\wamp64\www\cemcoErp\vendor\laravel\framework\src\Illuminate\Routing\Controller.php(246): App\Http\Controllers\PurchaseInvoiceController->getMake()
#5 E:\dev\wamp64\www\cemcoErp\vendor\laravel\framework\src\Illuminate\Routing\Controller.php(246): call_user_func_array:{E:\dev\wamp64\www\cemcoErp\vendor\laravel\framework\src\Illuminate\Routing\Controller.php:246}()
#6 E:\dev\wamp64\www\cemcoErp\vendor\laravel\framework\src\Illuminate\Routing\ControllerDispatcher.php(162): Illuminate\Routing\Controller->callAction()
#7 E:\dev\wamp64\www\cemcoErp\vendor\laravel\framework\src\Illuminate\Routing\ControllerDispatcher.php(107): Illuminate\Routing\ControllerDispatcher->call()
#8 E:\dev\wamp64\www\cemcoErp\vendor\laravel\framework\src\Illuminate\Pipeline\Pipeline.php(141): Illuminate\Routing\ControllerDispatcher->Illuminate\Routing\{closure}()
#9 E:\dev\wamp64\www\cemcoErp\vendor\laravel\framework\src\Illuminate\Pipeline\Pipeline.php(141): call_user_func:{E:\dev\wamp64\www\cemcoErp\vendor\laravel\framework\src\Illuminate\Pipeline\Pipeline.php:141}()
#10 E:\dev\wamp64\www\cemcoErp\app\Http\Middleware\Authenticate.php(47): Illuminate\Pipeline\Pipeline->Illuminate\Pipeline\{closure}()
#11 E:\dev\wamp64\www\cemcoErp\vendor\laravel\framework\src\Illuminate\Pipeline\Pipeline.php(125): App\Http\Middleware\Authenticate->handle()
#12 E:\dev\wamp64\www\cemcoErp\vendor\laravel\framework\src\Illuminate\Pipeline\Pipeline.php(101): Illuminate\Pipeline\Pipeline->Illuminate\Pipeline\{closure}()
#13 E:\dev\wamp64\www\cemcoErp\vendor\laravel\framework\src\Illuminate\Pipeline\Pipeline.php(101): call_user_func:{E:\dev\wamp64\www\cemcoErp\vendor\laravel\framework\src\Illuminate\Pipeline\Pipeline.php:101}()
#14 E:\dev\wamp64\www\cemcoErp\vendor\laravel\framework\src\Illuminate\Routing\ControllerDispatcher.php(108): Illuminate\Pipeline\Pipeline->then()
#15 E:\dev\wamp64\www\cemcoErp\vendor\laravel\framework\src\Illuminate\Routing\ControllerDispatcher.php(67): Illuminate\Routing\ControllerDispatcher->callWithinStack()
#16 E:\dev\wamp64\www\cemcoErp\vendor\laravel\framework\src\Illuminate\Routing\Route.php(204): Illuminate\Routing\ControllerDispatcher->dispatch()
#17 E:\dev\wamp64\www\cemcoErp\vendor\laravel\framework\src\Illuminate\Routing\Route.php(134): Illuminate\Routing\Route->runWithCustomDispatcher()
#18 E:\dev\wamp64\www\cemcoErp\vendor\laravel\framework\src\Illuminate\Routing\Router.php(701): Illuminate\Routing\Route->run()
#19 E:\dev\wamp64\www\cemcoErp\vendor\laravel\framework\src\Illuminate\Pipeline\Pipeline.php(141): Illuminate\Routing\Router->Illuminate\Routing\{closure}()
#20 E:\dev\wamp64\www\cemcoErp\vendor\laravel\framework\src\Illuminate\Pipeline\Pipeline.php(141): call_user_func:{E:\dev\wamp64\www\cemcoErp\vendor\laravel\framework\src\Illuminate\Pipeline\Pipeline.php:141}()
#21 E:\dev\wamp64\www\cemcoErp\vendor\laravel\framework\src\Illuminate\Pipeline\Pipeline.php(101): Illuminate\Pipeline\Pipeline->Illuminate\Pipeline\{closure}()
#22 E:\dev\wamp64\www\cemcoErp\vendor\laravel\framework\src\Illuminate\Pipeline\Pipeline.php(101): call_user_func:{E:\dev\wamp64\www\cemcoErp\vendor\laravel\framework\src\Illuminate\Pipeline\Pipeline.php:101}()
#23 E:\dev\wamp64\www\cemcoErp\vendor\laravel\framework\src\Illuminate\Routing\Router.php(703): Illuminate\Pipeline\Pipeline->then()
#24 E:\dev\wamp64\www\cemcoErp\vendor\laravel\framework\src\Illuminate\Routing\Router.php(670): Illuminate\Routing\Router->runRouteWithinStack()
#25 E:\dev\wamp64\www\cemcoErp\vendor\laravel\framework\src\Illuminate\Routing\Router.php(628): Illuminate\Routing\Router->dispatchToRoute()
#26 E:\dev\wamp64\www\cemcoErp\vendor\laravel\framework\src\Illuminate\Foundation\Http\Kernel.php(214): Illuminate\Routing\Router->dispatch()
#27 E:\dev\wamp64\www\cemcoErp\vendor\laravel\framework\src\Illuminate\Pipeline\Pipeline.php(141): Illuminate\Foundation\Http\Kernel->Illuminate\Foundation\Http\{closure}()
#28 E:\dev\wamp64\www\cemcoErp\vendor\laravel\framework\src\Illuminate\Pipeline\Pipeline.php(141): call_user_func:{E:\dev\wamp64\www\cemcoErp\vendor\laravel\framework\src\Illuminate\Pipeline\Pipeline.php:141}()
#29 E:\dev\wamp64\www\cemcoErp\vendor\laravel\framework\src\Illuminate\Foundation\Http\Middleware\VerifyCsrfToken.php(43): Illuminate\Pipeline\Pipeline->Illuminate\Pipeline\{closure}()
#30 E:\dev\wamp64\www\cemcoErp\app\Http\Middleware\VerifyCsrfToken.php(17): Illuminate\Foundation\Http\Middleware\VerifyCsrfToken->handle()
#31 E:\dev\wamp64\www\cemcoErp\vendor\laravel\framework\src\Illuminate\Pipeline\Pipeline.php(125): App\Http\Middleware\VerifyCsrfToken->handle()
#32 E:\dev\wamp64\www\cemcoErp\vendor\laravel\framework\src\Illuminate\View\Middleware\ShareErrorsFromSession.php(55): Illuminate\Pipeline\Pipeline->Illuminate\Pipeline\{closure}()
#33 E:\dev\wamp64\www\cemcoErp\vendor\laravel\framework\src\Illuminate\Pipeline\Pipeline.php(125): Illuminate\View\Middleware\ShareErrorsFromSession->handle()
#34 E:\dev\wamp64\www\cemcoErp\vendor\laravel\framework\src\Illuminate\Session\Middleware\StartSession.php(61): Illuminate\Pipeline\Pipeline->Illuminate\Pipeline\{closure}()
#35 E:\dev\wamp64\www\cemcoErp\vendor\laravel\framework\src\Illuminate\Pipeline\Pipeline.php(125): Illuminate\Session\Middleware\StartSession->handle()
#36 E:\dev\wamp64\www\cemcoErp\vendor\laravel\framework\src\Illuminate\Cookie\Middleware\AddQueuedCookiesToResponse.php(36): Illuminate\Pipeline\Pipeline->Illuminate\Pipeline\{closure}()
#37 E:\dev\wamp64\www\cemcoErp\vendor\laravel\framework\src\Illuminate\Pipeline\Pipeline.php(125): Illuminate\Cookie\Middleware\AddQueuedCookiesToResponse->handle()
#38 E:\dev\wamp64\www\cemcoErp\vendor\laravel\framework\src\Illuminate\Cookie\Middleware\EncryptCookies.php(40): Illuminate\Pipeline\Pipeline->Illuminate\Pipeline\{closure}()
#39 E:\dev\wamp64\www\cemcoErp\vendor\laravel\framework\src\Illuminate\Pipeline\Pipeline.php(125): Illuminate\Cookie\Middleware\EncryptCookies->handle()
#40 E:\dev\wamp64\www\cemcoErp\vendor\laravel\framework\src\Illuminate\Foundation\Http\Middleware\CheckForMaintenanceMode.php(42): Illuminate\Pipeline\Pipeline->Illuminate\Pipeline\{closure}()
#41 E:\dev\wamp64\www\cemcoErp\vendor\laravel\framework\src\Illuminate\Pipeline\Pipeline.php(125): Illuminate\Foundation\Http\Middleware\CheckForMaintenanceMode->handle()
#42 E:\dev\wamp64\www\cemcoErp\vendor\laravel\framework\src\Illuminate\Pipeline\Pipeline.php(101): Illuminate\Pipeline\Pipeline->Illuminate\Pipeline\{closure}()
#43 E:\dev\wamp64\www\cemcoErp\vendor\laravel\framework\src\Illuminate\Pipeline\Pipeline.php(101): call_user_func:{E:\dev\wamp64\www\cemcoErp\vendor\laravel\framework\src\Illuminate\Pipeline\Pipeline.php:101}()
#44 E:\dev\wamp64\www\cemcoErp\vendor\laravel\framework\src\Illuminate\Foundation\Http\Kernel.php(115): Illuminate\Pipeline\Pipeline->then()
#45 E:\dev\wamp64\www\cemcoErp\vendor\laravel\framework\src\Illuminate\Foundation\Http\Kernel.php(84): Illuminate\Foundation\Http\Kernel->sendRequestThroughRouter()
#46 E:\dev\wamp64\www\cemcoErp\public\index.php(53): Illuminate\Foundation\Http\Kernel->handle()
#47 E:\dev\wamp64\www\cemcoErp\public\index.php(0): {main}()
#48 {main}  
[2016-03-07 23:19:34] local.ERROR: exception 'Symfony\Component\Debug\Exception\FatalErrorException' with message 'Unsupported operand types' in E:\dev\wamp64\www\cemcoErp\app\PurchaseInvoiceDetail.php:45
Stack trace:
#0 E:\dev\wamp64\www\cemcoErp\vendor\laravel\framework\src\Illuminate\Foundation\Bootstrap\HandleExceptions.php(131): Symfony\Component\Debug\Exception\FatalErrorException->__construct()
#1 E:\dev\wamp64\www\cemcoErp\vendor\laravel\framework\src\Illuminate\Foundation\Bootstrap\HandleExceptions.php(116): Illuminate\Foundation\Bootstrap\HandleExceptions->fatalExceptionFromError()
#2 E:\dev\wamp64\www\cemcoErp\vendor\laravel\framework\src\Illuminate\Foundation\Bootstrap\HandleExceptions.php(0): Illuminate\Foundation\Bootstrap\HandleExceptions->handleShutdown()
#3 E:\dev\wamp64\www\cemcoErp\app\Http\Controllers\PurchaseInvoiceController.php(228): App\PurchaseInvoiceDetail->getPurchasedue()
#4 E:\dev\wamp64\www\cemcoErp\vendor\laravel\framework\src\Illuminate\Routing\Controller.php(246): App\Http\Controllers\PurchaseInvoiceController->getMake()
#5 E:\dev\wamp64\www\cemcoErp\vendor\laravel\framework\src\Illuminate\Routing\Controller.php(246): call_user_func_array:{E:\dev\wamp64\www\cemcoErp\vendor\laravel\framework\src\Illuminate\Routing\Controller.php:246}()
#6 E:\dev\wamp64\www\cemcoErp\vendor\laravel\framework\src\Illuminate\Routing\ControllerDispatcher.php(162): Illuminate\Routing\Controller->callAction()
#7 E:\dev\wamp64\www\cemcoErp\vendor\laravel\framework\src\Illuminate\Routing\ControllerDispatcher.php(107): Illuminate\Routing\ControllerDispatcher->call()
#8 E:\dev\wamp64\www\cemcoErp\vendor\laravel\framework\src\Illuminate\Pipeline\Pipeline.php(141): Illuminate\Routing\ControllerDispatcher->Illuminate\Routing\{closure}()
#9 E:\dev\wamp64\www\cemcoErp\vendor\laravel\framework\src\Illuminate\Pipeline\Pipeline.php(141): call_user_func:{E:\dev\wamp64\www\cemcoErp\vendor\laravel\framework\src\Illuminate\Pipeline\Pipeline.php:141}()
#10 E:\dev\wamp64\www\cemcoErp\app\Http\Middleware\Authenticate.php(47): Illuminate\Pipeline\Pipeline->Illuminate\Pipeline\{closure}()
#11 E:\dev\wamp64\www\cemcoErp\vendor\laravel\framework\src\Illuminate\Pipeline\Pipeline.php(125): App\Http\Middleware\Authenticate->handle()
#12 E:\dev\wamp64\www\cemcoErp\vendor\laravel\framework\src\Illuminate\Pipeline\Pipeline.php(101): Illuminate\Pipeline\Pipeline->Illuminate\Pipeline\{closure}()
#13 E:\dev\wamp64\www\cemcoErp\vendor\laravel\framework\src\Illuminate\Pipeline\Pipeline.php(101): call_user_func:{E:\dev\wamp64\www\cemcoErp\vendor\laravel\framework\src\Illuminate\Pipeline\Pipeline.php:101}()
#14 E:\dev\wamp64\www\cemcoErp\vendor\laravel\framework\src\Illuminate\Routing\ControllerDispatcher.php(108): Illuminate\Pipeline\Pipeline->then()
#15 E:\dev\wamp64\www\cemcoErp\vendor\laravel\framework\src\Illuminate\Routing\ControllerDispatcher.php(67): Illuminate\Routing\ControllerDispatcher->callWithinStack()
#16 E:\dev\wamp64\www\cemcoErp\vendor\laravel\framework\src\Illuminate\Routing\Route.php(204): Illuminate\Routing\ControllerDispatcher->dispatch()
#17 E:\dev\wamp64\www\cemcoErp\vendor\laravel\framework\src\Illuminate\Routing\Route.php(134): Illuminate\Routing\Route->runWithCustomDispatcher()
#18 E:\dev\wamp64\www\cemcoErp\vendor\laravel\framework\src\Illuminate\Routing\Router.php(701): Illuminate\Routing\Route->run()
#19 E:\dev\wamp64\www\cemcoErp\vendor\laravel\framework\src\Illuminate\Pipeline\Pipeline.php(141): Illuminate\Routing\Router->Illuminate\Routing\{closure}()
#20 E:\dev\wamp64\www\cemcoErp\vendor\laravel\framework\src\Illuminate\Pipeline\Pipeline.php(141): call_user_func:{E:\dev\wamp64\www\cemcoErp\vendor\laravel\framework\src\Illuminate\Pipeline\Pipeline.php:141}()
#21 E:\dev\wamp64\www\cemcoErp\vendor\laravel\framework\src\Illuminate\Pipeline\Pipeline.php(101): Illuminate\Pipeline\Pipeline->Illuminate\Pipeline\{closure}()
#22 E:\dev\wamp64\www\cemcoErp\vendor\laravel\framework\src\Illuminate\Pipeline\Pipeline.php(101): call_user_func:{E:\dev\wamp64\www\cemcoErp\vendor\laravel\framework\src\Illuminate\Pipeline\Pipeline.php:101}()
#23 E:\dev\wamp64\www\cemcoErp\vendor\laravel\framework\src\Illuminate\Routing\Router.php(703): Illuminate\Pipeline\Pipeline->then()
#24 E:\dev\wamp64\www\cemcoErp\vendor\laravel\framework\src\Illuminate\Routing\Router.php(670): Illuminate\Routing\Router->runRouteWithinStack()
#25 E:\dev\wamp64\www\cemcoErp\vendor\laravel\framework\src\Illuminate\Routing\Router.php(628): Illuminate\Routing\Router->dispatchToRoute()
#26 E:\dev\wamp64\www\cemcoErp\vendor\laravel\framework\src\Illuminate\Foundation\Http\Kernel.php(214): Illuminate\Routing\Router->dispatch()
#27 E:\dev\wamp64\www\cemcoErp\vendor\laravel\framework\src\Illuminate\Pipeline\Pipeline.php(141): Illuminate\Foundation\Http\Kernel->Illuminate\Foundation\Http\{closure}()
#28 E:\dev\wamp64\www\cemcoErp\vendor\laravel\framework\src\Illuminate\Pipeline\Pipeline.php(141): call_user_func:{E:\dev\wamp64\www\cemcoErp\vendor\laravel\framework\src\Illuminate\Pipeline\Pipeline.php:141}()
#29 E:\dev\wamp64\www\cemcoErp\vendor\laravel\framework\src\Illuminate\Foundation\Http\Middleware\VerifyCsrfToken.php(43): Illuminate\Pipeline\Pipeline->Illuminate\Pipeline\{closure}()
#30 E:\dev\wamp64\www\cemcoErp\app\Http\Middleware\VerifyCsrfToken.php(17): Illuminate\Foundation\Http\Middleware\VerifyCsrfToken->handle()
#31 E:\dev\wamp64\www\cemcoErp\vendor\laravel\framework\src\Illuminate\Pipeline\Pipeline.php(125): App\Http\Middleware\VerifyCsrfToken->handle()
#32 E:\dev\wamp64\www\cemcoErp\vendor\laravel\framework\src\Illuminate\View\Middleware\ShareErrorsFromSession.php(55): Illuminate\Pipeline\Pipeline->Illuminate\Pipeline\{closure}()
#33 E:\dev\wamp64\www\cemcoErp\vendor\laravel\framework\src\Illuminate\Pipeline\Pipeline.php(125): Illuminate\View\Middleware\ShareErrorsFromSession->handle()
#34 E:\dev\wamp64\www\cemcoErp\vendor\laravel\framework\src\Illuminate\Session\Middleware\StartSession.php(61): Illuminate\Pipeline\Pipeline->Illuminate\Pipeline\{closure}()
#35 E:\dev\wamp64\www\cemcoErp\vendor\laravel\framework\src\Illuminate\Pipeline\Pipeline.php(125): Illuminate\Session\Middleware\StartSession->handle()
#36 E:\dev\wamp64\www\cemcoErp\vendor\laravel\framework\src\Illuminate\Cookie\Middleware\AddQueuedCookiesToResponse.php(36): Illuminate\Pipeline\Pipeline->Illuminate\Pipeline\{closure}()
#37 E:\dev\wamp64\www\cemcoErp\vendor\laravel\framework\src\Illuminate\Pipeline\Pipeline.php(125): Illuminate\Cookie\Middleware\AddQueuedCookiesToResponse->handle()
#38 E:\dev\wamp64\www\cemcoErp\vendor\laravel\framework\src\Illuminate\Cookie\Middleware\EncryptCookies.php(40): Illuminate\Pipeline\Pipeline->Illuminate\Pipeline\{closure}()
#39 E:\dev\wamp64\www\cemcoErp\vendor\laravel\framework\src\Illuminate\Pipeline\Pipeline.php(125): Illuminate\Cookie\Middleware\EncryptCookies->handle()
#40 E:\dev\wamp64\www\cemcoErp\vendor\laravel\framework\src\Illuminate\Foundation\Http\Middleware\CheckForMaintenanceMode.php(42): Illuminate\Pipeline\Pipeline->Illuminate\Pipeline\{closure}()
#41 E:\dev\wamp64\www\cemcoErp\vendor\laravel\framework\src\Illuminate\Pipeline\Pipeline.php(125): Illuminate\Foundation\Http\Middleware\CheckForMaintenanceMode->handle()
#42 E:\dev\wamp64\www\cemcoErp\vendor\laravel\framework\src\Illuminate\Pipeline\Pipeline.php(101): Illuminate\Pipeline\Pipeline->Illuminate\Pipeline\{closure}()
#43 E:\dev\wamp64\www\cemcoErp\vendor\laravel\framework\src\Illuminate\Pipeline\Pipeline.php(101): call_user_func:{E:\dev\wamp64\www\cemcoErp\vendor\laravel\framework\src\Illuminate\Pipeline\Pipeline.php:101}()
#44 E:\dev\wamp64\www\cemcoErp\vendor\laravel\framework\src\Illuminate\Foundation\Http\Kernel.php(115): Illuminate\Pipeline\Pipeline->then()
#45 E:\dev\wamp64\www\cemcoErp\vendor\laravel\framework\src\Illuminate\Foundation\Http\Kernel.php(84): Illuminate\Foundation\Http\Kernel->sendRequestThroughRouter()
#46 E:\dev\wamp64\www\cemcoErp\public\index.php(53): Illuminate\Foundation\Http\Kernel->handle()
#47 E:\dev\wamp64\www\cemcoErp\public\index.php(0): {main}()
#48 {main}  
[2016-03-07 23:20:16] local.ERROR: exception 'Symfony\Component\Debug\Exception\FatalErrorException' with message 'Unsupported operand types' in E:\dev\wamp64\www\cemcoErp\app\PurchaseInvoiceDetail.php:45
Stack trace:
#0 E:\dev\wamp64\www\cemcoErp\vendor\laravel\framework\src\Illuminate\Foundation\Bootstrap\HandleExceptions.php(131): Symfony\Component\Debug\Exception\FatalErrorException->__construct()
#1 E:\dev\wamp64\www\cemcoErp\vendor\laravel\framework\src\Illuminate\Foundation\Bootstrap\HandleExceptions.php(116): Illuminate\Foundation\Bootstrap\HandleExceptions->fatalExceptionFromError()
#2 E:\dev\wamp64\www\cemcoErp\vendor\laravel\framework\src\Illuminate\Foundation\Bootstrap\HandleExceptions.php(0): Illuminate\Foundation\Bootstrap\HandleExceptions->handleShutdown()
#3 E:\dev\wamp64\www\cemcoErp\app\Http\Controllers\PurchaseInvoiceController.php(228): App\PurchaseInvoiceDetail->getPurchasedue()
#4 E:\dev\wamp64\www\cemcoErp\vendor\laravel\framework\src\Illuminate\Routing\Controller.php(246): App\Http\Controllers\PurchaseInvoiceController->getMake()
#5 E:\dev\wamp64\www\cemcoErp\vendor\laravel\framework\src\Illuminate\Routing\Controller.php(246): call_user_func_array:{E:\dev\wamp64\www\cemcoErp\vendor\laravel\framework\src\Illuminate\Routing\Controller.php:246}()
#6 E:\dev\wamp64\www\cemcoErp\vendor\laravel\framework\src\Illuminate\Routing\ControllerDispatcher.php(162): Illuminate\Routing\Controller->callAction()
#7 E:\dev\wamp64\www\cemcoErp\vendor\laravel\framework\src\Illuminate\Routing\ControllerDispatcher.php(107): Illuminate\Routing\ControllerDispatcher->call()
#8 E:\dev\wamp64\www\cemcoErp\vendor\laravel\framework\src\Illuminate\Pipeline\Pipeline.php(141): Illuminate\Routing\ControllerDispatcher->Illuminate\Routing\{closure}()
#9 E:\dev\wamp64\www\cemcoErp\vendor\laravel\framework\src\Illuminate\Pipeline\Pipeline.php(141): call_user_func:{E:\dev\wamp64\www\cemcoErp\vendor\laravel\framework\src\Illuminate\Pipeline\Pipeline.php:141}()
#10 E:\dev\wamp64\www\cemcoErp\app\Http\Middleware\Authenticate.php(47): Illuminate\Pipeline\Pipeline->Illuminate\Pipeline\{closure}()
#11 E:\dev\wamp64\www\cemcoErp\vendor\laravel\framework\src\Illuminate\Pipeline\Pipeline.php(125): App\Http\Middleware\Authenticate->handle()
#12 E:\dev\wamp64\www\cemcoErp\vendor\laravel\framework\src\Illuminate\Pipeline\Pipeline.php(101): Illuminate\Pipeline\Pipeline->Illuminate\Pipeline\{closure}()
#13 E:\dev\wamp64\www\cemcoErp\vendor\laravel\framework\src\Illuminate\Pipeline\Pipeline.php(101): call_user_func:{E:\dev\wamp64\www\cemcoErp\vendor\laravel\framework\src\Illuminate\Pipeline\Pipeline.php:101}()
#14 E:\dev\wamp64\www\cemcoErp\vendor\laravel\framework\src\Illuminate\Routing\ControllerDispatcher.php(108): Illuminate\Pipeline\Pipeline->then()
#15 E:\dev\wamp64\www\cemcoErp\vendor\laravel\framework\src\Illuminate\Routing\ControllerDispatcher.php(67): Illuminate\Routing\ControllerDispatcher->callWithinStack()
#16 E:\dev\wamp64\www\cemcoErp\vendor\laravel\framework\src\Illuminate\Routing\Route.php(204): Illuminate\Routing\ControllerDispatcher->dispatch()
#17 E:\dev\wamp64\www\cemcoErp\vendor\laravel\framework\src\Illuminate\Routing\Route.php(134): Illuminate\Routing\Route->runWithCustomDispatcher()
#18 E:\dev\wamp64\www\cemcoErp\vendor\laravel\framework\src\Illuminate\Routing\Router.php(701): Illuminate\Routing\Route->run()
#19 E:\dev\wamp64\www\cemcoErp\vendor\laravel\framework\src\Illuminate\Pipeline\Pipeline.php(141): Illuminate\Routing\Router->Illuminate\Routing\{closure}()
#20 E:\dev\wamp64\www\cemcoErp\vendor\laravel\framework\src\Illuminate\Pipeline\Pipeline.php(141): call_user_func:{E:\dev\wamp64\www\cemcoErp\vendor\laravel\framework\src\Illuminate\Pipeline\Pipeline.php:141}()
#21 E:\dev\wamp64\www\cemcoErp\vendor\laravel\framework\src\Illuminate\Pipeline\Pipeline.php(101): Illuminate\Pipeline\Pipeline->Illuminate\Pipeline\{closure}()
#22 E:\dev\wamp64\www\cemcoErp\vendor\laravel\framework\src\Illuminate\Pipeline\Pipeline.php(101): call_user_func:{E:\dev\wamp64\www\cemcoErp\vendor\laravel\framework\src\Illuminate\Pipeline\Pipeline.php:101}()
#23 E:\dev\wamp64\www\cemcoErp\vendor\laravel\framework\src\Illuminate\Routing\Router.php(703): Illuminate\Pipeline\Pipeline->then()
#24 E:\dev\wamp64\www\cemcoErp\vendor\laravel\framework\src\Illuminate\Routing\Router.php(670): Illuminate\Routing\Router->runRouteWithinStack()
#25 E:\dev\wamp64\www\cemcoErp\vendor\laravel\framework\src\Illuminate\Routing\Router.php(628): Illuminate\Routing\Router->dispatchToRoute()
#26 E:\dev\wamp64\www\cemcoErp\vendor\laravel\framework\src\Illuminate\Foundation\Http\Kernel.php(214): Illuminate\Routing\Router->dispatch()
#27 E:\dev\wamp64\www\cemcoErp\vendor\laravel\framework\src\Illuminate\Pipeline\Pipeline.php(141): Illuminate\Foundation\Http\Kernel->Illuminate\Foundation\Http\{closure}()
#28 E:\dev\wamp64\www\cemcoErp\vendor\laravel\framework\src\Illuminate\Pipeline\Pipeline.php(141): call_user_func:{E:\dev\wamp64\www\cemcoErp\vendor\laravel\framework\src\Illuminate\Pipeline\Pipeline.php:141}()
#29 E:\dev\wamp64\www\cemcoErp\vendor\laravel\framework\src\Illuminate\Foundation\Http\Middleware\VerifyCsrfToken.php(43): Illuminate\Pipeline\Pipeline->Illuminate\Pipeline\{closure}()
#30 E:\dev\wamp64\www\cemcoErp\app\Http\Middleware\VerifyCsrfToken.php(17): Illuminate\Foundation\Http\Middleware\VerifyCsrfToken->handle()
#31 E:\dev\wamp64\www\cemcoErp\vendor\laravel\framework\src\Illuminate\Pipeline\Pipeline.php(125): App\Http\Middleware\VerifyCsrfToken->handle()
#32 E:\dev\wamp64\www\cemcoErp\vendor\laravel\framework\src\Illuminate\View\Middleware\ShareErrorsFromSession.php(55): Illuminate\Pipeline\Pipeline->Illuminate\Pipeline\{closure}()
#33 E:\dev\wamp64\www\cemcoErp\vendor\laravel\framework\src\Illuminate\Pipeline\Pipeline.php(125): Illuminate\View\Middleware\ShareErrorsFromSession->handle()
#34 E:\dev\wamp64\www\cemcoErp\vendor\laravel\framework\src\Illuminate\Session\Middleware\StartSession.php(61): Illuminate\Pipeline\Pipeline->Illuminate\Pipeline\{closure}()
#35 E:\dev\wamp64\www\cemcoErp\vendor\laravel\framework\src\Illuminate\Pipeline\Pipeline.php(125): Illuminate\Session\Middleware\StartSession->handle()
#36 E:\dev\wamp64\www\cemcoErp\vendor\laravel\framework\src\Illuminate\Cookie\Middleware\AddQueuedCookiesToResponse.php(36): Illuminate\Pipeline\Pipeline->Illuminate\Pipeline\{closure}()
#37 E:\dev\wamp64\www\cemcoErp\vendor\laravel\framework\src\Illuminate\Pipeline\Pipeline.php(125): Illuminate\Cookie\Middleware\AddQueuedCookiesToResponse->handle()
#38 E:\dev\wamp64\www\cemcoErp\vendor\laravel\framework\src\Illuminate\Cookie\Middleware\EncryptCookies.php(40): Illuminate\Pipeline\Pipeline->Illuminate\Pipeline\{closure}()
#39 E:\dev\wamp64\www\cemcoErp\vendor\laravel\framework\src\Illuminate\Pipeline\Pipeline.php(125): Illuminate\Cookie\Middleware\EncryptCookies->handle()
#40 E:\dev\wamp64\www\cemcoErp\vendor\laravel\framework\src\Illuminate\Foundation\Http\Middleware\CheckForMaintenanceMode.php(42): Illuminate\Pipeline\Pipeline->Illuminate\Pipeline\{closure}()
#41 E:\dev\wamp64\www\cemcoErp\vendor\laravel\framework\src\Illuminate\Pipeline\Pipeline.php(125): Illuminate\Foundation\Http\Middleware\CheckForMaintenanceMode->handle()
#42 E:\dev\wamp64\www\cemcoErp\vendor\laravel\framework\src\Illuminate\Pipeline\Pipeline.php(101): Illuminate\Pipeline\Pipeline->Illuminate\Pipeline\{closure}()
#43 E:\dev\wamp64\www\cemcoErp\vendor\laravel\framework\src\Illuminate\Pipeline\Pipeline.php(101): call_user_func:{E:\dev\wamp64\www\cemcoErp\vendor\laravel\framework\src\Illuminate\Pipeline\Pipeline.php:101}()
#44 E:\dev\wamp64\www\cemcoErp\vendor\laravel\framework\src\Illuminate\Foundation\Http\Kernel.php(115): Illuminate\Pipeline\Pipeline->then()
#45 E:\dev\wamp64\www\cemcoErp\vendor\laravel\framework\src\Illuminate\Foundation\Http\Kernel.php(84): Illuminate\Foundation\Http\Kernel->sendRequestThroughRouter()
#46 E:\dev\wamp64\www\cemcoErp\public\index.php(53): Illuminate\Foundation\Http\Kernel->handle()
#47 E:\dev\wamp64\www\cemcoErp\public\index.php(0): {main}()
#48 {main}  
[2016-03-07 23:20:48] local.ERROR: exception 'ErrorException' with message 'Array to string conversion' in E:\dev\wamp64\www\cemcoErp\app\PurchaseInvoiceDetail.php:44
Stack trace:
#0 E:\dev\wamp64\www\cemcoErp\app\PurchaseInvoiceDetail.php(44): Illuminate\Foundation\Bootstrap\HandleExceptions->handleError(8, 'Array to string...', 'E:\\dev\\wamp64\\w...', 44, Array)
#1 E:\dev\wamp64\www\cemcoErp\app\Http\Controllers\PurchaseInvoiceController.php(228): App\PurchaseInvoiceDetail->getPurchasedue('P0702161')
#2 [internal function]: App\Http\Controllers\PurchaseInvoiceController->getMake('P0702161')
#3 E:\dev\wamp64\www\cemcoErp\vendor\laravel\framework\src\Illuminate\Routing\Controller.php(246): call_user_func_array(Array, Array)
#4 E:\dev\wamp64\www\cemcoErp\vendor\laravel\framework\src\Illuminate\Routing\ControllerDispatcher.php(162): Illuminate\Routing\Controller->callAction('getMake', Array)
#5 E:\dev\wamp64\www\cemcoErp\vendor\laravel\framework\src\Illuminate\Routing\ControllerDispatcher.php(107): Illuminate\Routing\ControllerDispatcher->call(Object(App\Http\Controllers\PurchaseInvoiceController), Object(Illuminate\Routing\Route), 'getMake')
#6 [internal function]: Illuminate\Routing\ControllerDispatcher->Illuminate\Routing\{closure}(Object(Illuminate\Http\Request))
#7 E:\dev\wamp64\www\cemcoErp\vendor\laravel\framework\src\Illuminate\Pipeline\Pipeline.php(141): call_user_func(Object(Closure), Object(Illuminate\Http\Request))
#8 E:\dev\wamp64\www\cemcoErp\app\Http\Middleware\Authenticate.php(47): Illuminate\Pipeline\Pipeline->Illuminate\Pipeline\{closure}(Object(Illuminate\Http\Request))
#9 E:\dev\wamp64\www\cemcoErp\vendor\laravel\framework\src\Illuminate\Pipeline\Pipeline.php(125): App\Http\Middleware\Authenticate->handle(Object(Illuminate\Http\Request), Object(Closure))
#10 [internal function]: Illuminate\Pipeline\Pipeline->Illuminate\Pipeline\{closure}(Object(Illuminate\Http\Request))
#11 E:\dev\wamp64\www\cemcoErp\vendor\laravel\framework\src\Illuminate\Pipeline\Pipeline.php(101): call_user_func(Object(Closure), Object(Illuminate\Http\Request))
#12 E:\dev\wamp64\www\cemcoErp\vendor\laravel\framework\src\Illuminate\Routing\ControllerDispatcher.php(108): Illuminate\Pipeline\Pipeline->then(Object(Closure))
#13 E:\dev\wamp64\www\cemcoErp\vendor\laravel\framework\src\Illuminate\Routing\ControllerDispatcher.php(67): Illuminate\Routing\ControllerDispatcher->callWithinStack(Object(App\Http\Controllers\PurchaseInvoiceController), Object(Illuminate\Routing\Route), Object(Illuminate\Http\Request), 'getMake')
#14 E:\dev\wamp64\www\cemcoErp\vendor\laravel\framework\src\Illuminate\Routing\Route.php(204): Illuminate\Routing\ControllerDispatcher->dispatch(Object(Illuminate\Routing\Route), Object(Illuminate\Http\Request), 'App\\Http\\Contro...', 'getMake')
#15 E:\dev\wamp64\www\cemcoErp\vendor\laravel\framework\src\Illuminate\Routing\Route.php(134): Illuminate\Routing\Route->runWithCustomDispatcher(Object(Illuminate\Http\Request))
#16 E:\dev\wamp64\www\cemcoErp\vendor\laravel\framework\src\Illuminate\Routing\Router.php(701): Illuminate\Routing\Route->run(Object(Illuminate\Http\Request))
#17 [internal function]: Illuminate\Routing\Router->Illuminate\Routing\{closure}(Object(Illuminate\Http\Request))
#18 E:\dev\wamp64\www\cemcoErp\vendor\laravel\framework\src\Illuminate\Pipeline\Pipeline.php(141): call_user_func(Object(Closure), Object(Illuminate\Http\Request))
#19 [internal function]: Illuminate\Pipeline\Pipeline->Illuminate\Pipeline\{closure}(Object(Illuminate\Http\Request))
#20 E:\dev\wamp64\www\cemcoErp\vendor\laravel\framework\src\Illuminate\Pipeline\Pipeline.php(101): call_user_func(Object(Closure), Object(Illuminate\Http\Request))
#21 E:\dev\wamp64\www\cemcoErp\vendor\laravel\framework\src\Illuminate\Routing\Router.php(703): Illuminate\Pipeline\Pipeline->then(Object(Closure))
#22 E:\dev\wamp64\www\cemcoErp\vendor\laravel\framework\src\Illuminate\Routing\Router.php(670): Illuminate\Routing\Router->runRouteWithinStack(Object(Illuminate\Routing\Route), Object(Illuminate\Http\Request))
#23 E:\dev\wamp64\www\cemcoErp\vendor\laravel\framework\src\Illuminate\Routing\Router.php(628): Illuminate\Routing\Router->dispatchToRoute(Object(Illuminate\Http\Request))
#24 E:\dev\wamp64\www\cemcoErp\vendor\laravel\framework\src\Illuminate\Foundation\Http\Kernel.php(214): Illuminate\Routing\Router->dispatch(Object(Illuminate\Http\Request))
#25 [internal function]: Illuminate\Foundation\Http\Kernel->Illuminate\Foundation\Http\{closure}(Object(Illuminate\Http\Request))
#26 E:\dev\wamp64\www\cemcoErp\vendor\laravel\framework\src\Illuminate\Pipeline\Pipeline.php(141): call_user_func(Object(Closure), Object(Illuminate\Http\Request))
#27 E:\dev\wamp64\www\cemcoErp\vendor\laravel\framework\src\Illuminate\Foundation\Http\Middleware\VerifyCsrfToken.php(43): Illuminate\Pipeline\Pipeline->Illuminate\Pipeline\{closure}(Object(Illuminate\Http\Request))
#28 E:\dev\wamp64\www\cemcoErp\app\Http\Middleware\VerifyCsrfToken.php(17): Illuminate\Foundation\Http\Middleware\VerifyCsrfToken->handle(Object(Illuminate\Http\Request), Object(Closure))
#29 E:\dev\wamp64\www\cemcoErp\vendor\laravel\framework\src\Illuminate\Pipeline\Pipeline.php(125): App\Http\Middleware\VerifyCsrfToken->handle(Object(Illuminate\Http\Request), Object(Closure))
#30 E:\dev\wamp64\www\cemcoErp\vendor\laravel\framework\src\Illuminate\View\Middleware\ShareErrorsFromSession.php(55): Illuminate\Pipeline\Pipeline->Illuminate\Pipeline\{closure}(Object(Illuminate\Http\Request))
#31 E:\dev\wamp64\www\cemcoErp\vendor\laravel\framework\src\Illuminate\Pipeline\Pipeline.php(125): Illuminate\View\Middleware\ShareErrorsFromSession->handle(Object(Illuminate\Http\Request), Object(Closure))
#32 E:\dev\wamp64\www\cemcoErp\vendor\laravel\framework\src\Illuminate\Session\Middleware\StartSession.php(61): Illuminate\Pipeline\Pipeline->Illuminate\Pipeline\{closure}(Object(Illuminate\Http\Request))
#33 E:\dev\wamp64\www\cemcoErp\vendor\laravel\framework\src\Illuminate\Pipeline\Pipeline.php(125): Illuminate\Session\Middleware\StartSession->handle(Object(Illuminate\Http\Request), Object(Closure))
#34 E:\dev\wamp64\www\cemcoErp\vendor\laravel\framework\src\Illuminate\Cookie\Middleware\AddQueuedCookiesToResponse.php(36): Illuminate\Pipeline\Pipeline->Illuminate\Pipeline\{closure}(Object(Illuminate\Http\Request))
#35 E:\dev\wamp64\www\cemcoErp\vendor\laravel\framework\src\Illuminate\Pipeline\Pipeline.php(125): Illuminate\Cookie\Middleware\AddQueuedCookiesToResponse->handle(Object(Illuminate\Http\Request), Object(Closure))
#36 E:\dev\wamp64\www\cemcoErp\vendor\laravel\framework\src\Illuminate\Cookie\Middleware\EncryptCookies.php(40): Illuminate\Pipeline\Pipeline->Illuminate\Pipeline\{closure}(Object(Illuminate\Http\Request))
#37 E:\dev\wamp64\www\cemcoErp\vendor\laravel\framework\src\Illuminate\Pipeline\Pipeline.php(125): Illuminate\Cookie\Middleware\EncryptCookies->handle(Object(Illuminate\Http\Request), Object(Closure))
#38 E:\dev\wamp64\www\cemcoErp\vendor\laravel\framework\src\Illuminate\Foundation\Http\Middleware\CheckForMaintenanceMode.php(42): Illuminate\Pipeline\Pipeline->Illuminate\Pipeline\{closure}(Object(Illuminate\Http\Request))
#39 E:\dev\wamp64\www\cemcoErp\vendor\laravel\framework\src\Illuminate\Pipeline\Pipeline.php(125): Illuminate\Foundation\Http\Middleware\CheckForMaintenanceMode->handle(Object(Illuminate\Http\Request), Object(Closure))
#40 [internal function]: Illuminate\Pipeline\Pipeline->Illuminate\Pipeline\{closure}(Object(Illuminate\Http\Request))
#41 E:\dev\wamp64\www\cemcoErp\vendor\laravel\framework\src\Illuminate\Pipeline\Pipeline.php(101): call_user_func(Object(Closure), Object(Illuminate\Http\Request))
#42 E:\dev\wamp64\www\cemcoErp\vendor\laravel\framework\src\Illuminate\Foundation\Http\Kernel.php(115): Illuminate\Pipeline\Pipeline->then(Object(Closure))
#43 E:\dev\wamp64\www\cemcoErp\vendor\laravel\framework\src\Illuminate\Foundation\Http\Kernel.php(84): Illuminate\Foundation\Http\Kernel->sendRequestThroughRouter(Object(Illuminate\Http\Request))
#44 E:\dev\wamp64\www\cemcoErp\public\index.php(53): Illuminate\Foundation\Http\Kernel->handle(Object(Illuminate\Http\Request))
#45 {main}  
[2016-03-07 23:21:35] local.ERROR: exception 'ErrorException' with message 'Undefined variable: due' in E:\dev\wamp64\www\cemcoErp\storage\framework\views\e625f7e3c05d106a33f2a1819067528b:15
Stack trace:
#0 E:\dev\wamp64\www\cemcoErp\storage\framework\views\e625f7e3c05d106a33f2a1819067528b(15): Illuminate\Foundation\Bootstrap\HandleExceptions->handleError(8, 'Undefined varia...', 'E:\\dev\\wamp64\\w...', 15, Array)
#1 E:\dev\wamp64\www\cemcoErp\vendor\laravel\framework\src\Illuminate\View\Engines\PhpEngine.php(39): include('E:\\dev\\wamp64\\w...')
#2 E:\dev\wamp64\www\cemcoErp\vendor\laravel\framework\src\Illuminate\View\Engines\CompilerEngine.php(57): Illuminate\View\Engines\PhpEngine->evaluatePath('E:\\dev\\wamp64\\w...', Array)
#3 E:\dev\wamp64\www\cemcoErp\vendor\laravel\framework\src\Illuminate\View\View.php(142): Illuminate\View\Engines\CompilerEngine->get('E:\\dev\\wamp64\\w...', Array)
#4 E:\dev\wamp64\www\cemcoErp\vendor\laravel\framework\src\Illuminate\View\View.php(111): Illuminate\View\View->getContents()
#5 E:\dev\wamp64\www\cemcoErp\vendor\laravel\framework\src\Illuminate\View\View.php(80): Illuminate\View\View->renderContents()
#6 E:\dev\wamp64\www\cemcoErp\vendor\laravel\framework\src\Illuminate\Http\Response.php(44): Illuminate\View\View->render()
#7 E:\dev\wamp64\www\cemcoErp\vendor\symfony\http-foundation\Symfony\Component\HttpFoundation\Response.php(202): Illuminate\Http\Response->setContent(Object(Illuminate\View\View))
#8 E:\dev\wamp64\www\cemcoErp\vendor\laravel\framework\src\Illuminate\Routing\Router.php(1198): Symfony\Component\HttpFoundation\Response->__construct(Object(Illuminate\View\View))
#9 E:\dev\wamp64\www\cemcoErp\vendor\laravel\framework\src\Illuminate\Routing\Router.php(702): Illuminate\Routing\Router->prepareResponse(Object(Illuminate\Http\Request), Object(Illuminate\View\View))
#10 [internal function]: Illuminate\Routing\Router->Illuminate\Routing\{closure}(Object(Illuminate\Http\Request))
#11 E:\dev\wamp64\www\cemcoErp\vendor\laravel\framework\src\Illuminate\Pipeline\Pipeline.php(141): call_user_func(Object(Closure), Object(Illuminate\Http\Request))
#12 [internal function]: Illuminate\Pipeline\Pipeline->Illuminate\Pipeline\{closure}(Object(Illuminate\Http\Request))
#13 E:\dev\wamp64\www\cemcoErp\vendor\laravel\framework\src\Illuminate\Pipeline\Pipeline.php(101): call_user_func(Object(Closure), Object(Illuminate\Http\Request))
#14 E:\dev\wamp64\www\cemcoErp\vendor\laravel\framework\src\Illuminate\Routing\Router.php(703): Illuminate\Pipeline\Pipeline->then(Object(Closure))
#15 E:\dev\wamp64\www\cemcoErp\vendor\laravel\framework\src\Illuminate\Routing\Router.php(670): Illuminate\Routing\Router->runRouteWithinStack(Object(Illuminate\Routing\Route), Object(Illuminate\Http\Request))
#16 E:\dev\wamp64\www\cemcoErp\vendor\laravel\framework\src\Illuminate\Routing\Router.php(628): Illuminate\Routing\Router->dispatchToRoute(Object(Illuminate\Http\Request))
#17 E:\dev\wamp64\www\cemcoErp\vendor\laravel\framework\src\Illuminate\Foundation\Http\Kernel.php(214): Illuminate\Routing\Router->dispatch(Object(Illuminate\Http\Request))
#18 [internal function]: Illuminate\Foundation\Http\Kernel->Illuminate\Foundation\Http\{closure}(Object(Illuminate\Http\Request))
#19 E:\dev\wamp64\www\cemcoErp\vendor\laravel\framework\src\Illuminate\Pipeline\Pipeline.php(141): call_user_func(Object(Closure), Object(Illuminate\Http\Request))
#20 E:\dev\wamp64\www\cemcoErp\vendor\laravel\framework\src\Illuminate\Foundation\Http\Middleware\VerifyCsrfToken.php(43): Illuminate\Pipeline\Pipeline->Illuminate\Pipeline\{closure}(Object(Illuminate\Http\Request))
#21 E:\dev\wamp64\www\cemcoErp\app\Http\Middleware\VerifyCsrfToken.php(17): Illuminate\Foundation\Http\Middleware\VerifyCsrfToken->handle(Object(Illuminate\Http\Request), Object(Closure))
#22 E:\dev\wamp64\www\cemcoErp\vendor\laravel\framework\src\Illuminate\Pipeline\Pipeline.php(125): App\Http\Middleware\VerifyCsrfToken->handle(Object(Illuminate\Http\Request), Object(Closure))
#23 E:\dev\wamp64\www\cemcoErp\vendor\laravel\framework\src\Illuminate\View\Middleware\ShareErrorsFromSession.php(55): Illuminate\Pipeline\Pipeline->Illuminate\Pipeline\{closure}(Object(Illuminate\Http\Request))
#24 E:\dev\wamp64\www\cemcoErp\vendor\laravel\framework\src\Illuminate\Pipeline\Pipeline.php(125): Illuminate\View\Middleware\ShareErrorsFromSession->handle(Object(Illuminate\Http\Request), Object(Closure))
#25 E:\dev\wamp64\www\cemcoErp\vendor\laravel\framework\src\Illuminate\Session\Middleware\StartSession.php(61): Illuminate\Pipeline\Pipeline->Illuminate\Pipeline\{closure}(Object(Illuminate\Http\Request))
#26 E:\dev\wamp64\www\cemcoErp\vendor\laravel\framework\src\Illuminate\Pipeline\Pipeline.php(125): Illuminate\Session\Middleware\StartSession->handle(Object(Illuminate\Http\Request), Object(Closure))
#27 E:\dev\wamp64\www\cemcoErp\vendor\laravel\framework\src\Illuminate\Cookie\Middleware\AddQueuedCookiesToResponse.php(36): Illuminate\Pipeline\Pipeline->Illuminate\Pipeline\{closure}(Object(Illuminate\Http\Request))
#28 E:\dev\wamp64\www\cemcoErp\vendor\laravel\framework\src\Illuminate\Pipeline\Pipeline.php(125): Illuminate\Cookie\Middleware\AddQueuedCookiesToResponse->handle(Object(Illuminate\Http\Request), Object(Closure))
#29 E:\dev\wamp64\www\cemcoErp\vendor\laravel\framework\src\Illuminate\Cookie\Middleware\EncryptCookies.php(40): Illuminate\Pipeline\Pipeline->Illuminate\Pipeline\{closure}(Object(Illuminate\Http\Request))
#30 E:\dev\wamp64\www\cemcoErp\vendor\laravel\framework\src\Illuminate\Pipeline\Pipeline.php(125): Illuminate\Cookie\Middleware\EncryptCookies->handle(Object(Illuminate\Http\Request), Object(Closure))
#31 E:\dev\wamp64\www\cemcoErp\vendor\laravel\framework\src\Illuminate\Foundation\Http\Middleware\CheckForMaintenanceMode.php(42): Illuminate\Pipeline\Pipeline->Illuminate\Pipeline\{closure}(Object(Illuminate\Http\Request))
#32 E:\dev\wamp64\www\cemcoErp\vendor\laravel\framework\src\Illuminate\Pipeline\Pipeline.php(125): Illuminate\Foundation\Http\Middleware\CheckForMaintenanceMode->handle(Object(Illuminate\Http\Request), Object(Closure))
#33 [internal function]: Illuminate\Pipeline\Pipeline->Illuminate\Pipeline\{closure}(Object(Illuminate\Http\Request))
#34 E:\dev\wamp64\www\cemcoErp\vendor\laravel\framework\src\Illuminate\Pipeline\Pipeline.php(101): call_user_func(Object(Closure), Object(Illuminate\Http\Request))
#35 E:\dev\wamp64\www\cemcoErp\vendor\laravel\framework\src\Illuminate\Foundation\Http\Kernel.php(115): Illuminate\Pipeline\Pipeline->then(Object(Closure))
#36 E:\dev\wamp64\www\cemcoErp\vendor\laravel\framework\src\Illuminate\Foundation\Http\Kernel.php(84): Illuminate\Foundation\Http\Kernel->sendRequestThroughRouter(Object(Illuminate\Http\Request))
#37 E:\dev\wamp64\www\cemcoErp\public\index.php(53): Illuminate\Foundation\Http\Kernel->handle(Object(Illuminate\Http\Request))
#38 {main}

Next exception 'ErrorException' with message 'Undefined variable: due (View: E:\dev\wamp64\www\cemcoErp\resources\views\PurchaseInvoice\paymentAdd.blade.php)' in E:\dev\wamp64\www\cemcoErp\storage\framework\views\e625f7e3c05d106a33f2a1819067528b:15
Stack trace:
#0 E:\dev\wamp64\www\cemcoErp\vendor\laravel\framework\src\Illuminate\View\Engines\PhpEngine.php(43): Illuminate\View\Engines\CompilerEngine->handleViewException(Object(ErrorException), 1)
#1 E:\dev\wamp64\www\cemcoErp\vendor\laravel\framework\src\Illuminate\View\Engines\CompilerEngine.php(57): Illuminate\View\Engines\PhpEngine->evaluatePath('E:\\dev\\wamp64\\w...', Array)
#2 E:\dev\wamp64\www\cemcoErp\vendor\laravel\framework\src\Illuminate\View\View.php(142): Illuminate\View\Engines\CompilerEngine->get('E:\\dev\\wamp64\\w...', Array)
#3 E:\dev\wamp64\www\cemcoErp\vendor\laravel\framework\src\Illuminate\View\View.php(111): Illuminate\View\View->getContents()
#4 E:\dev\wamp64\www\cemcoErp\vendor\laravel\framework\src\Illuminate\View\View.php(80): Illuminate\View\View->renderContents()
#5 E:\dev\wamp64\www\cemcoErp\vendor\laravel\framework\src\Illuminate\Http\Response.php(44): Illuminate\View\View->render()
#6 E:\dev\wamp64\www\cemcoErp\vendor\symfony\http-foundation\Symfony\Component\HttpFoundation\Response.php(202): Illuminate\Http\Response->setContent(Object(Illuminate\View\View))
#7 E:\dev\wamp64\www\cemcoErp\vendor\laravel\framework\src\Illuminate\Routing\Router.php(1198): Symfony\Component\HttpFoundation\Response->__construct(Object(Illuminate\View\View))
#8 E:\dev\wamp64\www\cemcoErp\vendor\laravel\framework\src\Illuminate\Routing\Router.php(702): Illuminate\Routing\Router->prepareResponse(Object(Illuminate\Http\Request), Object(Illuminate\View\View))
#9 [internal function]: Illuminate\Routing\Router->Illuminate\Routing\{closure}(Object(Illuminate\Http\Request))
#10 E:\dev\wamp64\www\cemcoErp\vendor\laravel\framework\src\Illuminate\Pipeline\Pipeline.php(141): call_user_func(Object(Closure), Object(Illuminate\Http\Request))
#11 [internal function]: Illuminate\Pipeline\Pipeline->Illuminate\Pipeline\{closure}(Object(Illuminate\Http\Request))
#12 E:\dev\wamp64\www\cemcoErp\vendor\laravel\framework\src\Illuminate\Pipeline\Pipeline.php(101): call_user_func(Object(Closure), Object(Illuminate\Http\Request))
#13 E:\dev\wamp64\www\cemcoErp\vendor\laravel\framework\src\Illuminate\Routing\Router.php(703): Illuminate\Pipeline\Pipeline->then(Object(Closure))
#14 E:\dev\wamp64\www\cemcoErp\vendor\laravel\framework\src\Illuminate\Routing\Router.php(670): Illuminate\Routing\Router->runRouteWithinStack(Object(Illuminate\Routing\Route), Object(Illuminate\Http\Request))
#15 E:\dev\wamp64\www\cemcoErp\vendor\laravel\framework\src\Illuminate\Routing\Router.php(628): Illuminate\Routing\Router->dispatchToRoute(Object(Illuminate\Http\Request))
#16 E:\dev\wamp64\www\cemcoErp\vendor\laravel\framework\src\Illuminate\Foundation\Http\Kernel.php(214): Illuminate\Routing\Router->dispatch(Object(Illuminate\Http\Request))
#17 [internal function]: Illuminate\Foundation\Http\Kernel->Illuminate\Foundation\Http\{closure}(Object(Illuminate\Http\Request))
#18 E:\dev\wamp64\www\cemcoErp\vendor\laravel\framework\src\Illuminate\Pipeline\Pipeline.php(141): call_user_func(Object(Closure), Object(Illuminate\Http\Request))
#19 E:\dev\wamp64\www\cemcoErp\vendor\laravel\framework\src\Illuminate\Foundation\Http\Middleware\VerifyCsrfToken.php(43): Illuminate\Pipeline\Pipeline->Illuminate\Pipeline\{closure}(Object(Illuminate\Http\Request))
#20 E:\dev\wamp64\www\cemcoErp\app\Http\Middleware\VerifyCsrfToken.php(17): Illuminate\Foundation\Http\Middleware\VerifyCsrfToken->handle(Object(Illuminate\Http\Request), Object(Closure))
#21 E:\dev\wamp64\www\cemcoErp\vendor\laravel\framework\src\Illuminate\Pipeline\Pipeline.php(125): App\Http\Middleware\VerifyCsrfToken->handle(Object(Illuminate\Http\Request), Object(Closure))
#22 E:\dev\wamp64\www\cemcoErp\vendor\laravel\framework\src\Illuminate\View\Middleware\ShareErrorsFromSession.php(55): Illuminate\Pipeline\Pipeline->Illuminate\Pipeline\{closure}(Object(Illuminate\Http\Request))
#23 E:\dev\wamp64\www\cemcoErp\vendor\laravel\framework\src\Illuminate\Pipeline\Pipeline.php(125): Illuminate\View\Middleware\ShareErrorsFromSession->handle(Object(Illuminate\Http\Request), Object(Closure))
#24 E:\dev\wamp64\www\cemcoErp\vendor\laravel\framework\src\Illuminate\Session\Middleware\StartSession.php(61): Illuminate\Pipeline\Pipeline->Illuminate\Pipeline\{closure}(Object(Illuminate\Http\Request))
#25 E:\dev\wamp64\www\cemcoErp\vendor\laravel\framework\src\Illuminate\Pipeline\Pipeline.php(125): Illuminate\Session\Middleware\StartSession->handle(Object(Illuminate\Http\Request), Object(Closure))
#26 E:\dev\wamp64\www\cemcoErp\vendor\laravel\framework\src\Illuminate\Cookie\Middleware\AddQueuedCookiesToResponse.php(36): Illuminate\Pipeline\Pipeline->Illuminate\Pipeline\{closure}(Object(Illuminate\Http\Request))
#27 E:\dev\wamp64\www\cemcoErp\vendor\laravel\framework\src\Illuminate\Pipeline\Pipeline.php(125): Illuminate\Cookie\Middleware\AddQueuedCookiesToResponse->handle(Object(Illuminate\Http\Request), Object(Closure))
#28 E:\dev\wamp64\www\cemcoErp\vendor\laravel\framework\src\Illuminate\Cookie\Middleware\EncryptCookies.php(40): Illuminate\Pipeline\Pipeline->Illuminate\Pipeline\{closure}(Object(Illuminate\Http\Request))
#29 E:\dev\wamp64\www\cemcoErp\vendor\laravel\framework\src\Illuminate\Pipeline\Pipeline.php(125): Illuminate\Cookie\Middleware\EncryptCookies->handle(Object(Illuminate\Http\Request), Object(Closure))
#30 E:\dev\wamp64\www\cemcoErp\vendor\laravel\framework\src\Illuminate\Foundation\Http\Middleware\CheckForMaintenanceMode.php(42): Illuminate\Pipeline\Pipeline->Illuminate\Pipeline\{closure}(Object(Illuminate\Http\Request))
#31 E:\dev\wamp64\www\cemcoErp\vendor\laravel\framework\src\Illuminate\Pipeline\Pipeline.php(125): Illuminate\Foundation\Http\Middleware\CheckForMaintenanceMode->handle(Object(Illuminate\Http\Request), Object(Closure))
#32 [internal function]: Illuminate\Pipeline\Pipeline->Illuminate\Pipeline\{closure}(Object(Illuminate\Http\Request))
#33 E:\dev\wamp64\www\cemcoErp\vendor\laravel\framework\src\Illuminate\Pipeline\Pipeline.php(101): call_user_func(Object(Closure), Object(Illuminate\Http\Request))
#34 E:\dev\wamp64\www\cemcoErp\vendor\laravel\framework\src\Illuminate\Foundation\Http\Kernel.php(115): Illuminate\Pipeline\Pipeline->then(Object(Closure))
#35 E:\dev\wamp64\www\cemcoErp\vendor\laravel\framework\src\Illuminate\Foundation\Http\Kernel.php(84): Illuminate\Foundation\Http\Kernel->sendRequestThroughRouter(Object(Illuminate\Http\Request))
#36 E:\dev\wamp64\www\cemcoErp\public\index.php(53): Illuminate\Foundation\Http\Kernel->handle(Object(Illuminate\Http\Request))
#37 {main}  
