[2020-04-12 00:25:41] local.ERROR: exception 'ErrorException' with message 'mcrypt_get_iv_size(): Module initialization failed' in /var/www/html/cemcoErp/vendor/laravel/framework/src/Illuminate/Encryption/Encrypter.php:303
Stack trace:
#0 [internal function]: Illuminate\Foundation\Bootstrap\HandleExceptions->handleError(2, 'mcrypt_get_iv_s...', '/var/www/html/c...', 303, Array)
#1 /var/www/html/cemcoErp/vendor/laravel/framework/src/Illuminate/Encryption/Encrypter.php(303): mcrypt_get_iv_size('aes-128-cbc', 'cbc')
#2 /var/www/html/cemcoErp/vendor/laravel/framework/src/Illuminate/Encryption/Encrypter.php(280): Illuminate\Encryption\Encrypter->updateBlockSize()
#3 /var/www/html/cemcoErp/vendor/laravel/framework/src/Illuminate/Encryption/EncryptionServiceProvider.php(20): Illuminate\Encryption\Encrypter->setCipher('aes-128-cbc')
#4 /var/www/html/cemcoErp/vendor/laravel/framework/src/Illuminate/Container/Container.php(776): Illuminate\Encryption\EncryptionServiceProvider->Illuminate\Encryption\{closure}(Object(Illuminate\Foundation\Application), Array)
#5 /var/www/html/cemcoErp/vendor/laravel/framework/src/Illuminate/Container/Container.php(659): Illuminate\Container\Container->build(Object(Closure), Array)
#6 /var/www/html/cemcoErp/vendor/laravel/framework/src/Illuminate/Foundation/Application.php(644): Illuminate\Container\Container->make('encrypter', Array)
#7 /var/www/html/cemcoErp/vendor/laravel/framework/src/Illuminate/Container/Container.php(890): Illuminate\Foundation\Application->make('Illuminate\\Cont...')
#8 /var/www/html/cemcoErp/vendor/laravel/framework/src/Illuminate/Container/Container.php(851): Illuminate\Container\Container->resolveClass(Object(ReflectionParameter))
#9 /var/www/html/cemcoErp/vendor/laravel/framework/src/Illuminate/Container/Container.php(816): Illuminate\Container\Container->getDependencies(Array, Array)
#10 /var/www/html/cemcoErp/vendor/laravel/framework/src/Illuminate/Container/Container.php(659): Illuminate\Container\Container->build('Illuminate\\Cook...', Array)
#11 /var/www/html/cemcoErp/vendor/laravel/framework/src/Illuminate/Foundation/Application.php(644): Illuminate\Container\Container->make('Illuminate\\Cook...', Array)
#12 /var/www/html/cemcoErp/vendor/laravel/framework/src/Illuminate/Pipeline/Pipeline.php(124): Illuminate\Foundation\Application->make('Illuminate\\Cook...')
#13 /var/www/html/cemcoErp/vendor/laravel/framework/src/Illuminate/Foundation/Http/Middleware/CheckForMaintenanceMode.php(42): Illuminate\Pipeline\Pipeline->Illuminate\Pipeline\{closure}(Object(Illuminate\Http\Request))
#14 /var/www/html/cemcoErp/vendor/laravel/framework/src/Illuminate/Pipeline/Pipeline.php(125): Illuminate\Foundation\Http\Middleware\CheckForMaintenanceMode->handle(Object(Illuminate\Http\Request), Object(Closure))
#15 [internal function]: Illuminate\Pipeline\Pipeline->Illuminate\Pipeline\{closure}(Object(Illuminate\Http\Request))
#16 /var/www/html/cemcoErp/vendor/laravel/framework/src/Illuminate/Pipeline/Pipeline.php(101): call_user_func(Object(Closure), Object(Illuminate\Http\Request))
#17 /var/www/html/cemcoErp/vendor/laravel/framework/src/Illuminate/Foundation/Http/Kernel.php(115): Illuminate\Pipeline\Pipeline->then(Object(Closure))
#18 /var/www/html/cemcoErp/vendor/laravel/framework/src/Illuminate/Foundation/Http/Kernel.php(84): Illuminate\Foundation\Http\Kernel->sendRequestThroughRouter(Object(Illuminate\Http\Request))
#19 /var/www/html/cemcoErp/public/index.php(53): Illuminate\Foundation\Http\Kernel->handle(Object(Illuminate\Http\Request))
#20 /var/www/html/cemcoErp/server.php(21): require_once('/var/www/html/c...')
#21 {main}  
[2020-04-12 00:25:41] local.ERROR: exception 'ErrorException' with message 'mcrypt_get_iv_size(): Module initialization failed' in /var/www/html/cemcoErp/vendor/laravel/framework/src/Illuminate/Encryption/Encrypter.php:303
Stack trace:
#0 [internal function]: Illuminate\Foundation\Bootstrap\HandleExceptions->handleError(2, 'mcrypt_get_iv_s...', '/var/www/html/c...', 303, Array)
#1 /var/www/html/cemcoErp/vendor/laravel/framework/src/Illuminate/Encryption/Encrypter.php(303): mcrypt_get_iv_size('aes-128-cbc', 'cbc')
#2 /var/www/html/cemcoErp/vendor/laravel/framework/src/Illuminate/Encryption/Encrypter.php(280): Illuminate\Encryption\Encrypter->updateBlockSize()
#3 /var/www/html/cemcoErp/vendor/laravel/framework/src/Illuminate/Encryption/EncryptionServiceProvider.php(20): Illuminate\Encryption\Encrypter->setCipher('aes-128-cbc')
#4 /var/www/html/cemcoErp/vendor/laravel/framework/src/Illuminate/Container/Container.php(776): Illuminate\Encryption\EncryptionServiceProvider->Illuminate\Encryption\{closure}(Object(Illuminate\Foundation\Application), Array)
#5 /var/www/html/cemcoErp/vendor/laravel/framework/src/Illuminate/Container/Container.php(659): Illuminate\Container\Container->build(Object(Closure), Array)
#6 /var/www/html/cemcoErp/vendor/laravel/framework/src/Illuminate/Foundation/Application.php(644): Illuminate\Container\Container->make('encrypter', Array)
#7 /var/www/html/cemcoErp/vendor/laravel/framework/src/Illuminate/Container/Container.php(890): Illuminate\Foundation\Application->make('Illuminate\\Cont...')
#8 /var/www/html/cemcoErp/vendor/laravel/framework/src/Illuminate/Container/Container.php(851): Illuminate\Container\Container->resolveClass(Object(ReflectionParameter))
#9 /var/www/html/cemcoErp/vendor/laravel/framework/src/Illuminate/Container/Container.php(816): Illuminate\Container\Container->getDependencies(Array, Array)
#10 /var/www/html/cemcoErp/vendor/laravel/framework/src/Illuminate/Container/Container.php(659): Illuminate\Container\Container->build('Illuminate\\Cook...', Array)
#11 /var/www/html/cemcoErp/vendor/laravel/framework/src/Illuminate/Foundation/Application.php(644): Illuminate\Container\Container->make('Illuminate\\Cook...', Array)
#12 /var/www/html/cemcoErp/vendor/laravel/framework/src/Illuminate/Foundation/Http/Kernel.php(131): Illuminate\Foundation\Application->make('Illuminate\\Cook...')
#13 /var/www/html/cemcoErp/public/index.php(57): Illuminate\Foundation\Http\Kernel->terminate(Object(Illuminate\Http\Request), Object(Symfony\Component\HttpFoundation\Response))
#14 /var/www/html/cemcoErp/server.php(21): require_once('/var/www/html/c...')
#15 {main}  
[2020-04-12 00:26:27] local.ERROR: exception 'ErrorException' with message 'mcrypt_get_iv_size(): Module initialization failed' in /var/www/html/cemcoErp/vendor/laravel/framework/src/Illuminate/Encryption/Encrypter.php:303
Stack trace:
#0 [internal function]: Illuminate\Foundation\Bootstrap\HandleExceptions->handleError(2, 'mcrypt_get_iv_s...', '/var/www/html/c...', 303, Array)
#1 /var/www/html/cemcoErp/vendor/laravel/framework/src/Illuminate/Encryption/Encrypter.php(303): mcrypt_get_iv_size('-256', 'cbc')
#2 /var/www/html/cemcoErp/vendor/laravel/framework/src/Illuminate/Encryption/Encrypter.php(280): Illuminate\Encryption\Encrypter->updateBlockSize()
#3 /var/www/html/cemcoErp/vendor/laravel/framework/src/Illuminate/Encryption/EncryptionServiceProvider.php(20): Illuminate\Encryption\Encrypter->setCipher(-256)
#4 /var/www/html/cemcoErp/vendor/laravel/framework/src/Illuminate/Container/Container.php(776): Illuminate\Encryption\EncryptionServiceProvider->Illuminate\Encryption\{closure}(Object(Illuminate\Foundation\Application), Array)
#5 /var/www/html/cemcoErp/vendor/laravel/framework/src/Illuminate/Container/Container.php(659): Illuminate\Container\Container->build(Object(Closure), Array)
#6 /var/www/html/cemcoErp/vendor/laravel/framework/src/Illuminate/Foundation/Application.php(644): Illuminate\Container\Container->make('encrypter', Array)
#7 /var/www/html/cemcoErp/vendor/laravel/framework/src/Illuminate/Container/Container.php(890): Illuminate\Foundation\Application->make('Illuminate\\Cont...')
#8 /var/www/html/cemcoErp/vendor/laravel/framework/src/Illuminate/Container/Container.php(851): Illuminate\Container\Container->resolveClass(Object(ReflectionParameter))
#9 /var/www/html/cemcoErp/vendor/laravel/framework/src/Illuminate/Container/Container.php(816): Illuminate\Container\Container->getDependencies(Array, Array)
#10 /var/www/html/cemcoErp/vendor/laravel/framework/src/Illuminate/Container/Container.php(659): Illuminate\Container\Container->build('Illuminate\\Cook...', Array)
#11 /var/www/html/cemcoErp/vendor/laravel/framework/src/Illuminate/Foundation/Application.php(644): Illuminate\Container\Container->make('Illuminate\\Cook...', Array)
#12 /var/www/html/cemcoErp/vendor/laravel/framework/src/Illuminate/Pipeline/Pipeline.php(124): Illuminate\Foundation\Application->make('Illuminate\\Cook...')
#13 /var/www/html/cemcoErp/vendor/laravel/framework/src/Illuminate/Foundation/Http/Middleware/CheckForMaintenanceMode.php(42): Illuminate\Pipeline\Pipeline->Illuminate\Pipeline\{closure}(Object(Illuminate\Http\Request))
#14 /var/www/html/cemcoErp/vendor/laravel/framework/src/Illuminate/Pipeline/Pipeline.php(125): Illuminate\Foundation\Http\Middleware\CheckForMaintenanceMode->handle(Object(Illuminate\Http\Request), Object(Closure))
#15 [internal function]: Illuminate\Pipeline\Pipeline->Illuminate\Pipeline\{closure}(Object(Illuminate\Http\Request))
#16 /var/www/html/cemcoErp/vendor/laravel/framework/src/Illuminate/Pipeline/Pipeline.php(101): call_user_func(Object(Closure), Object(Illuminate\Http\Request))
#17 /var/www/html/cemcoErp/vendor/laravel/framework/src/Illuminate/Foundation/Http/Kernel.php(115): Illuminate\Pipeline\Pipeline->then(Object(Closure))
#18 /var/www/html/cemcoErp/vendor/laravel/framework/src/Illuminate/Foundation/Http/Kernel.php(84): Illuminate\Foundation\Http\Kernel->sendRequestThroughRouter(Object(Illuminate\Http\Request))
#19 /var/www/html/cemcoErp/public/index.php(53): Illuminate\Foundation\Http\Kernel->handle(Object(Illuminate\Http\Request))
#20 /var/www/html/cemcoErp/server.php(21): require_once('/var/www/html/c...')
#21 {main}  
[2020-04-12 00:26:27] local.ERROR: exception 'ErrorException' with message 'mcrypt_get_iv_size(): Module initialization failed' in /var/www/html/cemcoErp/vendor/laravel/framework/src/Illuminate/Encryption/Encrypter.php:303
Stack trace:
#0 [internal function]: Illuminate\Foundation\Bootstrap\HandleExceptions->handleError(2, 'mcrypt_get_iv_s...', '/var/www/html/c...', 303, Array)
#1 /var/www/html/cemcoErp/vendor/laravel/framework/src/Illuminate/Encryption/Encrypter.php(303): mcrypt_get_iv_size('-256', 'cbc')
#2 /var/www/html/cemcoErp/vendor/laravel/framework/src/Illuminate/Encryption/Encrypter.php(280): Illuminate\Encryption\Encrypter->updateBlockSize()
#3 /var/www/html/cemcoErp/vendor/laravel/framework/src/Illuminate/Encryption/EncryptionServiceProvider.php(20): Illuminate\Encryption\Encrypter->setCipher(-256)
#4 /var/www/html/cemcoErp/vendor/laravel/framework/src/Illuminate/Container/Container.php(776): Illuminate\Encryption\EncryptionServiceProvider->Illuminate\Encryption\{closure}(Object(Illuminate\Foundation\Application), Array)
#5 /var/www/html/cemcoErp/vendor/laravel/framework/src/Illuminate/Container/Container.php(659): Illuminate\Container\Container->build(Object(Closure), Array)
#6 /var/www/html/cemcoErp/vendor/laravel/framework/src/Illuminate/Foundation/Application.php(644): Illuminate\Container\Container->make('encrypter', Array)
#7 /var/www/html/cemcoErp/vendor/laravel/framework/src/Illuminate/Container/Container.php(890): Illuminate\Foundation\Application->make('Illuminate\\Cont...')
#8 /var/www/html/cemcoErp/vendor/laravel/framework/src/Illuminate/Container/Container.php(851): Illuminate\Container\Container->resolveClass(Object(ReflectionParameter))
#9 /var/www/html/cemcoErp/vendor/laravel/framework/src/Illuminate/Container/Container.php(816): Illuminate\Container\Container->getDependencies(Array, Array)
#10 /var/www/html/cemcoErp/vendor/laravel/framework/src/Illuminate/Container/Container.php(659): Illuminate\Container\Container->build('Illuminate\\Cook...', Array)
#11 /var/www/html/cemcoErp/vendor/laravel/framework/src/Illuminate/Foundation/Application.php(644): Illuminate\Container\Container->make('Illuminate\\Cook...', Array)
#12 /var/www/html/cemcoErp/vendor/laravel/framework/src/Illuminate/Foundation/Http/Kernel.php(131): Illuminate\Foundation\Application->make('Illuminate\\Cook...')
#13 /var/www/html/cemcoErp/public/index.php(57): Illuminate\Foundation\Http\Kernel->terminate(Object(Illuminate\Http\Request), Object(Symfony\Component\HttpFoundation\Response))
#14 /var/www/html/cemcoErp/server.php(21): require_once('/var/www/html/c...')
#15 {main}  
[2020-04-12 00:28:53] local.ERROR: exception 'ErrorException' with message 'mcrypt_encrypt(): Key of size 0 not supported by this algorithm. Only keys of sizes 16, 24 or 32 supported' in /var/www/html/cemcoErp/vendor/laravel/framework/src/Illuminate/Encryption/Encrypter.php:81
Stack trace:
#0 [internal function]: Illuminate\Foundation\Bootstrap\HandleExceptions->handleError(2, 'mcrypt_encrypt(...', '/var/www/html/c...', 81, Array)
#1 /var/www/html/cemcoErp/vendor/laravel/framework/src/Illuminate/Encryption/Encrypter.php(81): mcrypt_encrypt('rijndael-128', '', 's:40:"ohAGJklUk...', 'cbc', 'r\xAC\x10_\x15-\xB8\x02\xEE\f~7\xA5\x9An...')
#2 /var/www/html/cemcoErp/vendor/laravel/framework/src/Illuminate/Encryption/Encrypter.php(60): Illuminate\Encryption\Encrypter->padAndMcrypt('ohAGJklUkr2f7Ud...', 'r\xAC\x10_\x15-\xB8\x02\xEE\f~7\xA5\x9An...')
#3 /var/www/html/cemcoErp/vendor/laravel/framework/src/Illuminate/Cookie/Middleware/EncryptCookies.php(108): Illuminate\Encryption\Encrypter->encrypt('ohAGJklUkr2f7Ud...')
#4 /var/www/html/cemcoErp/vendor/laravel/framework/src/Illuminate/Cookie/Middleware/EncryptCookies.php(40): Illuminate\Cookie\Middleware\EncryptCookies->encrypt(Object(Illuminate\Http\Response))
#5 /var/www/html/cemcoErp/vendor/laravel/framework/src/Illuminate/Pipeline/Pipeline.php(125): Illuminate\Cookie\Middleware\EncryptCookies->handle(Object(Illuminate\Http\Request), Object(Closure))
#6 /var/www/html/cemcoErp/vendor/laravel/framework/src/Illuminate/Foundation/Http/Middleware/CheckForMaintenanceMode.php(42): Illuminate\Pipeline\Pipeline->Illuminate\Pipeline\{closure}(Object(Illuminate\Http\Request))
#7 /var/www/html/cemcoErp/vendor/laravel/framework/src/Illuminate/Pipeline/Pipeline.php(125): Illuminate\Foundation\Http\Middleware\CheckForMaintenanceMode->handle(Object(Illuminate\Http\Request), Object(Closure))
#8 [internal function]: Illuminate\Pipeline\Pipeline->Illuminate\Pipeline\{closure}(Object(Illuminate\Http\Request))
#9 /var/www/html/cemcoErp/vendor/laravel/framework/src/Illuminate/Pipeline/Pipeline.php(101): call_user_func(Object(Closure), Object(Illuminate\Http\Request))
#10 /var/www/html/cemcoErp/vendor/laravel/framework/src/Illuminate/Foundation/Http/Kernel.php(115): Illuminate\Pipeline\Pipeline->then(Object(Closure))
#11 /var/www/html/cemcoErp/vendor/laravel/framework/src/Illuminate/Foundation/Http/Kernel.php(84): Illuminate\Foundation\Http\Kernel->sendRequestThroughRouter(Object(Illuminate\Http\Request))
#12 /var/www/html/cemcoErp/public/index.php(53): Illuminate\Foundation\Http\Kernel->handle(Object(Illuminate\Http\Request))
#13 /var/www/html/cemcoErp/server.php(21): require_once('/var/www/html/c...')
#14 {main}  
[2020-04-12 00:30:31] local.ERROR: exception 'ErrorException' with message 'mcrypt_encrypt(): Key of size 0 not supported by this algorithm. Only keys of sizes 16, 24 or 32 supported' in /var/www/html/cemcoErp/vendor/laravel/framework/src/Illuminate/Encryption/Encrypter.php:81
Stack trace:
#0 [internal function]: Illuminate\Foundation\Bootstrap\HandleExceptions->handleError(2, 'mcrypt_encrypt(...', '/var/www/html/c...', 81, Array)
#1 /var/www/html/cemcoErp/vendor/laravel/framework/src/Illuminate/Encryption/Encrypter.php(81): mcrypt_encrypt('rijndael-128', '', 's:40:"46QSZStGL...', 'cbc', 'T\xBC)/1\xF5X\x06\x87\\{o\xA7\xC96...')
#2 /var/www/html/cemcoErp/vendor/laravel/framework/src/Illuminate/Encryption/Encrypter.php(60): Illuminate\Encryption\Encrypter->padAndMcrypt('46QSZStGLDMhb73...', 'T\xBC)/1\xF5X\x06\x87\\{o\xA7\xC96...')
#3 /var/www/html/cemcoErp/vendor/laravel/framework/src/Illuminate/Cookie/Middleware/EncryptCookies.php(108): Illuminate\Encryption\Encrypter->encrypt('46QSZStGLDMhb73...')
#4 /var/www/html/cemcoErp/vendor/laravel/framework/src/Illuminate/Cookie/Middleware/EncryptCookies.php(40): Illuminate\Cookie\Middleware\EncryptCookies->encrypt(Object(Illuminate\Http\Response))
#5 /var/www/html/cemcoErp/vendor/laravel/framework/src/Illuminate/Pipeline/Pipeline.php(125): Illuminate\Cookie\Middleware\EncryptCookies->handle(Object(Illuminate\Http\Request), Object(Closure))
#6 /var/www/html/cemcoErp/vendor/laravel/framework/src/Illuminate/Foundation/Http/Middleware/CheckForMaintenanceMode.php(42): Illuminate\Pipeline\Pipeline->Illuminate\Pipeline\{closure}(Object(Illuminate\Http\Request))
#7 /var/www/html/cemcoErp/vendor/laravel/framework/src/Illuminate/Pipeline/Pipeline.php(125): Illuminate\Foundation\Http\Middleware\CheckForMaintenanceMode->handle(Object(Illuminate\Http\Request), Object(Closure))
#8 [internal function]: Illuminate\Pipeline\Pipeline->Illuminate\Pipeline\{closure}(Object(Illuminate\Http\Request))
#9 /var/www/html/cemcoErp/vendor/laravel/framework/src/Illuminate/Pipeline/Pipeline.php(101): call_user_func(Object(Closure), Object(Illuminate\Http\Request))
#10 /var/www/html/cemcoErp/vendor/laravel/framework/src/Illuminate/Foundation/Http/Kernel.php(115): Illuminate\Pipeline\Pipeline->then(Object(Closure))
#11 /var/www/html/cemcoErp/vendor/laravel/framework/src/Illuminate/Foundation/Http/Kernel.php(84): Illuminate\Foundation\Http\Kernel->sendRequestThroughRouter(Object(Illuminate\Http\Request))
#12 /var/www/html/cemcoErp/public/index.php(53): Illuminate\Foundation\Http\Kernel->handle(Object(Illuminate\Http\Request))
#13 /var/www/html/cemcoErp/server.php(21): require_once('/var/www/html/c...')
#14 {main}  
[2020-04-12 14:56:56] local.ERROR: exception 'PDOException' with message 'SQLSTATE[HY000]: General error: 1215 Cannot add foreign key constraint' in /var/www/html/cemcoErp/vendor/laravel/framework/src/Illuminate/Database/Connection.php:362
Stack trace:
#0 /var/www/html/cemcoErp/vendor/laravel/framework/src/Illuminate/Database/Connection.php(362): PDOStatement->execute(Array)
#1 /var/www/html/cemcoErp/vendor/laravel/framework/src/Illuminate/Database/Connection.php(616): Illuminate\Database\Connection->Illuminate\Database\{closure}(Object(Illuminate\Database\MySqlConnection), 'alter table `st...', Array)
#2 /var/www/html/cemcoErp/vendor/laravel/framework/src/Illuminate/Database/Connection.php(580): Illuminate\Database\Connection->runQueryCallback('alter table `st...', Array, Object(Closure))
#3 /var/www/html/cemcoErp/vendor/laravel/framework/src/Illuminate/Database/Connection.php(363): Illuminate\Database\Connection->run('alter table `st...', Array, Object(Closure))
#4 /var/www/html/cemcoErp/vendor/laravel/framework/src/Illuminate/Database/Schema/Blueprint.php(63): Illuminate\Database\Connection->statement('alter table `st...')
#5 /var/www/html/cemcoErp/vendor/laravel/framework/src/Illuminate/Database/Schema/Builder.php(188): Illuminate\Database\Schema\Blueprint->build(Object(Illuminate\Database\MySqlConnection), Object(Illuminate\Database\Schema\Grammars\MySqlGrammar))
#6 /var/www/html/cemcoErp/vendor/laravel/framework/src/Illuminate/Database/Schema/Builder.php(131): Illuminate\Database\Schema\Builder->build(Object(Illuminate\Database\Schema\Blueprint))
#7 /var/www/html/cemcoErp/vendor/laravel/framework/src/Illuminate/Support/Facades/Facade.php(213): Illuminate\Database\Schema\Builder->create('stocks', Object(Closure))
#8 /var/www/html/cemcoErp/database/migrations/2015_07_08_202823_create_stocks_tables.php(30): Illuminate\Support\Facades\Facade::__callStatic('create', Array)
#9 /var/www/html/cemcoErp/database/migrations/2015_07_08_202823_create_stocks_tables.php(30): Illuminate\Support\Facades\Schema::create('stocks', Object(Closure))
#10 /var/www/html/cemcoErp/vendor/laravel/framework/src/Illuminate/Database/Migrations/Migrator.php(135): CreateStocksTables->up()
#11 /var/www/html/cemcoErp/vendor/laravel/framework/src/Illuminate/Database/Migrations/Migrator.php(111): Illuminate\Database\Migrations\Migrator->runUp('2015_07_08_2028...', 1, false)
#12 /var/www/html/cemcoErp/vendor/laravel/framework/src/Illuminate/Database/Migrations/Migrator.php(82): Illuminate\Database\Migrations\Migrator->runMigrationList(Array, false)
#13 /var/www/html/cemcoErp/vendor/laravel/framework/src/Illuminate/Database/Console/Migrations/MigrateCommand.php(73): Illuminate\Database\Migrations\Migrator->run('/var/www/html/c...', false)
#14 [internal function]: Illuminate\Database\Console\Migrations\MigrateCommand->fire()
#15 /var/www/html/cemcoErp/vendor/laravel/framework/src/Illuminate/Container/Container.php(526): call_user_func_array(Array, Array)
#16 /var/www/html/cemcoErp/vendor/laravel/framework/src/Illuminate/Console/Command.php(115): Illuminate\Container\Container->call(Array)
#17 /var/www/html/cemcoErp/vendor/symfony/console/Symfony/Component/Console/Command/Command.php(257): Illuminate\Console\Command->execute(Object(Symfony\Component\Console\Input\ArgvInput), Object(Symfony\Component\Console\Output\ConsoleOutput))
#18 /var/www/html/cemcoErp/vendor/laravel/framework/src/Illuminate/Console/Command.php(101): Symfony\Component\Console\Command\Command->run(Object(Symfony\Component\Console\Input\ArgvInput), Object(Symfony\Component\Console\Output\ConsoleOutput))
#19 /var/www/html/cemcoErp/vendor/symfony/console/Symfony/Component/Console/Application.php(874): Illuminate\Console\Command->run(Object(Symfony\Component\Console\Input\ArgvInput), Object(Symfony\Component\Console\Output\ConsoleOutput))
#20 /var/www/html/cemcoErp/vendor/symfony/console/Symfony/Component/Console/Application.php(195): Symfony\Component\Console\Application->doRunCommand(Object(Illuminate\Database\Console\Migrations\MigrateCommand), Object(Symfony\Component\Console\Input\ArgvInput), Object(Symfony\Component\Console\Output\ConsoleOutput))
#21 /var/www/html/cemcoErp/vendor/symfony/console/Symfony/Component/Console/Application.php(126): Symfony\Component\Console\Application->doRun(Object(Symfony\Component\Console\Input\ArgvInput), Object(Symfony\Component\Console\Output\ConsoleOutput))
#22 /var/www/html/cemcoErp/vendor/laravel/framework/src/Illuminate/Foundation/Console/Kernel.php(94): Symfony\Component\Console\Application->run(Object(Symfony\Component\Console\Input\ArgvInput), Object(Symfony\Component\Console\Output\ConsoleOutput))
#23 /var/www/html/cemcoErp/artisan(36): Illuminate\Foundation\Console\Kernel->handle(Object(Symfony\Component\Console\Input\ArgvInput), Object(Symfony\Component\Console\Output\ConsoleOutput))
#24 {main}

Next exception 'Illuminate\Database\QueryException' with message 'SQLSTATE[HY000]: General error: 1215 Cannot add foreign key constraint (SQL: alter table `stocks` add constraint stocks_stock_info_id_foreign foreign key (`stock_info_id`) references `stock_infos` (`id`))' in /var/www/html/cemcoErp/vendor/laravel/framework/src/Illuminate/Database/Connection.php:624
Stack trace:
#0 /var/www/html/cemcoErp/vendor/laravel/framework/src/Illuminate/Database/Connection.php(580): Illuminate\Database\Connection->runQueryCallback('alter table `st...', Array, Object(Closure))
#1 /var/www/html/cemcoErp/vendor/laravel/framework/src/Illuminate/Database/Connection.php(363): Illuminate\Database\Connection->run('alter table `st...', Array, Object(Closure))
#2 /var/www/html/cemcoErp/vendor/laravel/framework/src/Illuminate/Database/Schema/Blueprint.php(63): Illuminate\Database\Connection->statement('alter table `st...')
#3 /var/www/html/cemcoErp/vendor/laravel/framework/src/Illuminate/Database/Schema/Builder.php(188): Illuminate\Database\Schema\Blueprint->build(Object(Illuminate\Database\MySqlConnection), Object(Illuminate\Database\Schema\Grammars\MySqlGrammar))
#4 /var/www/html/cemcoErp/vendor/laravel/framework/src/Illuminate/Database/Schema/Builder.php(131): Illuminate\Database\Schema\Builder->build(Object(Illuminate\Database\Schema\Blueprint))
#5 /var/www/html/cemcoErp/vendor/laravel/framework/src/Illuminate/Support/Facades/Facade.php(213): Illuminate\Database\Schema\Builder->create('stocks', Object(Closure))
#6 /var/www/html/cemcoErp/database/migrations/2015_07_08_202823_create_stocks_tables.php(30): Illuminate\Support\Facades\Facade::__callStatic('create', Array)
#7 /var/www/html/cemcoErp/database/migrations/2015_07_08_202823_create_stocks_tables.php(30): Illuminate\Support\Facades\Schema::create('stocks', Object(Closure))
#8 /var/www/html/cemcoErp/vendor/laravel/framework/src/Illuminate/Database/Migrations/Migrator.php(135): CreateStocksTables->up()
#9 /var/www/html/cemcoErp/vendor/laravel/framework/src/Illuminate/Database/Migrations/Migrator.php(111): Illuminate\Database\Migrations\Migrator->runUp('2015_07_08_2028...', 1, false)
#10 /var/www/html/cemcoErp/vendor/laravel/framework/src/Illuminate/Database/Migrations/Migrator.php(82): Illuminate\Database\Migrations\Migrator->runMigrationList(Array, false)
#11 /var/www/html/cemcoErp/vendor/laravel/framework/src/Illuminate/Database/Console/Migrations/MigrateCommand.php(73): Illuminate\Database\Migrations\Migrator->run('/var/www/html/c...', false)
#12 [internal function]: Illuminate\Database\Console\Migrations\MigrateCommand->fire()
#13 /var/www/html/cemcoErp/vendor/laravel/framework/src/Illuminate/Container/Container.php(526): call_user_func_array(Array, Array)
#14 /var/www/html/cemcoErp/vendor/laravel/framework/src/Illuminate/Console/Command.php(115): Illuminate\Container\Container->call(Array)
#15 /var/www/html/cemcoErp/vendor/symfony/console/Symfony/Component/Console/Command/Command.php(257): Illuminate\Console\Command->execute(Object(Symfony\Component\Console\Input\ArgvInput), Object(Symfony\Component\Console\Output\ConsoleOutput))
#16 /var/www/html/cemcoErp/vendor/laravel/framework/src/Illuminate/Console/Command.php(101): Symfony\Component\Console\Command\Command->run(Object(Symfony\Component\Console\Input\ArgvInput), Object(Symfony\Component\Console\Output\ConsoleOutput))
#17 /var/www/html/cemcoErp/vendor/symfony/console/Symfony/Component/Console/Application.php(874): Illuminate\Console\Command->run(Object(Symfony\Component\Console\Input\ArgvInput), Object(Symfony\Component\Console\Output\ConsoleOutput))
#18 /var/www/html/cemcoErp/vendor/symfony/console/Symfony/Component/Console/Application.php(195): Symfony\Component\Console\Application->doRunCommand(Object(Illuminate\Database\Console\Migrations\MigrateCommand), Object(Symfony\Component\Console\Input\ArgvInput), Object(Symfony\Component\Console\Output\ConsoleOutput))
#19 /var/www/html/cemcoErp/vendor/symfony/console/Symfony/Component/Console/Application.php(126): Symfony\Component\Console\Application->doRun(Object(Symfony\Component\Console\Input\ArgvInput), Object(Symfony\Component\Console\Output\ConsoleOutput))
#20 /var/www/html/cemcoErp/vendor/laravel/framework/src/Illuminate/Foundation/Console/Kernel.php(94): Symfony\Component\Console\Application->run(Object(Symfony\Component\Console\Input\ArgvInput), Object(Symfony\Component\Console\Output\ConsoleOutput))
#21 /var/www/html/cemcoErp/artisan(36): Illuminate\Foundation\Console\Kernel->handle(Object(Symfony\Component\Console\Input\ArgvInput), Object(Symfony\Component\Console\Output\ConsoleOutput))
#22 {main}  
[2020-04-12 15:12:05] local.ERROR: exception 'PDOException' with message 'SQLSTATE[42S01]: Base table or view already exists: 1050 Table 'stocks' already exists' in /var/www/html/cemcoErp/vendor/laravel/framework/src/Illuminate/Database/Connection.php:362
Stack trace:
#0 /var/www/html/cemcoErp/vendor/laravel/framework/src/Illuminate/Database/Connection.php(362): PDOStatement->execute(Array)
#1 /var/www/html/cemcoErp/vendor/laravel/framework/src/Illuminate/Database/Connection.php(616): Illuminate\Database\Connection->Illuminate\Database\{closure}(Object(Illuminate\Database\MySqlConnection), 'create table `s...', Array)
#2 /var/www/html/cemcoErp/vendor/laravel/framework/src/Illuminate/Database/Connection.php(580): Illuminate\Database\Connection->runQueryCallback('create table `s...', Array, Object(Closure))
#3 /var/www/html/cemcoErp/vendor/laravel/framework/src/Illuminate/Database/Connection.php(363): Illuminate\Database\Connection->run('create table `s...', Array, Object(Closure))
#4 /var/www/html/cemcoErp/vendor/laravel/framework/src/Illuminate/Database/Schema/Blueprint.php(63): Illuminate\Database\Connection->statement('create table `s...')
#5 /var/www/html/cemcoErp/vendor/laravel/framework/src/Illuminate/Database/Schema/Builder.php(188): Illuminate\Database\Schema\Blueprint->build(Object(Illuminate\Database\MySqlConnection), Object(Illuminate\Database\Schema\Grammars\MySqlGrammar))
#6 /var/www/html/cemcoErp/vendor/laravel/framework/src/Illuminate/Database/Schema/Builder.php(131): Illuminate\Database\Schema\Builder->build(Object(Illuminate\Database\Schema\Blueprint))
#7 /var/www/html/cemcoErp/vendor/laravel/framework/src/Illuminate/Support/Facades/Facade.php(213): Illuminate\Database\Schema\Builder->create('stocks', Object(Closure))
#8 /var/www/html/cemcoErp/database/migrations/2015_07_08_202823_create_stocks_tables.php(30): Illuminate\Support\Facades\Facade::__callStatic('create', Array)
#9 /var/www/html/cemcoErp/database/migrations/2015_07_08_202823_create_stocks_tables.php(30): Illuminate\Support\Facades\Schema::create('stocks', Object(Closure))
#10 /var/www/html/cemcoErp/vendor/laravel/framework/src/Illuminate/Database/Migrations/Migrator.php(135): CreateStocksTables->up()
#11 /var/www/html/cemcoErp/vendor/laravel/framework/src/Illuminate/Database/Migrations/Migrator.php(111): Illuminate\Database\Migrations\Migrator->runUp('2015_07_08_2028...', 2, false)
#12 /var/www/html/cemcoErp/vendor/laravel/framework/src/Illuminate/Database/Migrations/Migrator.php(82): Illuminate\Database\Migrations\Migrator->runMigrationList(Array, false)
#13 /var/www/html/cemcoErp/vendor/laravel/framework/src/Illuminate/Database/Console/Migrations/MigrateCommand.php(73): Illuminate\Database\Migrations\Migrator->run('/var/www/html/c...', false)
#14 [internal function]: Illuminate\Database\Console\Migrations\MigrateCommand->fire()
#15 /var/www/html/cemcoErp/vendor/laravel/framework/src/Illuminate/Container/Container.php(526): call_user_func_array(Array, Array)
#16 /var/www/html/cemcoErp/vendor/laravel/framework/src/Illuminate/Console/Command.php(115): Illuminate\Container\Container->call(Array)
#17 /var/www/html/cemcoErp/vendor/symfony/console/Symfony/Component/Console/Command/Command.php(257): Illuminate\Console\Command->execute(Object(Symfony\Component\Console\Input\ArgvInput), Object(Symfony\Component\Console\Output\ConsoleOutput))
#18 /var/www/html/cemcoErp/vendor/laravel/framework/src/Illuminate/Console/Command.php(101): Symfony\Component\Console\Command\Command->run(Object(Symfony\Component\Console\Input\ArgvInput), Object(Symfony\Component\Console\Output\ConsoleOutput))
#19 /var/www/html/cemcoErp/vendor/symfony/console/Symfony/Component/Console/Application.php(874): Illuminate\Console\Command->run(Object(Symfony\Component\Console\Input\ArgvInput), Object(Symfony\Component\Console\Output\ConsoleOutput))
#20 /var/www/html/cemcoErp/vendor/symfony/console/Symfony/Component/Console/Application.php(195): Symfony\Component\Console\Application->doRunCommand(Object(Illuminate\Database\Console\Migrations\MigrateCommand), Object(Symfony\Component\Console\Input\ArgvInput), Object(Symfony\Component\Console\Output\ConsoleOutput))
#21 /var/www/html/cemcoErp/vendor/symfony/console/Symfony/Component/Console/Application.php(126): Symfony\Component\Console\Application->doRun(Object(Symfony\Component\Console\Input\ArgvInput), Object(Symfony\Component\Console\Output\ConsoleOutput))
#22 /var/www/html/cemcoErp/vendor/laravel/framework/src/Illuminate/Foundation/Console/Kernel.php(94): Symfony\Component\Console\Application->run(Object(Symfony\Component\Console\Input\ArgvInput), Object(Symfony\Component\Console\Output\ConsoleOutput))
#23 /var/www/html/cemcoErp/artisan(36): Illuminate\Foundation\Console\Kernel->handle(Object(Symfony\Component\Console\Input\ArgvInput), Object(Symfony\Component\Console\Output\ConsoleOutput))
#24 {main}

Next exception 'Illuminate\Database\QueryException' with message 'SQLSTATE[42S01]: Base table or view already exists: 1050 Table 'stocks' already exists (SQL: create table `stocks` (`id` int unsigned not null auto_increment primary key, `product_id` int unsigned not null, `stock_info_id` int unsigned not null, `product_quantity` int not null, `entry_type` varchar(255) not null, `status` varchar(255) not null, `remarks` text not null, `consignment_name` varchar(255) not null, `user_id` int unsigned not null, `created_at` timestamp default 0 not null, `updated_at` timestamp default 0 not null) default character set utf8 collate utf8_unicode_ci)' in /var/www/html/cemcoErp/vendor/laravel/framework/src/Illuminate/Database/Connection.php:624
Stack trace:
#0 /var/www/html/cemcoErp/vendor/laravel/framework/src/Illuminate/Database/Connection.php(580): Illuminate\Database\Connection->runQueryCallback('create table `s...', Array, Object(Closure))
#1 /var/www/html/cemcoErp/vendor/laravel/framework/src/Illuminate/Database/Connection.php(363): Illuminate\Database\Connection->run('create table `s...', Array, Object(Closure))
#2 /var/www/html/cemcoErp/vendor/laravel/framework/src/Illuminate/Database/Schema/Blueprint.php(63): Illuminate\Database\Connection->statement('create table `s...')
#3 /var/www/html/cemcoErp/vendor/laravel/framework/src/Illuminate/Database/Schema/Builder.php(188): Illuminate\Database\Schema\Blueprint->build(Object(Illuminate\Database\MySqlConnection), Object(Illuminate\Database\Schema\Grammars\MySqlGrammar))
#4 /var/www/html/cemcoErp/vendor/laravel/framework/src/Illuminate/Database/Schema/Builder.php(131): Illuminate\Database\Schema\Builder->build(Object(Illuminate\Database\Schema\Blueprint))
#5 /var/www/html/cemcoErp/vendor/laravel/framework/src/Illuminate/Support/Facades/Facade.php(213): Illuminate\Database\Schema\Builder->create('stocks', Object(Closure))
#6 /var/www/html/cemcoErp/database/migrations/2015_07_08_202823_create_stocks_tables.php(30): Illuminate\Support\Facades\Facade::__callStatic('create', Array)
#7 /var/www/html/cemcoErp/database/migrations/2015_07_08_202823_create_stocks_tables.php(30): Illuminate\Support\Facades\Schema::create('stocks', Object(Closure))
#8 /var/www/html/cemcoErp/vendor/laravel/framework/src/Illuminate/Database/Migrations/Migrator.php(135): CreateStocksTables->up()
#9 /var/www/html/cemcoErp/vendor/laravel/framework/src/Illuminate/Database/Migrations/Migrator.php(111): Illuminate\Database\Migrations\Migrator->runUp('2015_07_08_2028...', 2, false)
#10 /var/www/html/cemcoErp/vendor/laravel/framework/src/Illuminate/Database/Migrations/Migrator.php(82): Illuminate\Database\Migrations\Migrator->runMigrationList(Array, false)
#11 /var/www/html/cemcoErp/vendor/laravel/framework/src/Illuminate/Database/Console/Migrations/MigrateCommand.php(73): Illuminate\Database\Migrations\Migrator->run('/var/www/html/c...', false)
#12 [internal function]: Illuminate\Database\Console\Migrations\MigrateCommand->fire()
#13 /var/www/html/cemcoErp/vendor/laravel/framework/src/Illuminate/Container/Container.php(526): call_user_func_array(Array, Array)
#14 /var/www/html/cemcoErp/vendor/laravel/framework/src/Illuminate/Console/Command.php(115): Illuminate\Container\Container->call(Array)
#15 /var/www/html/cemcoErp/vendor/symfony/console/Symfony/Component/Console/Command/Command.php(257): Illuminate\Console\Command->execute(Object(Symfony\Component\Console\Input\ArgvInput), Object(Symfony\Component\Console\Output\ConsoleOutput))
#16 /var/www/html/cemcoErp/vendor/laravel/framework/src/Illuminate/Console/Command.php(101): Symfony\Component\Console\Command\Command->run(Object(Symfony\Component\Console\Input\ArgvInput), Object(Symfony\Component\Console\Output\ConsoleOutput))
#17 /var/www/html/cemcoErp/vendor/symfony/console/Symfony/Component/Console/Application.php(874): Illuminate\Console\Command->run(Object(Symfony\Component\Console\Input\ArgvInput), Object(Symfony\Component\Console\Output\ConsoleOutput))
#18 /var/www/html/cemcoErp/vendor/symfony/console/Symfony/Component/Console/Application.php(195): Symfony\Component\Console\Application->doRunCommand(Object(Illuminate\Database\Console\Migrations\MigrateCommand), Object(Symfony\Component\Console\Input\ArgvInput), Object(Symfony\Component\Console\Output\ConsoleOutput))
#19 /var/www/html/cemcoErp/vendor/symfony/console/Symfony/Component/Console/Application.php(126): Symfony\Component\Console\Application->doRun(Object(Symfony\Component\Console\Input\ArgvInput), Object(Symfony\Component\Console\Output\ConsoleOutput))
#20 /var/www/html/cemcoErp/vendor/laravel/framework/src/Illuminate/Foundation/Console/Kernel.php(94): Symfony\Component\Console\Application->run(Object(Symfony\Component\Console\Input\ArgvInput), Object(Symfony\Component\Console\Output\ConsoleOutput))
#21 /var/www/html/cemcoErp/artisan(36): Illuminate\Foundation\Console\Kernel->handle(Object(Symfony\Component\Console\Input\ArgvInput), Object(Symfony\Component\Console\Output\ConsoleOutput))
#22 {main}  
[2020-04-12 15:13:10] local.ERROR: exception 'PDOException' with message 'SQLSTATE[HY000]: General error: 1215 Cannot add foreign key constraint' in /var/www/html/cemcoErp/vendor/laravel/framework/src/Illuminate/Database/Connection.php:362
Stack trace:
#0 /var/www/html/cemcoErp/vendor/laravel/framework/src/Illuminate/Database/Connection.php(362): PDOStatement->execute(Array)
#1 /var/www/html/cemcoErp/vendor/laravel/framework/src/Illuminate/Database/Connection.php(616): Illuminate\Database\Connection->Illuminate\Database\{closure}(Object(Illuminate\Database\MySqlConnection), 'alter table `st...', Array)
#2 /var/www/html/cemcoErp/vendor/laravel/framework/src/Illuminate/Database/Connection.php(580): Illuminate\Database\Connection->runQueryCallback('alter table `st...', Array, Object(Closure))
#3 /var/www/html/cemcoErp/vendor/laravel/framework/src/Illuminate/Database/Connection.php(363): Illuminate\Database\Connection->run('alter table `st...', Array, Object(Closure))
#4 /var/www/html/cemcoErp/vendor/laravel/framework/src/Illuminate/Database/Schema/Blueprint.php(63): Illuminate\Database\Connection->statement('alter table `st...')
#5 /var/www/html/cemcoErp/vendor/laravel/framework/src/Illuminate/Database/Schema/Builder.php(188): Illuminate\Database\Schema\Blueprint->build(Object(Illuminate\Database\MySqlConnection), Object(Illuminate\Database\Schema\Grammars\MySqlGrammar))
#6 /var/www/html/cemcoErp/vendor/laravel/framework/src/Illuminate/Database/Schema/Builder.php(131): Illuminate\Database\Schema\Builder->build(Object(Illuminate\Database\Schema\Blueprint))
#7 /var/www/html/cemcoErp/vendor/laravel/framework/src/Illuminate/Support/Facades/Facade.php(213): Illuminate\Database\Schema\Builder->create('stock_requisiti...', Object(Closure))
#8 /var/www/html/cemcoErp/database/migrations/2015_07_12_211429_create_stock_requisitions_tables.php(30): Illuminate\Support\Facades\Facade::__callStatic('create', Array)
#9 /var/www/html/cemcoErp/database/migrations/2015_07_12_211429_create_stock_requisitions_tables.php(30): Illuminate\Support\Facades\Schema::create('stock_requisiti...', Object(Closure))
#10 /var/www/html/cemcoErp/vendor/laravel/framework/src/Illuminate/Database/Migrations/Migrator.php(135): CreateStockRequisitionsTables->up()
#11 /var/www/html/cemcoErp/vendor/laravel/framework/src/Illuminate/Database/Migrations/Migrator.php(111): Illuminate\Database\Migrations\Migrator->runUp('2015_07_12_2114...', 3, false)
#12 /var/www/html/cemcoErp/vendor/laravel/framework/src/Illuminate/Database/Migrations/Migrator.php(82): Illuminate\Database\Migrations\Migrator->runMigrationList(Array, false)
#13 /var/www/html/cemcoErp/vendor/laravel/framework/src/Illuminate/Database/Console/Migrations/MigrateCommand.php(73): Illuminate\Database\Migrations\Migrator->run('/var/www/html/c...', false)
#14 [internal function]: Illuminate\Database\Console\Migrations\MigrateCommand->fire()
#15 /var/www/html/cemcoErp/vendor/laravel/framework/src/Illuminate/Container/Container.php(526): call_user_func_array(Array, Array)
#16 /var/www/html/cemcoErp/vendor/laravel/framework/src/Illuminate/Console/Command.php(115): Illuminate\Container\Container->call(Array)
#17 /var/www/html/cemcoErp/vendor/symfony/console/Symfony/Component/Console/Command/Command.php(257): Illuminate\Console\Command->execute(Object(Symfony\Component\Console\Input\ArgvInput), Object(Symfony\Component\Console\Output\ConsoleOutput))
#18 /var/www/html/cemcoErp/vendor/laravel/framework/src/Illuminate/Console/Command.php(101): Symfony\Component\Console\Command\Command->run(Object(Symfony\Component\Console\Input\ArgvInput), Object(Symfony\Component\Console\Output\ConsoleOutput))
#19 /var/www/html/cemcoErp/vendor/symfony/console/Symfony/Component/Console/Application.php(874): Illuminate\Console\Command->run(Object(Symfony\Component\Console\Input\ArgvInput), Object(Symfony\Component\Console\Output\ConsoleOutput))
#20 /var/www/html/cemcoErp/vendor/symfony/console/Symfony/Component/Console/Application.php(195): Symfony\Component\Console\Application->doRunCommand(Object(Illuminate\Database\Console\Migrations\MigrateCommand), Object(Symfony\Component\Console\Input\ArgvInput), Object(Symfony\Component\Console\Output\ConsoleOutput))
#21 /var/www/html/cemcoErp/vendor/symfony/console/Symfony/Component/Console/Application.php(126): Symfony\Component\Console\Application->doRun(Object(Symfony\Component\Console\Input\ArgvInput), Object(Symfony\Component\Console\Output\ConsoleOutput))
#22 /var/www/html/cemcoErp/vendor/laravel/framework/src/Illuminate/Foundation/Console/Kernel.php(94): Symfony\Component\Console\Application->run(Object(Symfony\Component\Console\Input\ArgvInput), Object(Symfony\Component\Console\Output\ConsoleOutput))
#23 /var/www/html/cemcoErp/artisan(36): Illuminate\Foundation\Console\Kernel->handle(Object(Symfony\Component\Console\Input\ArgvInput), Object(Symfony\Component\Console\Output\ConsoleOutput))
#24 {main}

Next exception 'Illuminate\Database\QueryException' with message 'SQLSTATE[HY000]: General error: 1215 Cannot add foreign key constraint (SQL: alter table `stock_requisitions` add constraint stock_requisitions_party_id_foreign foreign key (`party_id`) references `parties` (`id`))' in /var/www/html/cemcoErp/vendor/laravel/framework/src/Illuminate/Database/Connection.php:624
Stack trace:
#0 /var/www/html/cemcoErp/vendor/laravel/framework/src/Illuminate/Database/Connection.php(580): Illuminate\Database\Connection->runQueryCallback('alter table `st...', Array, Object(Closure))
#1 /var/www/html/cemcoErp/vendor/laravel/framework/src/Illuminate/Database/Connection.php(363): Illuminate\Database\Connection->run('alter table `st...', Array, Object(Closure))
#2 /var/www/html/cemcoErp/vendor/laravel/framework/src/Illuminate/Database/Schema/Blueprint.php(63): Illuminate\Database\Connection->statement('alter table `st...')
#3 /var/www/html/cemcoErp/vendor/laravel/framework/src/Illuminate/Database/Schema/Builder.php(188): Illuminate\Database\Schema\Blueprint->build(Object(Illuminate\Database\MySqlConnection), Object(Illuminate\Database\Schema\Grammars\MySqlGrammar))
#4 /var/www/html/cemcoErp/vendor/laravel/framework/src/Illuminate/Database/Schema/Builder.php(131): Illuminate\Database\Schema\Builder->build(Object(Illuminate\Database\Schema\Blueprint))
#5 /var/www/html/cemcoErp/vendor/laravel/framework/src/Illuminate/Support/Facades/Facade.php(213): Illuminate\Database\Schema\Builder->create('stock_requisiti...', Object(Closure))
#6 /var/www/html/cemcoErp/database/migrations/2015_07_12_211429_create_stock_requisitions_tables.php(30): Illuminate\Support\Facades\Facade::__callStatic('create', Array)
#7 /var/www/html/cemcoErp/database/migrations/2015_07_12_211429_create_stock_requisitions_tables.php(30): Illuminate\Support\Facades\Schema::create('stock_requisiti...', Object(Closure))
#8 /var/www/html/cemcoErp/vendor/laravel/framework/src/Illuminate/Database/Migrations/Migrator.php(135): CreateStockRequisitionsTables->up()
#9 /var/www/html/cemcoErp/vendor/laravel/framework/src/Illuminate/Database/Migrations/Migrator.php(111): Illuminate\Database\Migrations\Migrator->runUp('2015_07_12_2114...', 3, false)
#10 /var/www/html/cemcoErp/vendor/laravel/framework/src/Illuminate/Database/Migrations/Migrator.php(82): Illuminate\Database\Migrations\Migrator->runMigrationList(Array, false)
#11 /var/www/html/cemcoErp/vendor/laravel/framework/src/Illuminate/Database/Console/Migrations/MigrateCommand.php(73): Illuminate\Database\Migrations\Migrator->run('/var/www/html/c...', false)
#12 [internal function]: Illuminate\Database\Console\Migrations\MigrateCommand->fire()
#13 /var/www/html/cemcoErp/vendor/laravel/framework/src/Illuminate/Container/Container.php(526): call_user_func_array(Array, Array)
#14 /var/www/html/cemcoErp/vendor/laravel/framework/src/Illuminate/Console/Command.php(115): Illuminate\Container\Container->call(Array)
#15 /var/www/html/cemcoErp/vendor/symfony/console/Symfony/Component/Console/Command/Command.php(257): Illuminate\Console\Command->execute(Object(Symfony\Component\Console\Input\ArgvInput), Object(Symfony\Component\Console\Output\ConsoleOutput))
#16 /var/www/html/cemcoErp/vendor/laravel/framework/src/Illuminate/Console/Command.php(101): Symfony\Component\Console\Command\Command->run(Object(Symfony\Component\Console\Input\ArgvInput), Object(Symfony\Component\Console\Output\ConsoleOutput))
#17 /var/www/html/cemcoErp/vendor/symfony/console/Symfony/Component/Console/Application.php(874): Illuminate\Console\Command->run(Object(Symfony\Component\Console\Input\ArgvInput), Object(Symfony\Component\Console\Output\ConsoleOutput))
#18 /var/www/html/cemcoErp/vendor/symfony/console/Symfony/Component/Console/Application.php(195): Symfony\Component\Console\Application->doRunCommand(Object(Illuminate\Database\Console\Migrations\MigrateCommand), Object(Symfony\Component\Console\Input\ArgvInput), Object(Symfony\Component\Console\Output\ConsoleOutput))
#19 /var/www/html/cemcoErp/vendor/symfony/console/Symfony/Component/Console/Application.php(126): Symfony\Component\Console\Application->doRun(Object(Symfony\Component\Console\Input\ArgvInput), Object(Symfony\Component\Console\Output\ConsoleOutput))
#20 /var/www/html/cemcoErp/vendor/laravel/framework/src/Illuminate/Foundation/Console/Kernel.php(94): Symfony\Component\Console\Application->run(Object(Symfony\Component\Console\Input\ArgvInput), Object(Symfony\Component\Console\Output\ConsoleOutput))
#21 /var/www/html/cemcoErp/artisan(36): Illuminate\Foundation\Console\Kernel->handle(Object(Symfony\Component\Console\Input\ArgvInput), Object(Symfony\Component\Console\Output\ConsoleOutput))
#22 {main}  
[2020-04-12 15:16:35] local.ERROR: exception 'PDOException' with message 'SQLSTATE[42S21]: Column already exists: 1060 Duplicate column name 'sub_category_id'' in /var/www/html/cemcoErp/vendor/laravel/framework/src/Illuminate/Database/Connection.php:362
Stack trace:
#0 /var/www/html/cemcoErp/vendor/laravel/framework/src/Illuminate/Database/Connection.php(362): PDOStatement->execute(Array)
#1 /var/www/html/cemcoErp/vendor/laravel/framework/src/Illuminate/Database/Connection.php(616): Illuminate\Database\Connection->Illuminate\Database\{closure}(Object(Illuminate\Database\MySqlConnection), 'alter table `pr...', Array)
#2 /var/www/html/cemcoErp/vendor/laravel/framework/src/Illuminate/Database/Connection.php(580): Illuminate\Database\Connection->runQueryCallback('alter table `pr...', Array, Object(Closure))
#3 /var/www/html/cemcoErp/vendor/laravel/framework/src/Illuminate/Database/Connection.php(363): Illuminate\Database\Connection->run('alter table `pr...', Array, Object(Closure))
#4 /var/www/html/cemcoErp/vendor/laravel/framework/src/Illuminate/Database/Schema/Blueprint.php(63): Illuminate\Database\Connection->statement('alter table `pr...')
#5 /var/www/html/cemcoErp/vendor/laravel/framework/src/Illuminate/Database/Schema/Builder.php(188): Illuminate\Database\Schema\Blueprint->build(Object(Illuminate\Database\MySqlConnection), Object(Illuminate\Database\Schema\Grammars\MySqlGrammar))
#6 /var/www/html/cemcoErp/vendor/laravel/framework/src/Illuminate/Database/Schema/Builder.php(113): Illuminate\Database\Schema\Builder->build(Object(Illuminate\Database\Schema\Blueprint))
#7 /var/www/html/cemcoErp/vendor/laravel/framework/src/Illuminate/Support/Facades/Facade.php(213): Illuminate\Database\Schema\Builder->table('products', Object(Closure))
#8 /var/www/html/cemcoErp/database/migrations/2015_10_18_212723_add_product_sub_category_to_products.php(18): Illuminate\Support\Facades\Facade::__callStatic('table', Array)
#9 /var/www/html/cemcoErp/database/migrations/2015_10_18_212723_add_product_sub_category_to_products.php(18): Illuminate\Support\Facades\Schema::table('products', Object(Closure))
#10 /var/www/html/cemcoErp/vendor/laravel/framework/src/Illuminate/Database/Migrations/Migrator.php(135): AddProductSubCategoryToProducts->up()
#11 /var/www/html/cemcoErp/vendor/laravel/framework/src/Illuminate/Database/Migrations/Migrator.php(111): Illuminate\Database\Migrations\Migrator->runUp('2015_10_18_2127...', 4, false)
#12 /var/www/html/cemcoErp/vendor/laravel/framework/src/Illuminate/Database/Migrations/Migrator.php(82): Illuminate\Database\Migrations\Migrator->runMigrationList(Array, false)
#13 /var/www/html/cemcoErp/vendor/laravel/framework/src/Illuminate/Database/Console/Migrations/MigrateCommand.php(73): Illuminate\Database\Migrations\Migrator->run('/var/www/html/c...', false)
#14 [internal function]: Illuminate\Database\Console\Migrations\MigrateCommand->fire()
#15 /var/www/html/cemcoErp/vendor/laravel/framework/src/Illuminate/Container/Container.php(526): call_user_func_array(Array, Array)
#16 /var/www/html/cemcoErp/vendor/laravel/framework/src/Illuminate/Console/Command.php(115): Illuminate\Container\Container->call(Array)
#17 /var/www/html/cemcoErp/vendor/symfony/console/Symfony/Component/Console/Command/Command.php(257): Illuminate\Console\Command->execute(Object(Symfony\Component\Console\Input\ArgvInput), Object(Symfony\Component\Console\Output\ConsoleOutput))
#18 /var/www/html/cemcoErp/vendor/laravel/framework/src/Illuminate/Console/Command.php(101): Symfony\Component\Console\Command\Command->run(Object(Symfony\Component\Console\Input\ArgvInput), Object(Symfony\Component\Console\Output\ConsoleOutput))
#19 /var/www/html/cemcoErp/vendor/symfony/console/Symfony/Component/Console/Application.php(874): Illuminate\Console\Command->run(Object(Symfony\Component\Console\Input\ArgvInput), Object(Symfony\Component\Console\Output\ConsoleOutput))
#20 /var/www/html/cemcoErp/vendor/symfony/console/Symfony/Component/Console/Application.php(195): Symfony\Component\Console\Application->doRunCommand(Object(Illuminate\Database\Console\Migrations\MigrateCommand), Object(Symfony\Component\Console\Input\ArgvInput), Object(Symfony\Component\Console\Output\ConsoleOutput))
#21 /var/www/html/cemcoErp/vendor/symfony/console/Symfony/Component/Console/Application.php(126): Symfony\Component\Console\Application->doRun(Object(Symfony\Component\Console\Input\ArgvInput), Object(Symfony\Component\Console\Output\ConsoleOutput))
#22 /var/www/html/cemcoErp/vendor/laravel/framework/src/Illuminate/Foundation/Console/Kernel.php(94): Symfony\Component\Console\Application->run(Object(Symfony\Component\Console\Input\ArgvInput), Object(Symfony\Component\Console\Output\ConsoleOutput))
#23 /var/www/html/cemcoErp/artisan(36): Illuminate\Foundation\Console\Kernel->handle(Object(Symfony\Component\Console\Input\ArgvInput), Object(Symfony\Component\Console\Output\ConsoleOutput))
#24 {main}

Next exception 'Illuminate\Database\QueryException' with message 'SQLSTATE[42S21]: Column already exists: 1060 Duplicate column name 'sub_category_id' (SQL: alter table `products` add `sub_category_id` int not null)' in /var/www/html/cemcoErp/vendor/laravel/framework/src/Illuminate/Database/Connection.php:624
Stack trace:
#0 /var/www/html/cemcoErp/vendor/laravel/framework/src/Illuminate/Database/Connection.php(580): Illuminate\Database\Connection->runQueryCallback('alter table `pr...', Array, Object(Closure))
#1 /var/www/html/cemcoErp/vendor/laravel/framework/src/Illuminate/Database/Connection.php(363): Illuminate\Database\Connection->run('alter table `pr...', Array, Object(Closure))
#2 /var/www/html/cemcoErp/vendor/laravel/framework/src/Illuminate/Database/Schema/Blueprint.php(63): Illuminate\Database\Connection->statement('alter table `pr...')
#3 /var/www/html/cemcoErp/vendor/laravel/framework/src/Illuminate/Database/Schema/Builder.php(188): Illuminate\Database\Schema\Blueprint->build(Object(Illuminate\Database\MySqlConnection), Object(Illuminate\Database\Schema\Grammars\MySqlGrammar))
#4 /var/www/html/cemcoErp/vendor/laravel/framework/src/Illuminate/Database/Schema/Builder.php(113): Illuminate\Database\Schema\Builder->build(Object(Illuminate\Database\Schema\Blueprint))
#5 /var/www/html/cemcoErp/vendor/laravel/framework/src/Illuminate/Support/Facades/Facade.php(213): Illuminate\Database\Schema\Builder->table('products', Object(Closure))
#6 /var/www/html/cemcoErp/database/migrations/2015_10_18_212723_add_product_sub_category_to_products.php(18): Illuminate\Support\Facades\Facade::__callStatic('table', Array)
#7 /var/www/html/cemcoErp/database/migrations/2015_10_18_212723_add_product_sub_category_to_products.php(18): Illuminate\Support\Facades\Schema::table('products', Object(Closure))
#8 /var/www/html/cemcoErp/vendor/laravel/framework/src/Illuminate/Database/Migrations/Migrator.php(135): AddProductSubCategoryToProducts->up()
#9 /var/www/html/cemcoErp/vendor/laravel/framework/src/Illuminate/Database/Migrations/Migrator.php(111): Illuminate\Database\Migrations\Migrator->runUp('2015_10_18_2127...', 4, false)
#10 /var/www/html/cemcoErp/vendor/laravel/framework/src/Illuminate/Database/Migrations/Migrator.php(82): Illuminate\Database\Migrations\Migrator->runMigrationList(Array, false)
#11 /var/www/html/cemcoErp/vendor/laravel/framework/src/Illuminate/Database/Console/Migrations/MigrateCommand.php(73): Illuminate\Database\Migrations\Migrator->run('/var/www/html/c...', false)
#12 [internal function]: Illuminate\Database\Console\Migrations\MigrateCommand->fire()
#13 /var/www/html/cemcoErp/vendor/laravel/framework/src/Illuminate/Container/Container.php(526): call_user_func_array(Array, Array)
#14 /var/www/html/cemcoErp/vendor/laravel/framework/src/Illuminate/Console/Command.php(115): Illuminate\Container\Container->call(Array)
#15 /var/www/html/cemcoErp/vendor/symfony/console/Symfony/Component/Console/Command/Command.php(257): Illuminate\Console\Command->execute(Object(Symfony\Component\Console\Input\ArgvInput), Object(Symfony\Component\Console\Output\ConsoleOutput))
#16 /var/www/html/cemcoErp/vendor/laravel/framework/src/Illuminate/Console/Command.php(101): Symfony\Component\Console\Command\Command->run(Object(Symfony\Component\Console\Input\ArgvInput), Object(Symfony\Component\Console\Output\ConsoleOutput))
#17 /var/www/html/cemcoErp/vendor/symfony/console/Symfony/Component/Console/Application.php(874): Illuminate\Console\Command->run(Object(Symfony\Component\Console\Input\ArgvInput), Object(Symfony\Component\Console\Output\ConsoleOutput))
#18 /var/www/html/cemcoErp/vendor/symfony/console/Symfony/Component/Console/Application.php(195): Symfony\Component\Console\Application->doRunCommand(Object(Illuminate\Database\Console\Migrations\MigrateCommand), Object(Symfony\Component\Console\Input\ArgvInput), Object(Symfony\Component\Console\Output\ConsoleOutput))
#19 /var/www/html/cemcoErp/vendor/symfony/console/Symfony/Component/Console/Application.php(126): Symfony\Component\Console\Application->doRun(Object(Symfony\Component\Console\Input\ArgvInput), Object(Symfony\Component\Console\Output\ConsoleOutput))
#20 /var/www/html/cemcoErp/vendor/laravel/framework/src/Illuminate/Foundation/Console/Kernel.php(94): Symfony\Component\Console\Application->run(Object(Symfony\Component\Console\Input\ArgvInput), Object(Symfony\Component\Console\Output\ConsoleOutput))
#21 /var/www/html/cemcoErp/artisan(36): Illuminate\Foundation\Console\Kernel->handle(Object(Symfony\Component\Console\Input\ArgvInput), Object(Symfony\Component\Console\Output\ConsoleOutput))
#22 {main}  
[2020-04-12 15:59:25] local.ERROR: exception 'PDOException' with message 'SQLSTATE[42S21]: Column already exists: 1060 Duplicate column name 'invoice_id'' in /var/www/html/cemcoErp/vendor/laravel/framework/src/Illuminate/Database/Connection.php:362
Stack trace:
#0 /var/www/html/cemcoErp/vendor/laravel/framework/src/Illuminate/Database/Connection.php(362): PDOStatement->execute(Array)
#1 /var/www/html/cemcoErp/vendor/laravel/framework/src/Illuminate/Database/Connection.php(616): Illuminate\Database\Connection->Illuminate\Database\{closure}(Object(Illuminate\Database\MySqlConnection), 'alter table `sa...', Array)
#2 /var/www/html/cemcoErp/vendor/laravel/framework/src/Illuminate/Database/Connection.php(580): Illuminate\Database\Connection->runQueryCallback('alter table `sa...', Array, Object(Closure))
#3 /var/www/html/cemcoErp/vendor/laravel/framework/src/Illuminate/Database/Connection.php(363): Illuminate\Database\Connection->run('alter table `sa...', Array, Object(Closure))
#4 /var/www/html/cemcoErp/vendor/laravel/framework/src/Illuminate/Database/Schema/Blueprint.php(63): Illuminate\Database\Connection->statement('alter table `sa...')
#5 /var/www/html/cemcoErp/vendor/laravel/framework/src/Illuminate/Database/Schema/Builder.php(188): Illuminate\Database\Schema\Blueprint->build(Object(Illuminate\Database\MySqlConnection), Object(Illuminate\Database\Schema\Grammars\MySqlGrammar))
#6 /var/www/html/cemcoErp/vendor/laravel/framework/src/Illuminate/Database/Schema/Builder.php(113): Illuminate\Database\Schema\Builder->build(Object(Illuminate\Database\Schema\Blueprint))
#7 /var/www/html/cemcoErp/vendor/laravel/framework/src/Illuminate/Support/Facades/Facade.php(213): Illuminate\Database\Schema\Builder->table('sales', Object(Closure))
#8 /var/www/html/cemcoErp/database/migrations/2015_12_14_145533_drop_invoice_id_to_sales.php(17): Illuminate\Support\Facades\Facade::__callStatic('table', Array)
#9 /var/www/html/cemcoErp/database/migrations/2015_12_14_145533_drop_invoice_id_to_sales.php(17): Illuminate\Support\Facades\Schema::table('sales', Object(Closure))
#10 /var/www/html/cemcoErp/vendor/laravel/framework/src/Illuminate/Database/Migrations/Migrator.php(135): DropInvoiceIdToSales->up()
#11 /var/www/html/cemcoErp/vendor/laravel/framework/src/Illuminate/Database/Migrations/Migrator.php(111): Illuminate\Database\Migrations\Migrator->runUp('2015_12_14_1455...', 5, false)
#12 /var/www/html/cemcoErp/vendor/laravel/framework/src/Illuminate/Database/Migrations/Migrator.php(82): Illuminate\Database\Migrations\Migrator->runMigrationList(Array, false)
#13 /var/www/html/cemcoErp/vendor/laravel/framework/src/Illuminate/Database/Console/Migrations/MigrateCommand.php(73): Illuminate\Database\Migrations\Migrator->run('/var/www/html/c...', false)
#14 [internal function]: Illuminate\Database\Console\Migrations\MigrateCommand->fire()
#15 /var/www/html/cemcoErp/vendor/laravel/framework/src/Illuminate/Container/Container.php(526): call_user_func_array(Array, Array)
#16 /var/www/html/cemcoErp/vendor/laravel/framework/src/Illuminate/Console/Command.php(115): Illuminate\Container\Container->call(Array)
#17 /var/www/html/cemcoErp/vendor/symfony/console/Symfony/Component/Console/Command/Command.php(257): Illuminate\Console\Command->execute(Object(Symfony\Component\Console\Input\ArgvInput), Object(Symfony\Component\Console\Output\ConsoleOutput))
#18 /var/www/html/cemcoErp/vendor/laravel/framework/src/Illuminate/Console/Command.php(101): Symfony\Component\Console\Command\Command->run(Object(Symfony\Component\Console\Input\ArgvInput), Object(Symfony\Component\Console\Output\ConsoleOutput))
#19 /var/www/html/cemcoErp/vendor/symfony/console/Symfony/Component/Console/Application.php(874): Illuminate\Console\Command->run(Object(Symfony\Component\Console\Input\ArgvInput), Object(Symfony\Component\Console\Output\ConsoleOutput))
#20 /var/www/html/cemcoErp/vendor/symfony/console/Symfony/Component/Console/Application.php(195): Symfony\Component\Console\Application->doRunCommand(Object(Illuminate\Database\Console\Migrations\MigrateCommand), Object(Symfony\Component\Console\Input\ArgvInput), Object(Symfony\Component\Console\Output\ConsoleOutput))
#21 /var/www/html/cemcoErp/vendor/symfony/console/Symfony/Component/Console/Application.php(126): Symfony\Component\Console\Application->doRun(Object(Symfony\Component\Console\Input\ArgvInput), Object(Symfony\Component\Console\Output\ConsoleOutput))
#22 /var/www/html/cemcoErp/vendor/laravel/framework/src/Illuminate/Foundation/Console/Kernel.php(94): Symfony\Component\Console\Application->run(Object(Symfony\Component\Console\Input\ArgvInput), Object(Symfony\Component\Console\Output\ConsoleOutput))
#23 /var/www/html/cemcoErp/artisan(36): Illuminate\Foundation\Console\Kernel->handle(Object(Symfony\Component\Console\Input\ArgvInput), Object(Symfony\Component\Console\Output\ConsoleOutput))
#24 {main}

Next exception 'Illuminate\Database\QueryException' with message 'SQLSTATE[42S21]: Column already exists: 1060 Duplicate column name 'invoice_id' (SQL: alter table `sales` add `invoice_id` varchar(255) not null)' in /var/www/html/cemcoErp/vendor/laravel/framework/src/Illuminate/Database/Connection.php:624
Stack trace:
#0 /var/www/html/cemcoErp/vendor/laravel/framework/src/Illuminate/Database/Connection.php(580): Illuminate\Database\Connection->runQueryCallback('alter table `sa...', Array, Object(Closure))
#1 /var/www/html/cemcoErp/vendor/laravel/framework/src/Illuminate/Database/Connection.php(363): Illuminate\Database\Connection->run('alter table `sa...', Array, Object(Closure))
#2 /var/www/html/cemcoErp/vendor/laravel/framework/src/Illuminate/Database/Schema/Blueprint.php(63): Illuminate\Database\Connection->statement('alter table `sa...')
#3 /var/www/html/cemcoErp/vendor/laravel/framework/src/Illuminate/Database/Schema/Builder.php(188): Illuminate\Database\Schema\Blueprint->build(Object(Illuminate\Database\MySqlConnection), Object(Illuminate\Database\Schema\Grammars\MySqlGrammar))
#4 /var/www/html/cemcoErp/vendor/laravel/framework/src/Illuminate/Database/Schema/Builder.php(113): Illuminate\Database\Schema\Builder->build(Object(Illuminate\Database\Schema\Blueprint))
#5 /var/www/html/cemcoErp/vendor/laravel/framework/src/Illuminate/Support/Facades/Facade.php(213): Illuminate\Database\Schema\Builder->table('sales', Object(Closure))
#6 /var/www/html/cemcoErp/database/migrations/2015_12_14_145533_drop_invoice_id_to_sales.php(17): Illuminate\Support\Facades\Facade::__callStatic('table', Array)
#7 /var/www/html/cemcoErp/database/migrations/2015_12_14_145533_drop_invoice_id_to_sales.php(17): Illuminate\Support\Facades\Schema::table('sales', Object(Closure))
#8 /var/www/html/cemcoErp/vendor/laravel/framework/src/Illuminate/Database/Migrations/Migrator.php(135): DropInvoiceIdToSales->up()
#9 /var/www/html/cemcoErp/vendor/laravel/framework/src/Illuminate/Database/Migrations/Migrator.php(111): Illuminate\Database\Migrations\Migrator->runUp('2015_12_14_1455...', 5, false)
#10 /var/www/html/cemcoErp/vendor/laravel/framework/src/Illuminate/Database/Migrations/Migrator.php(82): Illuminate\Database\Migrations\Migrator->runMigrationList(Array, false)
#11 /var/www/html/cemcoErp/vendor/laravel/framework/src/Illuminate/Database/Console/Migrations/MigrateCommand.php(73): Illuminate\Database\Migrations\Migrator->run('/var/www/html/c...', false)
#12 [internal function]: Illuminate\Database\Console\Migrations\MigrateCommand->fire()
#13 /var/www/html/cemcoErp/vendor/laravel/framework/src/Illuminate/Container/Container.php(526): call_user_func_array(Array, Array)
#14 /var/www/html/cemcoErp/vendor/laravel/framework/src/Illuminate/Console/Command.php(115): Illuminate\Container\Container->call(Array)
#15 /var/www/html/cemcoErp/vendor/symfony/console/Symfony/Component/Console/Command/Command.php(257): Illuminate\Console\Command->execute(Object(Symfony\Component\Console\Input\ArgvInput), Object(Symfony\Component\Console\Output\ConsoleOutput))
#16 /var/www/html/cemcoErp/vendor/laravel/framework/src/Illuminate/Console/Command.php(101): Symfony\Component\Console\Command\Command->run(Object(Symfony\Component\Console\Input\ArgvInput), Object(Symfony\Component\Console\Output\ConsoleOutput))
#17 /var/www/html/cemcoErp/vendor/symfony/console/Symfony/Component/Console/Application.php(874): Illuminate\Console\Command->run(Object(Symfony\Component\Console\Input\ArgvInput), Object(Symfony\Component\Console\Output\ConsoleOutput))
#18 /var/www/html/cemcoErp/vendor/symfony/console/Symfony/Component/Console/Application.php(195): Symfony\Component\Console\Application->doRunCommand(Object(Illuminate\Database\Console\Migrations\MigrateCommand), Object(Symfony\Component\Console\Input\ArgvInput), Object(Symfony\Component\Console\Output\ConsoleOutput))
#19 /var/www/html/cemcoErp/vendor/symfony/console/Symfony/Component/Console/Application.php(126): Symfony\Component\Console\Application->doRun(Object(Symfony\Component\Console\Input\ArgvInput), Object(Symfony\Component\Console\Output\ConsoleOutput))
#20 /var/www/html/cemcoErp/vendor/laravel/framework/src/Illuminate/Foundation/Console/Kernel.php(94): Symfony\Component\Console\Application->run(Object(Symfony\Component\Console\Input\ArgvInput), Object(Symfony\Component\Console\Output\ConsoleOutput))
#21 /var/www/html/cemcoErp/artisan(36): Illuminate\Foundation\Console\Kernel->handle(Object(Symfony\Component\Console\Input\ArgvInput), Object(Symfony\Component\Console\Output\ConsoleOutput))
#22 {main}  
[2020-04-12 16:04:37] local.ERROR: exception 'Symfony\Component\Debug\Exception\FatalErrorException' with message 'Class 'Doctrine\DBAL\Driver\PDOMySql\Driver' not found' in /var/www/html/cemcoErp/vendor/laravel/framework/src/Illuminate/Database/MySqlConnection.php:60
Stack trace:
#0 {main}  
[2020-04-12 16:07:16] local.ERROR: exception 'Symfony\Component\Debug\Exception\FatalErrorException' with message 'Class 'Doctrine\DBAL\Driver\PDOMySql\Driver' not found' in /var/www/html/cemcoErp/vendor/laravel/framework/src/Illuminate/Database/MySqlConnection.php:60
Stack trace:
#0 {main}  
[2020-04-12 16:10:34] local.ERROR: exception 'PDOException' with message 'SQLSTATE[42S21]: Column already exists: 1060 Duplicate column name 'invoice_id'' in /var/www/html/cemcoErp/vendor/laravel/framework/src/Illuminate/Database/Connection.php:362
Stack trace:
#0 /var/www/html/cemcoErp/vendor/laravel/framework/src/Illuminate/Database/Connection.php(362): PDOStatement->execute(Array)
#1 /var/www/html/cemcoErp/vendor/laravel/framework/src/Illuminate/Database/Connection.php(616): Illuminate\Database\Connection->Illuminate\Database\{closure}(Object(Illuminate\Database\MySqlConnection), 'alter table `pu...', Array)
#2 /var/www/html/cemcoErp/vendor/laravel/framework/src/Illuminate/Database/Connection.php(580): Illuminate\Database\Connection->runQueryCallback('alter table `pu...', Array, Object(Closure))
#3 /var/www/html/cemcoErp/vendor/laravel/framework/src/Illuminate/Database/Connection.php(363): Illuminate\Database\Connection->run('alter table `pu...', Array, Object(Closure))
#4 /var/www/html/cemcoErp/vendor/laravel/framework/src/Illuminate/Database/Schema/Blueprint.php(63): Illuminate\Database\Connection->statement('alter table `pu...')
#5 /var/www/html/cemcoErp/vendor/laravel/framework/src/Illuminate/Database/Schema/Builder.php(188): Illuminate\Database\Schema\Blueprint->build(Object(Illuminate\Database\MySqlConnection), Object(Illuminate\Database\Schema\Grammars\MySqlGrammar))
#6 /var/www/html/cemcoErp/vendor/laravel/framework/src/Illuminate/Database/Schema/Builder.php(113): Illuminate\Database\Schema\Builder->build(Object(Illuminate\Database\Schema\Blueprint))
#7 /var/www/html/cemcoErp/vendor/laravel/framework/src/Illuminate/Support/Facades/Facade.php(213): Illuminate\Database\Schema\Builder->table('purchase_invoic...', Object(Closure))
#8 /var/www/html/cemcoErp/database/migrations/2015_12_14_150455_drop_invoice_id_to_purchase_invoices.php(17): Illuminate\Support\Facades\Facade::__callStatic('table', Array)
#9 /var/www/html/cemcoErp/database/migrations/2015_12_14_150455_drop_invoice_id_to_purchase_invoices.php(17): Illuminate\Support\Facades\Schema::table('purchase_invoic...', Object(Closure))
#10 /var/www/html/cemcoErp/vendor/laravel/framework/src/Illuminate/Database/Migrations/Migrator.php(135): DropInvoiceIdToPurchaseInvoices->up()
#11 /var/www/html/cemcoErp/vendor/laravel/framework/src/Illuminate/Database/Migrations/Migrator.php(111): Illuminate\Database\Migrations\Migrator->runUp('2015_12_14_1504...', 6, false)
#12 /var/www/html/cemcoErp/vendor/laravel/framework/src/Illuminate/Database/Migrations/Migrator.php(82): Illuminate\Database\Migrations\Migrator->runMigrationList(Array, false)
#13 /var/www/html/cemcoErp/vendor/laravel/framework/src/Illuminate/Database/Console/Migrations/MigrateCommand.php(73): Illuminate\Database\Migrations\Migrator->run('/var/www/html/c...', false)
#14 [internal function]: Illuminate\Database\Console\Migrations\MigrateCommand->fire()
#15 /var/www/html/cemcoErp/vendor/laravel/framework/src/Illuminate/Container/Container.php(526): call_user_func_array(Array, Array)
#16 /var/www/html/cemcoErp/vendor/laravel/framework/src/Illuminate/Console/Command.php(115): Illuminate\Container\Container->call(Array)
#17 /var/www/html/cemcoErp/vendor/symfony/console/Symfony/Component/Console/Command/Command.php(257): Illuminate\Console\Command->execute(Object(Symfony\Component\Console\Input\ArgvInput), Object(Symfony\Component\Console\Output\ConsoleOutput))
#18 /var/www/html/cemcoErp/vendor/laravel/framework/src/Illuminate/Console/Command.php(101): Symfony\Component\Console\Command\Command->run(Object(Symfony\Component\Console\Input\ArgvInput), Object(Symfony\Component\Console\Output\ConsoleOutput))
#19 /var/www/html/cemcoErp/vendor/symfony/console/Symfony/Component/Console/Application.php(874): Illuminate\Console\Command->run(Object(Symfony\Component\Console\Input\ArgvInput), Object(Symfony\Component\Console\Output\ConsoleOutput))
#20 /var/www/html/cemcoErp/vendor/symfony/console/Symfony/Component/Console/Application.php(195): Symfony\Component\Console\Application->doRunCommand(Object(Illuminate\Database\Console\Migrations\MigrateCommand), Object(Symfony\Component\Console\Input\ArgvInput), Object(Symfony\Component\Console\Output\ConsoleOutput))
#21 /var/www/html/cemcoErp/vendor/symfony/console/Symfony/Component/Console/Application.php(126): Symfony\Component\Console\Application->doRun(Object(Symfony\Component\Console\Input\ArgvInput), Object(Symfony\Component\Console\Output\ConsoleOutput))
#22 /var/www/html/cemcoErp/vendor/laravel/framework/src/Illuminate/Foundation/Console/Kernel.php(94): Symfony\Component\Console\Application->run(Object(Symfony\Component\Console\Input\ArgvInput), Object(Symfony\Component\Console\Output\ConsoleOutput))
#23 /var/www/html/cemcoErp/artisan(36): Illuminate\Foundation\Console\Kernel->handle(Object(Symfony\Component\Console\Input\ArgvInput), Object(Symfony\Component\Console\Output\ConsoleOutput))
#24 {main}

Next exception 'Illuminate\Database\QueryException' with message 'SQLSTATE[42S21]: Column already exists: 1060 Duplicate column name 'invoice_id' (SQL: alter table `purchase_invoices` add `invoice_id` varchar(255) not null)' in /var/www/html/cemcoErp/vendor/laravel/framework/src/Illuminate/Database/Connection.php:624
Stack trace:
#0 /var/www/html/cemcoErp/vendor/laravel/framework/src/Illuminate/Database/Connection.php(580): Illuminate\Database\Connection->runQueryCallback('alter table `pu...', Array, Object(Closure))
#1 /var/www/html/cemcoErp/vendor/laravel/framework/src/Illuminate/Database/Connection.php(363): Illuminate\Database\Connection->run('alter table `pu...', Array, Object(Closure))
#2 /var/www/html/cemcoErp/vendor/laravel/framework/src/Illuminate/Database/Schema/Blueprint.php(63): Illuminate\Database\Connection->statement('alter table `pu...')
#3 /var/www/html/cemcoErp/vendor/laravel/framework/src/Illuminate/Database/Schema/Builder.php(188): Illuminate\Database\Schema\Blueprint->build(Object(Illuminate\Database\MySqlConnection), Object(Illuminate\Database\Schema\Grammars\MySqlGrammar))
#4 /var/www/html/cemcoErp/vendor/laravel/framework/src/Illuminate/Database/Schema/Builder.php(113): Illuminate\Database\Schema\Builder->build(Object(Illuminate\Database\Schema\Blueprint))
#5 /var/www/html/cemcoErp/vendor/laravel/framework/src/Illuminate/Support/Facades/Facade.php(213): Illuminate\Database\Schema\Builder->table('purchase_invoic...', Object(Closure))
#6 /var/www/html/cemcoErp/database/migrations/2015_12_14_150455_drop_invoice_id_to_purchase_invoices.php(17): Illuminate\Support\Facades\Facade::__callStatic('table', Array)
#7 /var/www/html/cemcoErp/database/migrations/2015_12_14_150455_drop_invoice_id_to_purchase_invoices.php(17): Illuminate\Support\Facades\Schema::table('purchase_invoic...', Object(Closure))
#8 /var/www/html/cemcoErp/vendor/laravel/framework/src/Illuminate/Database/Migrations/Migrator.php(135): DropInvoiceIdToPurchaseInvoices->up()
#9 /var/www/html/cemcoErp/vendor/laravel/framework/src/Illuminate/Database/Migrations/Migrator.php(111): Illuminate\Database\Migrations\Migrator->runUp('2015_12_14_1504...', 6, false)
#10 /var/www/html/cemcoErp/vendor/laravel/framework/src/Illuminate/Database/Migrations/Migrator.php(82): Illuminate\Database\Migrations\Migrator->runMigrationList(Array, false)
#11 /var/www/html/cemcoErp/vendor/laravel/framework/src/Illuminate/Database/Console/Migrations/MigrateCommand.php(73): Illuminate\Database\Migrations\Migrator->run('/var/www/html/c...', false)
#12 [internal function]: Illuminate\Database\Console\Migrations\MigrateCommand->fire()
#13 /var/www/html/cemcoErp/vendor/laravel/framework/src/Illuminate/Container/Container.php(526): call_user_func_array(Array, Array)
#14 /var/www/html/cemcoErp/vendor/laravel/framework/src/Illuminate/Console/Command.php(115): Illuminate\Container\Container->call(Array)
#15 /var/www/html/cemcoErp/vendor/symfony/console/Symfony/Component/Console/Command/Command.php(257): Illuminate\Console\Command->execute(Object(Symfony\Component\Console\Input\ArgvInput), Object(Symfony\Component\Console\Output\ConsoleOutput))
#16 /var/www/html/cemcoErp/vendor/laravel/framework/src/Illuminate/Console/Command.php(101): Symfony\Component\Console\Command\Command->run(Object(Symfony\Component\Console\Input\ArgvInput), Object(Symfony\Component\Console\Output\ConsoleOutput))
#17 /var/www/html/cemcoErp/vendor/symfony/console/Symfony/Component/Console/Application.php(874): Illuminate\Console\Command->run(Object(Symfony\Component\Console\Input\ArgvInput), Object(Symfony\Component\Console\Output\ConsoleOutput))
#18 /var/www/html/cemcoErp/vendor/symfony/console/Symfony/Component/Console/Application.php(195): Symfony\Component\Console\Application->doRunCommand(Object(Illuminate\Database\Console\Migrations\MigrateCommand), Object(Symfony\Component\Console\Input\ArgvInput), Object(Symfony\Component\Console\Output\ConsoleOutput))
#19 /var/www/html/cemcoErp/vendor/symfony/console/Symfony/Component/Console/Application.php(126): Symfony\Component\Console\Application->doRun(Object(Symfony\Component\Console\Input\ArgvInput), Object(Symfony\Component\Console\Output\ConsoleOutput))
#20 /var/www/html/cemcoErp/vendor/laravel/framework/src/Illuminate/Foundation/Console/Kernel.php(94): Symfony\Component\Console\Application->run(Object(Symfony\Component\Console\Input\ArgvInput), Object(Symfony\Component\Console\Output\ConsoleOutput))
#21 /var/www/html/cemcoErp/artisan(36): Illuminate\Foundation\Console\Kernel->handle(Object(Symfony\Component\Console\Input\ArgvInput), Object(Symfony\Component\Console\Output\ConsoleOutput))
#22 {main}  
[2020-04-12 16:39:32] local.ERROR: exception 'InvalidArgumentException' with message 'There are no commands defined in the "scahe" namespace.' in /var/www/html/cemcoErp/vendor/symfony/console/Symfony/Component/Console/Application.php:501
Stack trace:
#0 /var/www/html/cemcoErp/vendor/symfony/console/Symfony/Component/Console/Application.php(535): Symfony\Component\Console\Application->findNamespace('scahe')
#1 /var/www/html/cemcoErp/vendor/symfony/console/Symfony/Component/Console/Application.php(192): Symfony\Component\Console\Application->find('scahe:clear')
#2 /var/www/html/cemcoErp/vendor/symfony/console/Symfony/Component/Console/Application.php(126): Symfony\Component\Console\Application->doRun(Object(Symfony\Component\Console\Input\ArgvInput), Object(Symfony\Component\Console\Output\ConsoleOutput))
#3 /var/www/html/cemcoErp/vendor/laravel/framework/src/Illuminate/Foundation/Console/Kernel.php(94): Symfony\Component\Console\Application->run(Object(Symfony\Component\Console\Input\ArgvInput), Object(Symfony\Component\Console\Output\ConsoleOutput))
#4 /var/www/html/cemcoErp/artisan(36): Illuminate\Foundation\Console\Kernel->handle(Object(Symfony\Component\Console\Input\ArgvInput), Object(Symfony\Component\Console\Output\ConsoleOutput))
#5 {main}  
[2020-04-12 16:50:19] local.ERROR: exception 'Illuminate\Session\TokenMismatchException' in /var/www/html/cemcoErp/vendor/laravel/framework/src/Illuminate/Foundation/Http/Middleware/VerifyCsrfToken.php:46
Stack trace:
#0 /var/www/html/cemcoErp/app/Http/Middleware/VerifyCsrfToken.php(17): Illuminate\Foundation\Http\Middleware\VerifyCsrfToken->handle(Object(Illuminate\Http\Request), Object(Closure))
#1 /var/www/html/cemcoErp/vendor/laravel/framework/src/Illuminate/Pipeline/Pipeline.php(125): App\Http\Middleware\VerifyCsrfToken->handle(Object(Illuminate\Http\Request), Object(Closure))
#2 /var/www/html/cemcoErp/vendor/laravel/framework/src/Illuminate/View/Middleware/ShareErrorsFromSession.php(55): Illuminate\Pipeline\Pipeline->Illuminate\Pipeline\{closure}(Object(Illuminate\Http\Request))
#3 /var/www/html/cemcoErp/vendor/laravel/framework/src/Illuminate/Pipeline/Pipeline.php(125): Illuminate\View\Middleware\ShareErrorsFromSession->handle(Object(Illuminate\Http\Request), Object(Closure))
#4 /var/www/html/cemcoErp/vendor/laravel/framework/src/Illuminate/Session/Middleware/StartSession.php(61): Illuminate\Pipeline\Pipeline->Illuminate\Pipeline\{closure}(Object(Illuminate\Http\Request))
#5 /var/www/html/cemcoErp/vendor/laravel/framework/src/Illuminate/Pipeline/Pipeline.php(125): Illuminate\Session\Middleware\StartSession->handle(Object(Illuminate\Http\Request), Object(Closure))
#6 /var/www/html/cemcoErp/vendor/laravel/framework/src/Illuminate/Cookie/Middleware/AddQueuedCookiesToResponse.php(36): Illuminate\Pipeline\Pipeline->Illuminate\Pipeline\{closure}(Object(Illuminate\Http\Request))
#7 /var/www/html/cemcoErp/vendor/laravel/framework/src/Illuminate/Pipeline/Pipeline.php(125): Illuminate\Cookie\Middleware\AddQueuedCookiesToResponse->handle(Object(Illuminate\Http\Request), Object(Closure))
#8 /var/www/html/cemcoErp/vendor/laravel/framework/src/Illuminate/Cookie/Middleware/EncryptCookies.php(40): Illuminate\Pipeline\Pipeline->Illuminate\Pipeline\{closure}(Object(Illuminate\Http\Request))
#9 /var/www/html/cemcoErp/vendor/laravel/framework/src/Illuminate/Pipeline/Pipeline.php(125): Illuminate\Cookie\Middleware\EncryptCookies->handle(Object(Illuminate\Http\Request), Object(Closure))
#10 /var/www/html/cemcoErp/vendor/laravel/framework/src/Illuminate/Foundation/Http/Middleware/CheckForMaintenanceMode.php(42): Illuminate\Pipeline\Pipeline->Illuminate\Pipeline\{closure}(Object(Illuminate\Http\Request))
#11 /var/www/html/cemcoErp/vendor/laravel/framework/src/Illuminate/Pipeline/Pipeline.php(125): Illuminate\Foundation\Http\Middleware\CheckForMaintenanceMode->handle(Object(Illuminate\Http\Request), Object(Closure))
#12 [internal function]: Illuminate\Pipeline\Pipeline->Illuminate\Pipeline\{closure}(Object(Illuminate\Http\Request))
#13 /var/www/html/cemcoErp/vendor/laravel/framework/src/Illuminate/Pipeline/Pipeline.php(101): call_user_func(Object(Closure), Object(Illuminate\Http\Request))
#14 /var/www/html/cemcoErp/vendor/laravel/framework/src/Illuminate/Foundation/Http/Kernel.php(115): Illuminate\Pipeline\Pipeline->then(Object(Closure))
#15 /var/www/html/cemcoErp/vendor/laravel/framework/src/Illuminate/Foundation/Http/Kernel.php(84): Illuminate\Foundation\Http\Kernel->sendRequestThroughRouter(Object(Illuminate\Http\Request))
#16 /var/www/html/cemcoErp/public/index.php(53): Illuminate\Foundation\Http\Kernel->handle(Object(Illuminate\Http\Request))
#17 /var/www/html/cemcoErp/server.php(21): require_once('/var/www/html/c...')
#18 {main}  
